# JRE version: Java(TM) SE Runtime Environment (8.0_241-b07) (build 1.8.0_241-b07)
# Java VM: Java HotSpot(TM) 64-Bit Server VM (25.241-b07 mixed mode windows-amd64 compressed oops)
Heap:
 PSYoungGen      total 102400K, used 24229K [0x00000000d6100000, 0x00000000dff80000, 0x0000000100000000)
  eden space 84480K, 7% used [0x00000000d6100000,0x00000000d672f320,0x00000000db380000)
  from space 17920K, 99% used [0x00000000dee00000,0x00000000dff7a490,0x00000000dff80000)
  to   space 15360K, 0% used [0x00000000db380000,0x00000000db380000,0x00000000dc280000)
 ParOldGen       total 95232K, used 27989K [0x0000000082200000, 0x0000000087f00000, 0x00000000d6100000)
  object space 95232K, 29% used [0x0000000082200000,0x0000000083d55468,0x0000000087f00000)
 Metaspace       used 45874K, capacity 47702K, committed 47872K, reserved 1091584K
  class space    used 6216K, capacity 6558K, committed 6656K, reserved 1048576K
GC Heap History (10 events):
Event: 8.950 GC heap before
{Heap before GC invocations=10 (full 2):
 PSYoungGen      total 61440K, used 54549K [0x00000000d6100000, 0x00000000dbe00000, 0x0000000100000000)
  eden space 50688K, 99% used [0x00000000d6100000,0x00000000d92623e8,0x00000000d9280000)
  from space 10752K, 37% used [0x00000000d9280000,0x00000000d9663298,0x00000000d9d00000)
  to   space 10752K, 0% used [0x00000000db380000,0x00000000db380000,0x00000000dbe00000)
 ParOldGen       total 95232K, used 17469K [0x0000000082200000, 0x0000000087f00000, 0x00000000d6100000)
  object space 95232K, 18% used [0x0000000082200000,0x000000008330f4b0,0x0000000087f00000)
 Metaspace       used 41674K, capacity 43078K, committed 43264K, reserved 1087488K
  class space    used 5728K, capacity 6028K, committed 6144K, reserved 1048576K
Event: 8.958 GC heap after
Heap after GC invocations=10 (full 2):
 PSYoungGen      total 81408K, used 9895K [0x00000000d6100000, 0x00000000dbd80000, 0x0000000100000000)
  eden space 71168K, 0% used [0x00000000d6100000,0x00000000d6100000,0x00000000da680000)
  from space 10240K, 96% used [0x00000000db380000,0x00000000dbd29c90,0x00000000dbd80000)
  to   space 11776K, 0% used [0x00000000da680000,0x00000000da680000,0x00000000db200000)
 ParOldGen       total 95232K, used 17477K [0x0000000082200000, 0x0000000087f00000, 0x00000000d6100000)
  object space 95232K, 18% used [0x0000000082200000,0x00000000833114b0,0x0000000087f00000)
 Metaspace       used 41674K, capacity 43078K, committed 43264K, reserved 1087488K
  class space    used 5728K, capacity 6028K, committed 6144K, reserved 1048576K
}
Event: 28.040 GC heap before
{Heap before GC invocations=11 (full 2):
 PSYoungGen      total 81408K, used 81063K [0x00000000d6100000, 0x00000000dbd80000, 0x0000000100000000)
  eden space 71168K, 100% used [0x00000000d6100000,0x00000000da680000,0x00000000da680000)
  from space 10240K, 96% used [0x00000000db380000,0x00000000dbd29c90,0x00000000dbd80000)
  to   space 11776K, 0% used [0x00000000da680000,0x00000000da680000,0x00000000db200000)
 ParOldGen       total 95232K, used 17477K [0x0000000082200000, 0x0000000087f00000, 0x00000000d6100000)
  object space 95232K, 18% used [0x0000000082200000,0x00000000833114b0,0x0000000087f00000)
 Metaspace       used 43243K, capacity 44692K, committed 44800K, reserved 1087488K
  class space    used 5863K, capacity 6133K, committed 6144K, reserved 1048576K
Event: 28.049 GC heap after
Heap after GC invocations=11 (full 2):
 PSYoungGen      total 82944K, used 11761K [0x00000000d6100000, 0x00000000dd000000, 0x0000000100000000)
  eden space 71168K, 0% used [0x00000000d6100000,0x00000000d6100000,0x00000000da680000)
  from space 11776K, 99% used [0x00000000da680000,0x00000000db1fc4a0,0x00000000db200000)
  to   space 13824K, 0% used [0x00000000dc280000,0x00000000dc280000,0x00000000dd000000)
 ParOldGen       total 95232K, used 18978K [0x0000000082200000, 0x0000000087f00000, 0x00000000d6100000)
  object space 95232K, 19% used [0x0000000082200000,0x0000000083488998,0x0000000087f00000)
 Metaspace       used 43243K, capacity 44692K, committed 44800K, reserved 1087488K
  class space    used 5863K, capacity 6133K, committed 6144K, reserved 1048576K
}
Event: 28.108 GC heap before
{Heap before GC invocations=12 (full 2):
 PSYoungGen      total 82944K, used 82929K [0x00000000d6100000, 0x00000000dd000000, 0x0000000100000000)
  eden space 71168K, 100% used [0x00000000d6100000,0x00000000da680000,0x00000000da680000)
  from space 11776K, 99% used [0x00000000da680000,0x00000000db1fc4a0,0x00000000db200000)
  to   space 13824K, 0% used [0x00000000dc280000,0x00000000dc280000,0x00000000dd000000)
 ParOldGen       total 95232K, used 18978K [0x0000000082200000, 0x0000000087f00000, 0x00000000d6100000)
  object space 95232K, 19% used [0x0000000082200000,0x0000000083488998,0x0000000087f00000)
 Metaspace       used 43243K, capacity 44692K, committed 44800K, reserved 1087488K
  class space    used 5863K, capacity 6133K, committed 6144K, reserved 1048576K
Event: 28.117 GC heap after
Heap after GC invocations=12 (full 2):
 PSYoungGen      total 98304K, used 13804K [0x00000000d6100000, 0x00000000de400000, 0x0000000100000000)
  eden space 84480K, 0% used [0x00000000d6100000,0x00000000d6100000,0x00000000db380000)
  from space 13824K, 99% used [0x00000000dc280000,0x00000000dcffb260,0x00000000dd000000)
  to   space 15360K, 0% used [0x00000000db380000,0x00000000db380000,0x00000000dc280000)
 ParOldGen       total 95232K, used 19090K [0x0000000082200000, 0x0000000087f00000, 0x00000000d6100000)
  object space 95232K, 20% used [0x0000000082200000,0x00000000834a4998,0x0000000087f00000)
 Metaspace       used 43243K, capacity 44692K, committed 44800K, reserved 1087488K
  class space    used 5863K, capacity 6133K, committed 6144K, reserved 1048576K
}
Event: 28.183 GC heap before
{Heap before GC invocations=13 (full 2):
 PSYoungGen      total 98304K, used 98284K [0x00000000d6100000, 0x00000000de400000, 0x0000000100000000)
  eden space 84480K, 100% used [0x00000000d6100000,0x00000000db380000,0x00000000db380000)
  from space 13824K, 99% used [0x00000000dc280000,0x00000000dcffb260,0x00000000dd000000)
  to   space 15360K, 0% used [0x00000000db380000,0x00000000db380000,0x00000000dc280000)
 ParOldGen       total 95232K, used 19090K [0x0000000082200000, 0x0000000087f00000, 0x00000000d6100000)
  object space 95232K, 20% used [0x0000000082200000,0x00000000834a4998,0x0000000087f00000)
 Metaspace       used 43251K, capacity 44692K, committed 44800K, reserved 1087488K
  class space    used 5863K, capacity 6133K, committed 6144K, reserved 1048576K
Event: 28.194 GC heap after
Heap after GC invocations=13 (full 2):
 PSYoungGen      total 99840K, used 15338K [0x00000000d6100000, 0x00000000dff80000, 0x0000000100000000)
  eden space 84480K, 0% used [0x00000000d6100000,0x00000000d6100000,0x00000000db380000)
  from space 15360K, 99% used [0x00000000db380000,0x00000000dc27a898,0x00000000dc280000)
  to   space 17920K, 0% used [0x00000000dee00000,0x00000000dee00000,0x00000000dff80000)
 ParOldGen       total 95232K, used 20274K [0x0000000082200000, 0x0000000087f00000, 0x00000000d6100000)
  object space 95232K, 21% used [0x0000000082200000,0x00000000835cc998,0x0000000087f00000)
 Metaspace       used 43251K, capacity 44692K, committed 44800K, reserved 1087488K
  class space    used 5863K, capacity 6133K, committed 6144K, reserved 1048576K
}
Event: 30.794 GC heap before
{Heap before GC invocations=14 (full 2):
 PSYoungGen      total 99840K, used 99818K [0x00000000d6100000, 0x00000000dff80000, 0x0000000100000000)
  eden space 84480K, 100% used [0x00000000d6100000,0x00000000db380000,0x00000000db380000)
  from space 15360K, 99% used [0x00000000db380000,0x00000000dc27a898,0x00000000dc280000)
  to   space 17920K, 0% used [0x00000000dee00000,0x00000000dee00000,0x00000000dff80000)
 ParOldGen       total 95232K, used 20274K [0x0000000082200000, 0x0000000087f00000, 0x00000000d6100000)
  object space 95232K, 21% used [0x0000000082200000,0x00000000835cc998,0x0000000087f00000)
 Metaspace       used 45840K, capacity 47638K, committed 47872K, reserved 1091584K
  class space    used 6213K, capacity 6558K, committed 6656K, reserved 1048576K
Event: 30.810 GC heap after
Heap after GC invocations=14 (full 2):
 PSYoungGen      total 102400K, used 17897K [0x00000000d6100000, 0x00000000dff80000, 0x0000000100000000)
  eden space 84480K, 0% used [0x00000000d6100000,0x00000000d6100000,0x00000000db380000)
  from space 17920K, 99% used [0x00000000dee00000,0x00000000dff7a490,0x00000000dff80000)
  to   space 15360K, 0% used [0x00000000db380000,0x00000000db380000,0x00000000dc280000)
 ParOldGen       total 95232K, used 27989K [0x0000000082200000, 0x0000000087f00000, 0x00000000d6100000)
  object space 95232K, 29% used [0x0000000082200000,0x0000000083d55468,0x0000000087f00000)
 Metaspace       used 45840K, capacity 47638K, committed 47872K, reserved 1091584K
  class space    used 6213K, capacity 6558K, committed 6656K, reserved 1048576K
}

