# JRE version: Java(TM) SE Runtime Environment (8.0_191-b12) (build 1.8.0_191-b12)
# Java VM: Java HotSpot(TM) 64-Bit Server VM (25.191-b12 mixed mode windows-amd64 compressed oops)
Heap:
 PSYoungGen      total 579584K, used 62209K [0x00000000d6100000, 0x00000000ffe00000, 0x0000000100000000)
  eden space 578560K, 10% used [0x00000000d6100000,0x00000000d9ccce18,0x00000000f9600000)
  from space 1024K, 95% used [0x00000000f9600000,0x00000000f96f3888,0x00000000f9700000)
  to   space 53248K, 0% used [0x00000000fca00000,0x00000000fca00000,0x00000000ffe00000)
 ParOldGen       total 511488K, used 245546K [0x0000000082200000, 0x00000000a1580000, 0x00000000d6100000)
  object space 511488K, 48% used [0x0000000082200000,0x00000000911ca818,0x00000000a1580000)
 Metaspace       used 27292K, capacity 28824K, committed 29056K, reserved 1075200K
  class space    used 3572K, capacity 3878K, committed 3968K, reserved 1048576K
GC Heap History (10 events):
Event: 199.503 GC heap before
{Heap before GC invocations=29 (full 7):
 PSYoungGen      total 551936K, used 4523K [0x00000000d6100000, 0x00000000fb700000, 0x0000000100000000)
  eden space 524288K, 0% used [0x00000000d6100000,0x00000000d6100000,0x00000000f6100000)
  from space 27648K, 16% used [0x00000000f7b00000,0x00000000f7f6ad00,0x00000000f9600000)
  to   space 26624K, 0% used [0x00000000f6100000,0x00000000f6100000,0x00000000f7b00000)
 ParOldGen       total 327168K, used 245233K [0x0000000082200000, 0x0000000096180000, 0x00000000d6100000)
  object space 327168K, 74% used [0x0000000082200000,0x000000009117c710,0x0000000096180000)
 Metaspace       used 27244K, capacity 28754K, committed 29056K, reserved 1075200K
  class space    used 3572K, capacity 3877K, committed 3968K, reserved 1048576K
Event: 199.529 GC heap after
Heap after GC invocations=29 (full 7):
 PSYoungGen      total 551936K, used 0K [0x00000000d6100000, 0x00000000fb700000, 0x0000000100000000)
  eden space 524288K, 0% used [0x00000000d6100000,0x00000000d6100000,0x00000000f6100000)
  from space 27648K, 0% used [0x00000000f7b00000,0x00000000f7b00000,0x00000000f9600000)
  to   space 26624K, 0% used [0x00000000f6100000,0x00000000f6100000,0x00000000f7b00000)
 ParOldGen       total 462336K, used 139174K [0x0000000082200000, 0x000000009e580000, 0x00000000d6100000)
  object space 462336K, 30% used [0x0000000082200000,0x000000008a9e9ac0,0x000000009e580000)
 Metaspace       used 27244K, capacity 28754K, committed 29056K, reserved 1075200K
  class space    used 3572K, capacity 3877K, committed 3968K, reserved 1048576K
}
Event: 212.310 GC heap before
{Heap before GC invocations=30 (full 7):
 PSYoungGen      total 551936K, used 457715K [0x00000000d6100000, 0x00000000fb700000, 0x0000000100000000)
  eden space 524288K, 87% used [0x00000000d6100000,0x00000000f1ffced0,0x00000000f6100000)
  from space 27648K, 0% used [0x00000000f7b00000,0x00000000f7b00000,0x00000000f9600000)
  to   space 26624K, 0% used [0x00000000f6100000,0x00000000f6100000,0x00000000f7b00000)
 ParOldGen       total 462336K, used 139174K [0x0000000082200000, 0x000000009e580000, 0x00000000d6100000)
  object space 462336K, 30% used [0x0000000082200000,0x000000008a9e9ac0,0x000000009e580000)
 Metaspace       used 27275K, capacity 28824K, committed 29056K, reserved 1075200K
  class space    used 3572K, capacity 3878K, committed 3968K, reserved 1048576K
Event: 212.323 GC heap after
Heap after GC invocations=30 (full 7):
 PSYoungGen      total 550912K, used 26603K [0x00000000d6100000, 0x0000000100000000, 0x0000000100000000)
  eden space 524288K, 0% used [0x00000000d6100000,0x00000000d6100000,0x00000000f6100000)
  from space 26624K, 99% used [0x00000000f6100000,0x00000000f7afaf88,0x00000000f7b00000)
  to   space 54272K, 0% used [0x00000000fcb00000,0x00000000fcb00000,0x0000000100000000)
 ParOldGen       total 462336K, used 200185K [0x0000000082200000, 0x000000009e580000, 0x00000000d6100000)
  object space 462336K, 43% used [0x0000000082200000,0x000000008e57e538,0x000000009e580000)
 Metaspace       used 27275K, capacity 28824K, committed 29056K, reserved 1075200K
  class space    used 3572K, capacity 3878K, committed 3968K, reserved 1048576K
}
Event: 212.519 GC heap before
{Heap before GC invocations=31 (full 7):
 PSYoungGen      total 550912K, used 477958K [0x00000000d6100000, 0x0000000100000000, 0x0000000100000000)
  eden space 524288K, 86% used [0x00000000d6100000,0x00000000f19c6880,0x00000000f6100000)
  from space 26624K, 99% used [0x00000000f6100000,0x00000000f7afaf88,0x00000000f7b00000)
  to   space 54272K, 0% used [0x00000000fcb00000,0x00000000fcb00000,0x0000000100000000)
 ParOldGen       total 462336K, used 200185K [0x0000000082200000, 0x000000009e580000, 0x00000000d6100000)
  object space 462336K, 43% used [0x0000000082200000,0x000000008e57e538,0x000000009e580000)
 Metaspace       used 27275K, capacity 28824K, committed 29056K, reserved 1075200K
  class space    used 3572K, capacity 3878K, committed 3968K, reserved 1048576K
Event: 212.550 GC heap after
Heap after GC invocations=31 (full 7):
 PSYoungGen      total 632832K, used 26629K [0x00000000d6100000, 0x0000000100000000, 0x0000000100000000)
  eden space 578560K, 0% used [0x00000000d6100000,0x00000000d6100000,0x00000000f9600000)
  from space 54272K, 49% used [0x00000000fcb00000,0x00000000fe5014c8,0x0000000100000000)
  to   space 54272K, 0% used [0x00000000f9600000,0x00000000f9600000,0x00000000fcb00000)
 ParOldGen       total 462336K, used 365914K [0x0000000082200000, 0x000000009e580000, 0x00000000d6100000)
  object space 462336K, 79% used [0x0000000082200000,0x0000000098756bb8,0x000000009e580000)
 Metaspace       used 27275K, capacity 28824K, committed 29056K, reserved 1075200K
  class space    used 3572K, capacity 3878K, committed 3968K, reserved 1048576K
}
Event: 212.550 GC heap before
{Heap before GC invocations=32 (full 8):
 PSYoungGen      total 632832K, used 26629K [0x00000000d6100000, 0x0000000100000000, 0x0000000100000000)
  eden space 578560K, 0% used [0x00000000d6100000,0x00000000d6100000,0x00000000f9600000)
  from space 54272K, 49% used [0x00000000fcb00000,0x00000000fe5014c8,0x0000000100000000)
  to   space 54272K, 0% used [0x00000000f9600000,0x00000000f9600000,0x00000000fcb00000)
 ParOldGen       total 462336K, used 365914K [0x0000000082200000, 0x000000009e580000, 0x00000000d6100000)
  object space 462336K, 79% used [0x0000000082200000,0x0000000098756bb8,0x000000009e580000)
 Metaspace       used 27275K, capacity 28824K, committed 29056K, reserved 1075200K
  class space    used 3572K, capacity 3878K, committed 3968K, reserved 1048576K
Event: 212.586 GC heap after
Heap after GC invocations=32 (full 8):
 PSYoungGen      total 632832K, used 0K [0x00000000d6100000, 0x0000000100000000, 0x0000000100000000)
  eden space 578560K, 0% used [0x00000000d6100000,0x00000000d6100000,0x00000000f9600000)
  from space 54272K, 0% used [0x00000000fcb00000,0x00000000fcb00000,0x0000000100000000)
  to   space 54272K, 0% used [0x00000000f9600000,0x00000000f9600000,0x00000000fcb00000)
 ParOldGen       total 511488K, used 135059K [0x0000000082200000, 0x00000000a1580000, 0x00000000d6100000)
  object space 511488K, 26% used [0x0000000082200000,0x000000008a5e4e18,0x00000000a1580000)
 Metaspace       used 27275K, capacity 28824K, committed 29056K, reserved 1075200K
  class space    used 3572K, capacity 3878K, committed 3968K, reserved 1048576K
}
Event: 213.988 GC heap before
{Heap before GC invocations=33 (full 8):
 PSYoungGen      total 632832K, used 578560K [0x00000000d6100000, 0x0000000100000000, 0x0000000100000000)
  eden space 578560K, 100% used [0x00000000d6100000,0x00000000f9600000,0x00000000f9600000)
  from space 54272K, 0% used [0x00000000fcb00000,0x00000000fcb00000,0x0000000100000000)
  to   space 54272K, 0% used [0x00000000f9600000,0x00000000f9600000,0x00000000fcb00000)
 ParOldGen       total 511488K, used 135059K [0x0000000082200000, 0x00000000a1580000, 0x00000000d6100000)
  object space 511488K, 26% used [0x0000000082200000,0x000000008a5e4e18,0x00000000a1580000)
 Metaspace       used 27276K, capacity 28824K, committed 29056K, reserved 1075200K
  class space    used 3572K, capacity 3878K, committed 3968K, reserved 1048576K
Event: 214.003 GC heap after
Heap after GC invocations=33 (full 8):
 PSYoungGen      total 579584K, used 974K [0x00000000d6100000, 0x00000000ffe00000, 0x0000000100000000)
  eden space 578560K, 0% used [0x00000000d6100000,0x00000000d6100000,0x00000000f9600000)
  from space 1024K, 95% used [0x00000000f9600000,0x00000000f96f3888,0x00000000f9700000)
  to   space 53248K, 0% used [0x00000000fca00000,0x00000000fca00000,0x00000000ffe00000)
 ParOldGen       total 511488K, used 245546K [0x0000000082200000, 0x00000000a1580000, 0x00000000d6100000)
  object space 511488K, 48% used [0x0000000082200000,0x00000000911ca818,0x00000000a1580000)
 Metaspace       used 27276K, capacity 28824K, committed 29056K, reserved 1075200K
  class space    used 3572K, capacity 3878K, committed 3968K, reserved 1048576K
}

