# JRE version: Java(TM) SE Runtime Environment (8.0_191-b12) (build 1.8.0_191-b12)
# Java VM: Java HotSpot(TM) 64-Bit Server VM (25.191-b12 mixed mode windows-amd64 compressed oops)
Heap:
 PSYoungGen      total 89088K, used 1132K [0x00000000d6100000, 0x00000000dcb80000, 0x0000000100000000)
  eden space 86528K, 0% used [0x00000000d6100000,0x00000000d6100000,0x00000000db580000)
  from space 2560K, 44% used [0x00000000dc900000,0x00000000dca1b298,0x00000000dcb80000)
  to   space 11264K, 0% used [0x00000000db580000,0x00000000db580000,0x00000000dc080000)
 ParOldGen       total 60416K, used 16088K [0x0000000082200000, 0x0000000085d00000, 0x00000000d6100000)
  object space 60416K, 26% used [0x0000000082200000,0x00000000831b6118,0x0000000085d00000)
 Metaspace       used 35403K, capacity 36168K, committed 36352K, reserved 1085440K
  class space    used 4876K, capacity 5087K, committed 5120K, reserved 1048576K
GC Heap History (10 events):
Event: 4.211 GC heap before
{Heap before GC invocations=5 (full 1):
 PSYoungGen      total 37888K, used 32768K [0x00000000d6100000, 0x00000000d8b00000, 0x0000000100000000)
  eden space 32768K, 100% used [0x00000000d6100000,0x00000000d8100000,0x00000000d8100000)
  from space 5120K, 0% used [0x00000000d8100000,0x00000000d8100000,0x00000000d8600000)
  to   space 5120K, 0% used [0x00000000d8600000,0x00000000d8600000,0x00000000d8b00000)
 ParOldGen       total 60416K, used 10049K [0x0000000082200000, 0x0000000085d00000, 0x00000000d6100000)
  object space 60416K, 16% used [0x0000000082200000,0x0000000082bd0488,0x0000000085d00000)
 Metaspace       used 26007K, capacity 26752K, committed 27008K, reserved 1073152K
  class space    used 3759K, capacity 3939K, committed 3968K, reserved 1048576K
Event: 4.215 GC heap after
Heap after GC invocations=5 (full 1):
 PSYoungGen      total 37888K, used 5116K [0x00000000d6100000, 0x00000000d9e80000, 0x0000000100000000)
  eden space 32768K, 0% used [0x00000000d6100000,0x00000000d6100000,0x00000000d8100000)
  from space 5120K, 99% used [0x00000000d8600000,0x00000000d8aff328,0x00000000d8b00000)
  to   space 5120K, 0% used [0x00000000d8100000,0x00000000d8100000,0x00000000d8600000)
 ParOldGen       total 60416K, used 10057K [0x0000000082200000, 0x0000000085d00000, 0x00000000d6100000)
  object space 60416K, 16% used [0x0000000082200000,0x0000000082bd2488,0x0000000085d00000)
 Metaspace       used 26007K, capacity 26752K, committed 27008K, reserved 1073152K
  class space    used 3759K, capacity 3939K, committed 3968K, reserved 1048576K
}
Event: 5.357 GC heap before
{Heap before GC invocations=6 (full 1):
 PSYoungGen      total 37888K, used 37884K [0x00000000d6100000, 0x00000000d9e80000, 0x0000000100000000)
  eden space 32768K, 100% used [0x00000000d6100000,0x00000000d8100000,0x00000000d8100000)
  from space 5120K, 99% used [0x00000000d8600000,0x00000000d8aff328,0x00000000d8b00000)
  to   space 5120K, 0% used [0x00000000d8100000,0x00000000d8100000,0x00000000d8600000)
 ParOldGen       total 60416K, used 10057K [0x0000000082200000, 0x0000000085d00000, 0x00000000d6100000)
  object space 60416K, 16% used [0x0000000082200000,0x0000000082bd2488,0x0000000085d00000)
 Metaspace       used 31119K, capacity 31860K, committed 32256K, reserved 1077248K
  class space    used 4350K, capacity 4561K, committed 4608K, reserved 1048576K
Event: 5.362 GC heap after
Heap after GC invocations=6 (full 1):
 PSYoungGen      total 37888K, used 5104K [0x00000000d6100000, 0x00000000da780000, 0x0000000100000000)
  eden space 32768K, 0% used [0x00000000d6100000,0x00000000d6100000,0x00000000d8100000)
  from space 5120K, 99% used [0x00000000d8100000,0x00000000d85fc0c0,0x00000000d8600000)
  to   space 10240K, 0% used [0x00000000d9d80000,0x00000000d9d80000,0x00000000da780000)
 ParOldGen       total 60416K, used 12736K [0x0000000082200000, 0x0000000085d00000, 0x00000000d6100000)
  object space 60416K, 21% used [0x0000000082200000,0x0000000082e702b0,0x0000000085d00000)
 Metaspace       used 31119K, capacity 31860K, committed 32256K, reserved 1077248K
  class space    used 4350K, capacity 4561K, committed 4608K, reserved 1048576K
}
Event: 5.697 GC heap before
{Heap before GC invocations=7 (full 1):
 PSYoungGen      total 37888K, used 37872K [0x00000000d6100000, 0x00000000da780000, 0x0000000100000000)
  eden space 32768K, 100% used [0x00000000d6100000,0x00000000d8100000,0x00000000d8100000)
  from space 5120K, 99% used [0x00000000d8100000,0x00000000d85fc0c0,0x00000000d8600000)
  to   space 10240K, 0% used [0x00000000d9d80000,0x00000000d9d80000,0x00000000da780000)
 ParOldGen       total 60416K, used 12736K [0x0000000082200000, 0x0000000085d00000, 0x00000000d6100000)
  object space 60416K, 21% used [0x0000000082200000,0x0000000082e702b0,0x0000000085d00000)
 Metaspace       used 34205K, capacity 34992K, committed 35200K, reserved 1079296K
  class space    used 4747K, capacity 4955K, committed 4992K, reserved 1048576K
Event: 5.705 GC heap after
Heap after GC invocations=7 (full 1):
 PSYoungGen      total 61440K, used 8459K [0x00000000d6100000, 0x00000000dab80000, 0x0000000100000000)
  eden space 51200K, 0% used [0x00000000d6100000,0x00000000d6100000,0x00000000d9300000)
  from space 10240K, 82% used [0x00000000d9d80000,0x00000000da5c2e50,0x00000000da780000)
  to   space 10752K, 0% used [0x00000000d9300000,0x00000000d9300000,0x00000000d9d80000)
 ParOldGen       total 60416K, used 12744K [0x0000000082200000, 0x0000000085d00000, 0x00000000d6100000)
  object space 60416K, 21% used [0x0000000082200000,0x0000000082e722b0,0x0000000085d00000)
 Metaspace       used 34205K, capacity 34992K, committed 35200K, reserved 1079296K
  class space    used 4747K, capacity 4955K, committed 4992K, reserved 1048576K
}
Event: 5.750 GC heap before
{Heap before GC invocations=8 (full 1):
 PSYoungGen      total 61440K, used 18130K [0x00000000d6100000, 0x00000000dab80000, 0x0000000100000000)
  eden space 51200K, 18% used [0x00000000d6100000,0x00000000d6a71d18,0x00000000d9300000)
  from space 10240K, 82% used [0x00000000d9d80000,0x00000000da5c2e50,0x00000000da780000)
  to   space 10752K, 0% used [0x00000000d9300000,0x00000000d9300000,0x00000000d9d80000)
 ParOldGen       total 60416K, used 12744K [0x0000000082200000, 0x0000000085d00000, 0x00000000d6100000)
  object space 60416K, 21% used [0x0000000082200000,0x0000000082e722b0,0x0000000085d00000)
 Metaspace       used 34585K, capacity 35330K, committed 35456K, reserved 1079296K
  class space    used 4763K, capacity 4958K, committed 4992K, reserved 1048576K
Event: 5.756 GC heap after
Heap after GC invocations=8 (full 1):
 PSYoungGen      total 61952K, used 7284K [0x00000000d6100000, 0x00000000dd300000, 0x0000000100000000)
  eden space 51200K, 0% used [0x00000000d6100000,0x00000000d6100000,0x00000000d9300000)
  from space 10752K, 67% used [0x00000000d9300000,0x00000000d9a1d190,0x00000000d9d80000)
  to   space 10240K, 0% used [0x00000000dc900000,0x00000000dc900000,0x00000000dd300000)
 ParOldGen       total 60416K, used 12752K [0x0000000082200000, 0x0000000085d00000, 0x00000000d6100000)
  object space 60416K, 21% used [0x0000000082200000,0x0000000082e742b0,0x0000000085d00000)
 Metaspace       used 34585K, capacity 35330K, committed 35456K, reserved 1079296K
  class space    used 4763K, capacity 4958K, committed 4992K, reserved 1048576K
}
Event: 5.756 GC heap before
{Heap before GC invocations=9 (full 2):
 PSYoungGen      total 61952K, used 7284K [0x00000000d6100000, 0x00000000dd300000, 0x0000000100000000)
  eden space 51200K, 0% used [0x00000000d6100000,0x00000000d6100000,0x00000000d9300000)
  from space 10752K, 67% used [0x00000000d9300000,0x00000000d9a1d190,0x00000000d9d80000)
  to   space 10240K, 0% used [0x00000000dc900000,0x00000000dc900000,0x00000000dd300000)
 ParOldGen       total 60416K, used 12752K [0x0000000082200000, 0x0000000085d00000, 0x00000000d6100000)
  object space 60416K, 21% used [0x0000000082200000,0x0000000082e742b0,0x0000000085d00000)
 Metaspace       used 34585K, capacity 35330K, committed 35456K, reserved 1079296K
  class space    used 4763K, capacity 4958K, committed 4992K, reserved 1048576K
Event: 5.811 GC heap after
Heap after GC invocations=9 (full 2):
 PSYoungGen      total 61952K, used 0K [0x00000000d6100000, 0x00000000dd300000, 0x0000000100000000)
  eden space 51200K, 0% used [0x00000000d6100000,0x00000000d6100000,0x00000000d9300000)
  from space 10752K, 0% used [0x00000000d9300000,0x00000000d9300000,0x00000000d9d80000)
  to   space 10240K, 0% used [0x00000000dc900000,0x00000000dc900000,0x00000000dd300000)
 ParOldGen       total 60416K, used 16088K [0x0000000082200000, 0x0000000085d00000, 0x00000000d6100000)
  object space 60416K, 26% used [0x0000000082200000,0x00000000831b6118,0x0000000085d00000)
 Metaspace       used 34585K, capacity 35330K, committed 35456K, reserved 1079296K
  class space    used 4763K, capacity 4958K, committed 4992K, reserved 1048576K
}

