# JRE version: Java(TM) SE Runtime Environment (8.0_191-b12) (build 1.8.0_191-b12)
# Java VM: Java HotSpot(TM) 64-Bit Server VM (25.191-b12 mixed mode windows-amd64 compressed oops)
Heap:
 PSYoungGen      total 88064K, used 39319K [0x00000000d6100000, 0x00000000dca00000, 0x0000000100000000)
  eden space 82944K, 41% used [0x00000000d6100000,0x00000000d82acd40,0x00000000db200000)
  from space 5120K, 94% used [0x00000000dc500000,0x00000000dc9b9190,0x00000000dca00000)
  to   space 10240K, 0% used [0x00000000db600000,0x00000000db600000,0x00000000dc000000)
 ParOldGen       total 81920K, used 15689K [0x0000000082200000, 0x0000000087200000, 0x00000000d6100000)
  object space 81920K, 19% used [0x0000000082200000,0x00000000831524b0,0x0000000087200000)
 Metaspace       used 40724K, capacity 42032K, committed 42368K, reserved 1085440K
  class space    used 5639K, capacity 5919K, committed 6016K, reserved 1048576K
GC Heap History (10 events):
Event: 4.285 GC heap before
{Heap before GC invocations=6 (full 1):
 PSYoungGen      total 37888K, used 37845K [0x00000000d6100000, 0x00000000d9c80000, 0x0000000100000000)
  eden space 32768K, 100% used [0x00000000d6100000,0x00000000d8100000,0x00000000d8100000)
  from space 5120K, 99% used [0x00000000d8600000,0x00000000d8af5780,0x00000000d8b00000)
  to   space 5120K, 0% used [0x00000000d8100000,0x00000000d8100000,0x00000000d8600000)
 ParOldGen       total 61952K, used 9994K [0x0000000082200000, 0x0000000085e80000, 0x00000000d6100000)
  object space 61952K, 16% used [0x0000000082200000,0x0000000082bc2b00,0x0000000085e80000)
 Metaspace       used 31016K, capacity 31800K, committed 32256K, reserved 1077248K
  class space    used 4340K, capacity 4519K, committed 4608K, reserved 1048576K
Event: 4.290 GC heap after
Heap after GC invocations=6 (full 1):
 PSYoungGen      total 37888K, used 5106K [0x00000000d6100000, 0x00000000da600000, 0x0000000100000000)
  eden space 32768K, 0% used [0x00000000d6100000,0x00000000d6100000,0x00000000d8100000)
  from space 5120K, 99% used [0x00000000d8100000,0x00000000d85fcbe8,0x00000000d8600000)
  to   space 10240K, 0% used [0x00000000d9c00000,0x00000000d9c00000,0x00000000da600000)
 ParOldGen       total 61952K, used 12703K [0x0000000082200000, 0x0000000085e80000, 0x00000000d6100000)
  object space 61952K, 20% used [0x0000000082200000,0x0000000082e67e18,0x0000000085e80000)
 Metaspace       used 31016K, capacity 31800K, committed 32256K, reserved 1077248K
  class space    used 4340K, capacity 4519K, committed 4608K, reserved 1048576K
}
Event: 4.599 GC heap before
{Heap before GC invocations=7 (full 1):
 PSYoungGen      total 37888K, used 37874K [0x00000000d6100000, 0x00000000da600000, 0x0000000100000000)
  eden space 32768K, 100% used [0x00000000d6100000,0x00000000d8100000,0x00000000d8100000)
  from space 5120K, 99% used [0x00000000d8100000,0x00000000d85fcbe8,0x00000000d8600000)
  to   space 10240K, 0% used [0x00000000d9c00000,0x00000000d9c00000,0x00000000da600000)
 ParOldGen       total 61952K, used 12703K [0x0000000082200000, 0x0000000085e80000, 0x00000000d6100000)
  object space 61952K, 20% used [0x0000000082200000,0x0000000082e67e18,0x0000000085e80000)
 Metaspace       used 34187K, capacity 34964K, committed 35200K, reserved 1079296K
  class space    used 4733K, capacity 4945K, committed 4992K, reserved 1048576K
Event: 4.605 GC heap after
Heap after GC invocations=7 (full 1):
 PSYoungGen      total 59904K, used 8449K [0x00000000d6100000, 0x00000000da900000, 0x0000000100000000)
  eden space 49664K, 0% used [0x00000000d6100000,0x00000000d6100000,0x00000000d9180000)
  from space 10240K, 82% used [0x00000000d9c00000,0x00000000da440770,0x00000000da600000)
  to   space 10752K, 0% used [0x00000000d9180000,0x00000000d9180000,0x00000000d9c00000)
 ParOldGen       total 61952K, used 12711K [0x0000000082200000, 0x0000000085e80000, 0x00000000d6100000)
  object space 61952K, 20% used [0x0000000082200000,0x0000000082e69e18,0x0000000085e80000)
 Metaspace       used 34187K, capacity 34964K, committed 35200K, reserved 1079296K
  class space    used 4733K, capacity 4945K, committed 4992K, reserved 1048576K
}
Event: 4.639 GC heap before
{Heap before GC invocations=8 (full 1):
 PSYoungGen      total 59904K, used 15982K [0x00000000d6100000, 0x00000000da900000, 0x0000000100000000)
  eden space 49664K, 15% used [0x00000000d6100000,0x00000000d685b140,0x00000000d9180000)
  from space 10240K, 82% used [0x00000000d9c00000,0x00000000da440770,0x00000000da600000)
  to   space 10752K, 0% used [0x00000000d9180000,0x00000000d9180000,0x00000000d9c00000)
 ParOldGen       total 61952K, used 12711K [0x0000000082200000, 0x0000000085e80000, 0x00000000d6100000)
  object space 61952K, 20% used [0x0000000082200000,0x0000000082e69e18,0x0000000085e80000)
 Metaspace       used 34456K, capacity 35238K, committed 35456K, reserved 1079296K
  class space    used 4746K, capacity 4948K, committed 4992K, reserved 1048576K
Event: 4.644 GC heap after
Heap after GC invocations=8 (full 1):
 PSYoungGen      total 60416K, used 6908K [0x00000000d6100000, 0x00000000dcf00000, 0x0000000100000000)
  eden space 49664K, 0% used [0x00000000d6100000,0x00000000d6100000,0x00000000d9180000)
  from space 10752K, 64% used [0x00000000d9180000,0x00000000d983f298,0x00000000d9c00000)
  to   space 10240K, 0% used [0x00000000dc500000,0x00000000dc500000,0x00000000dcf00000)
 ParOldGen       total 61952K, used 12719K [0x0000000082200000, 0x0000000085e80000, 0x00000000d6100000)
  object space 61952K, 20% used [0x0000000082200000,0x0000000082e6be18,0x0000000085e80000)
 Metaspace       used 34456K, capacity 35238K, committed 35456K, reserved 1079296K
  class space    used 4746K, capacity 4948K, committed 4992K, reserved 1048576K
}
Event: 4.644 GC heap before
{Heap before GC invocations=9 (full 2):
 PSYoungGen      total 60416K, used 6908K [0x00000000d6100000, 0x00000000dcf00000, 0x0000000100000000)
  eden space 49664K, 0% used [0x00000000d6100000,0x00000000d6100000,0x00000000d9180000)
  from space 10752K, 64% used [0x00000000d9180000,0x00000000d983f298,0x00000000d9c00000)
  to   space 10240K, 0% used [0x00000000dc500000,0x00000000dc500000,0x00000000dcf00000)
 ParOldGen       total 61952K, used 12719K [0x0000000082200000, 0x0000000085e80000, 0x00000000d6100000)
  object space 61952K, 20% used [0x0000000082200000,0x0000000082e6be18,0x0000000085e80000)
 Metaspace       used 34456K, capacity 35238K, committed 35456K, reserved 1079296K
  class space    used 4746K, capacity 4948K, committed 4992K, reserved 1048576K
Event: 4.693 GC heap after
Heap after GC invocations=9 (full 2):
 PSYoungGen      total 60416K, used 0K [0x00000000d6100000, 0x00000000dcf00000, 0x0000000100000000)
  eden space 49664K, 0% used [0x00000000d6100000,0x00000000d6100000,0x00000000d9180000)
  from space 10752K, 0% used [0x00000000d9180000,0x00000000d9180000,0x00000000d9c00000)
  to   space 10240K, 0% used [0x00000000dc500000,0x00000000dc500000,0x00000000dcf00000)
 ParOldGen       total 81920K, used 15681K [0x0000000082200000, 0x0000000087200000, 0x00000000d6100000)
  object space 81920K, 19% used [0x0000000082200000,0x00000000831504b0,0x0000000087200000)
 Metaspace       used 34456K, capacity 35238K, committed 35456K, reserved 1079296K
  class space    used 4746K, capacity 4948K, committed 4992K, reserved 1048576K
}
Event: 5.032 GC heap before
{Heap before GC invocations=10 (full 2):
 PSYoungGen      total 60416K, used 49664K [0x00000000d6100000, 0x00000000dcf00000, 0x0000000100000000)
  eden space 49664K, 100% used [0x00000000d6100000,0x00000000d9180000,0x00000000d9180000)
  from space 10752K, 0% used [0x00000000d9180000,0x00000000d9180000,0x00000000d9c00000)
  to   space 10240K, 0% used [0x00000000dc500000,0x00000000dc500000,0x00000000dcf00000)
 ParOldGen       total 81920K, used 15681K [0x0000000082200000, 0x0000000087200000, 0x00000000d6100000)
  object space 81920K, 19% used [0x0000000082200000,0x00000000831504b0,0x0000000087200000)
 Metaspace       used 37165K, capacity 38002K, committed 38400K, reserved 1083392K
  class space    used 5069K, capacity 5272K, committed 5376K, reserved 1048576K
Event: 5.038 GC heap after
Heap after GC invocations=10 (full 2):
 PSYoungGen      total 88064K, used 4836K [0x00000000d6100000, 0x00000000dca00000, 0x0000000100000000)
  eden space 82944K, 0% used [0x00000000d6100000,0x00000000d6100000,0x00000000db200000)
  from space 5120K, 94% used [0x00000000dc500000,0x00000000dc9b9190,0x00000000dca00000)
  to   space 10240K, 0% used [0x00000000db600000,0x00000000db600000,0x00000000dc000000)
 ParOldGen       total 81920K, used 15689K [0x0000000082200000, 0x0000000087200000, 0x00000000d6100000)
  object space 81920K, 19% used [0x0000000082200000,0x00000000831524b0,0x0000000087200000)
 Metaspace       used 37165K, capacity 38002K, committed 38400K, reserved 1083392K
  class space    used 5069K, capacity 5272K, committed 5376K, reserved 1048576K
}

