# JRE version: Java(TM) SE Runtime Environment (8.0_241-b07) (build 1.8.0_241-b07)
# Java VM: Java HotSpot(TM) 64-Bit Server VM (25.241-b07 mixed mode windows-amd64 compressed oops)
Heap:
 PSYoungGen      total 225792K, used 172029K [0x00000000d6100000, 0x00000000e5680000, 0x0000000100000000)
  eden space 204288K, 81% used [0x00000000d6100000,0x00000000e030c438,0x00000000e2880000)
  from space 21504K, 28% used [0x00000000e2880000,0x00000000e2e73158,0x00000000e3d80000)
  to   space 13824K, 0% used [0x00000000e3d80000,0x00000000e3d80000,0x00000000e4b00000)
 ParOldGen       total 152064K, used 73043K [0x0000000082200000, 0x000000008b680000, 0x00000000d6100000)
  object space 152064K, 48% used [0x0000000082200000,0x0000000086954c88,0x000000008b680000)
 Metaspace       used 48550K, capacity 50592K, committed 50904K, reserved 1093632K
  class space    used 6480K, capacity 6845K, committed 6912K, reserved 1048576K
GC Heap History (10 events):
Event: 11.513 GC heap before
{Heap before GC invocations=12 (full 2):
 PSYoungGen      total 104960K, used 104936K [0x00000000d6100000, 0x00000000e0600000, 0x0000000100000000)
  eden space 93184K, 100% used [0x00000000d6100000,0x00000000dbc00000,0x00000000dbc00000)
  from space 11776K, 99% used [0x00000000dbc00000,0x00000000dc77a3a8,0x00000000dc780000)
  to   space 13312K, 0% used [0x00000000df900000,0x00000000df900000,0x00000000e0600000)
 ParOldGen       total 73216K, used 15140K [0x0000000082200000, 0x0000000086980000, 0x00000000d6100000)
  object space 73216K, 20% used [0x0000000082200000,0x00000000830c9370,0x0000000086980000)
 Metaspace       used 43023K, capacity 44474K, committed 44632K, reserved 1087488K
  class space    used 5855K, capacity 6172K, committed 6272K, reserved 1048576K
Event: 11.521 GC heap after
Heap after GC invocations=12 (full 2):
 PSYoungGen      total 152576K, used 10517K [0x00000000d6100000, 0x00000000e0500000, 0x0000000100000000)
  eden space 140288K, 0% used [0x00000000d6100000,0x00000000d6100000,0x00000000dea00000)
  from space 12288K, 85% used [0x00000000df900000,0x00000000e0345438,0x00000000e0500000)
  to   space 13824K, 0% used [0x00000000dea00000,0x00000000dea00000,0x00000000df780000)
 ParOldGen       total 73216K, used 18387K [0x0000000082200000, 0x0000000086980000, 0x00000000d6100000)
  object space 73216K, 25% used [0x0000000082200000,0x00000000833f4f88,0x0000000086980000)
 Metaspace       used 43023K, capacity 44474K, committed 44632K, reserved 1087488K
  class space    used 5855K, capacity 6172K, committed 6272K, reserved 1048576K
}
Event: 11.619 GC heap before
{Heap before GC invocations=13 (full 2):
 PSYoungGen      total 152576K, used 150805K [0x00000000d6100000, 0x00000000e0500000, 0x0000000100000000)
  eden space 140288K, 100% used [0x00000000d6100000,0x00000000dea00000,0x00000000dea00000)
  from space 12288K, 85% used [0x00000000df900000,0x00000000e0345438,0x00000000e0500000)
  to   space 13824K, 0% used [0x00000000dea00000,0x00000000dea00000,0x00000000df780000)
 ParOldGen       total 73216K, used 18387K [0x0000000082200000, 0x0000000086980000, 0x00000000d6100000)
  object space 73216K, 25% used [0x0000000082200000,0x00000000833f4f88,0x0000000086980000)
 Metaspace       used 43032K, capacity 44474K, committed 44632K, reserved 1087488K
  class space    used 5856K, capacity 6172K, committed 6272K, reserved 1048576K
Event: 11.628 GC heap after
Heap after GC invocations=13 (full 2):
 PSYoungGen      total 154112K, used 4224K [0x00000000d6100000, 0x00000000e4b00000, 0x0000000100000000)
  eden space 140288K, 0% used [0x00000000d6100000,0x00000000d6100000,0x00000000dea00000)
  from space 13824K, 30% used [0x00000000dea00000,0x00000000dee20020,0x00000000df780000)
  to   space 13824K, 0% used [0x00000000e3d80000,0x00000000e3d80000,0x00000000e4b00000)
 ParOldGen       total 73216K, used 28153K [0x0000000082200000, 0x0000000086980000, 0x00000000d6100000)
  object space 73216K, 38% used [0x0000000082200000,0x0000000083d7e748,0x0000000086980000)
 Metaspace       used 43032K, capacity 44474K, committed 44632K, reserved 1087488K
  class space    used 5856K, capacity 6172K, committed 6272K, reserved 1048576K
}
Event: 16.891 GC heap before
{Heap before GC invocations=14 (full 2):
 PSYoungGen      total 154112K, used 144512K [0x00000000d6100000, 0x00000000e4b00000, 0x0000000100000000)
  eden space 140288K, 100% used [0x00000000d6100000,0x00000000dea00000,0x00000000dea00000)
  from space 13824K, 30% used [0x00000000dea00000,0x00000000dee20020,0x00000000df780000)
  to   space 13824K, 0% used [0x00000000e3d80000,0x00000000e3d80000,0x00000000e4b00000)
 ParOldGen       total 73216K, used 28153K [0x0000000082200000, 0x0000000086980000, 0x00000000d6100000)
  object space 73216K, 38% used [0x0000000082200000,0x0000000083d7e748,0x0000000086980000)
 Metaspace       used 46309K, capacity 48130K, committed 48344K, reserved 1091584K
  class space    used 6258K, capacity 6614K, committed 6656K, reserved 1048576K
Event: 16.910 GC heap after
Heap after GC invocations=14 (full 2):
 PSYoungGen      total 218112K, used 13823K [0x00000000d6100000, 0x00000000e5680000, 0x0000000100000000)
  eden space 204288K, 0% used [0x00000000d6100000,0x00000000d6100000,0x00000000e2880000)
  from space 13824K, 99% used [0x00000000e3d80000,0x00000000e4afff00,0x00000000e4b00000)
  to   space 21504K, 0% used [0x00000000e2880000,0x00000000e2880000,0x00000000e3d80000)
 ParOldGen       total 73216K, used 44449K [0x0000000082200000, 0x0000000086980000, 0x00000000d6100000)
  object space 73216K, 60% used [0x0000000082200000,0x0000000084d68408,0x0000000086980000)
 Metaspace       used 46309K, capacity 48130K, committed 48344K, reserved 1091584K
  class space    used 6258K, capacity 6614K, committed 6656K, reserved 1048576K
}
Event: 29.596 GC heap before
{Heap before GC invocations=15 (full 2):
 PSYoungGen      total 218112K, used 218111K [0x00000000d6100000, 0x00000000e5680000, 0x0000000100000000)
  eden space 204288K, 100% used [0x00000000d6100000,0x00000000e2880000,0x00000000e2880000)
  from space 13824K, 99% used [0x00000000e3d80000,0x00000000e4afff00,0x00000000e4b00000)
  to   space 21504K, 0% used [0x00000000e2880000,0x00000000e2880000,0x00000000e3d80000)
 ParOldGen       total 73216K, used 44449K [0x0000000082200000, 0x0000000086980000, 0x00000000d6100000)
  object space 73216K, 60% used [0x0000000082200000,0x0000000084d68408,0x0000000086980000)
 Metaspace       used 47642K, capacity 49632K, committed 49752K, reserved 1091584K
  class space    used 6377K, capacity 6725K, committed 6784K, reserved 1048576K
Event: 29.623 GC heap after
Heap after GC invocations=15 (full 2):
 PSYoungGen      total 225792K, used 21472K [0x00000000d6100000, 0x00000000e5680000, 0x0000000100000000)
  eden space 204288K, 0% used [0x00000000d6100000,0x00000000d6100000,0x00000000e2880000)
  from space 21504K, 99% used [0x00000000e2880000,0x00000000e3d78110,0x00000000e3d80000)
  to   space 13824K, 0% used [0x00000000e3d80000,0x00000000e3d80000,0x00000000e4b00000)
 ParOldGen       total 73216K, used 67932K [0x0000000082200000, 0x0000000086980000, 0x00000000d6100000)
  object space 73216K, 92% used [0x0000000082200000,0x0000000086457168,0x0000000086980000)
 Metaspace       used 47642K, capacity 49632K, committed 49752K, reserved 1091584K
  class space    used 6377K, capacity 6725K, committed 6784K, reserved 1048576K
}
Event: 29.623 GC heap before
{Heap before GC invocations=16 (full 3):
 PSYoungGen      total 225792K, used 21472K [0x00000000d6100000, 0x00000000e5680000, 0x0000000100000000)
  eden space 204288K, 0% used [0x00000000d6100000,0x00000000d6100000,0x00000000e2880000)
  from space 21504K, 99% used [0x00000000e2880000,0x00000000e3d78110,0x00000000e3d80000)
  to   space 13824K, 0% used [0x00000000e3d80000,0x00000000e3d80000,0x00000000e4b00000)
 ParOldGen       total 73216K, used 67932K [0x0000000082200000, 0x0000000086980000, 0x00000000d6100000)
  object space 73216K, 92% used [0x0000000082200000,0x0000000086457168,0x0000000086980000)
 Metaspace       used 47642K, capacity 49632K, committed 49752K, reserved 1091584K
  class space    used 6377K, capacity 6725K, committed 6784K, reserved 1048576K
Event: 29.851 GC heap after
Heap after GC invocations=16 (full 3):
 PSYoungGen      total 225792K, used 6092K [0x00000000d6100000, 0x00000000e5680000, 0x0000000100000000)
  eden space 204288K, 0% used [0x00000000d6100000,0x00000000d6100000,0x00000000e2880000)
  from space 21504K, 28% used [0x00000000e2880000,0x00000000e2e73158,0x00000000e3d80000)
  to   space 13824K, 0% used [0x00000000e3d80000,0x00000000e3d80000,0x00000000e4b00000)
 ParOldGen       total 152064K, used 73043K [0x0000000082200000, 0x000000008b680000, 0x00000000d6100000)
  object space 152064K, 48% used [0x0000000082200000,0x0000000086954c88,0x000000008b680000)
 Metaspace       used 47642K, capacity 49632K, committed 49752K, reserved 1091584K
  class space    used 6377K, capacity 6725K, committed 6784K, reserved 1048576K
}

