# JRE version: Java(TM) SE Runtime Environment (8.0_191-b12) (build 1.8.0_191-b12)
# Java VM: Java HotSpot(TM) 64-Bit Server VM (25.191-b12 mixed mode windows-amd64 compressed oops)
Heap:
 PSYoungGen      total 172032K, used 103867K [0x00000000d6100000, 0x00000000e5200000, 0x0000000100000000)
  eden space 152576K, 62% used [0x00000000d6100000,0x00000000dbd764e0,0x00000000df600000)
  from space 19456K, 47% used [0x00000000df600000,0x00000000dfef8858,0x00000000e0900000)
  to   space 18432K, 0% used [0x00000000e4000000,0x00000000e4000000,0x00000000e5200000)
 ParOldGen       total 83968K, used 55543K [0x0000000082200000, 0x0000000087400000, 0x00000000d6100000)
  object space 83968K, 66% used [0x0000000082200000,0x000000008583dc60,0x0000000087400000)
 Metaspace       used 47077K, capacity 48962K, committed 49152K, reserved 1091584K
  class space    used 6268K, capacity 6632K, committed 6656K, reserved 1048576K
GC Heap History (10 events):
Event: 7.886 GC heap before
{Heap before GC invocations=11 (full 2):
 PSYoungGen      total 86528K, used 86133K [0x00000000d6100000, 0x00000000dc700000, 0x0000000100000000)
  eden space 81408K, 100% used [0x00000000d6100000,0x00000000db080000,0x00000000db080000)
  from space 5120K, 92% used [0x00000000dc200000,0x00000000dc69d580,0x00000000dc700000)
  to   space 10240K, 0% used [0x00000000db300000,0x00000000db300000,0x00000000dbd00000)
 ParOldGen       total 83968K, used 15982K [0x0000000082200000, 0x0000000087400000, 0x00000000d6100000)
  object space 83968K, 19% used [0x0000000082200000,0x000000008319b808,0x0000000087400000)
 Metaspace       used 41790K, capacity 43190K, committed 43392K, reserved 1087488K
  class space    used 5717K, capacity 6002K, committed 6016K, reserved 1048576K
Event: 7.897 GC heap after
Heap after GC invocations=11 (full 2):
 PSYoungGen      total 94208K, used 10236K [0x00000000d6100000, 0x00000000de400000, 0x0000000100000000)
  eden space 83968K, 0% used [0x00000000d6100000,0x00000000d6100000,0x00000000db300000)
  from space 10240K, 99% used [0x00000000db300000,0x00000000dbcff3e0,0x00000000dbd00000)
  to   space 11264K, 0% used [0x00000000dd900000,0x00000000dd900000,0x00000000de400000)
 ParOldGen       total 83968K, used 16470K [0x0000000082200000, 0x0000000087400000, 0x00000000d6100000)
  object space 83968K, 19% used [0x0000000082200000,0x0000000083215a28,0x0000000087400000)
 Metaspace       used 41790K, capacity 43190K, committed 43392K, reserved 1087488K
  class space    used 5717K, capacity 6002K, committed 6016K, reserved 1048576K
}
Event: 9.730 GC heap before
{Heap before GC invocations=12 (full 2):
 PSYoungGen      total 94208K, used 94204K [0x00000000d6100000, 0x00000000de400000, 0x0000000100000000)
  eden space 83968K, 100% used [0x00000000d6100000,0x00000000db300000,0x00000000db300000)
  from space 10240K, 99% used [0x00000000db300000,0x00000000dbcff3e0,0x00000000dbd00000)
  to   space 11264K, 0% used [0x00000000dd900000,0x00000000dd900000,0x00000000de400000)
 ParOldGen       total 83968K, used 16470K [0x0000000082200000, 0x0000000087400000, 0x00000000d6100000)
  object space 83968K, 19% used [0x0000000082200000,0x0000000083215a28,0x0000000087400000)
 Metaspace       used 42822K, capacity 44298K, committed 44544K, reserved 1087488K
  class space    used 5822K, capacity 6136K, committed 6144K, reserved 1048576K
Event: 9.740 GC heap after
Heap after GC invocations=12 (full 2):
 PSYoungGen      total 121856K, used 11062K [0x00000000d6100000, 0x00000000de700000, 0x0000000100000000)
  eden space 110592K, 0% used [0x00000000d6100000,0x00000000d6100000,0x00000000dcd00000)
  from space 11264K, 98% used [0x00000000dd900000,0x00000000de3cdbf0,0x00000000de400000)
  to   space 12288K, 0% used [0x00000000dcd00000,0x00000000dcd00000,0x00000000dd900000)
 ParOldGen       total 83968K, used 19188K [0x0000000082200000, 0x0000000087400000, 0x00000000d6100000)
  object space 83968K, 22% used [0x0000000082200000,0x00000000834bd280,0x0000000087400000)
 Metaspace       used 42822K, capacity 44298K, committed 44544K, reserved 1087488K
  class space    used 5822K, capacity 6136K, committed 6144K, reserved 1048576K
}
Event: 9.830 GC heap before
{Heap before GC invocations=13 (full 2):
 PSYoungGen      total 121856K, used 121654K [0x00000000d6100000, 0x00000000de700000, 0x0000000100000000)
  eden space 110592K, 100% used [0x00000000d6100000,0x00000000dcd00000,0x00000000dcd00000)
  from space 11264K, 98% used [0x00000000dd900000,0x00000000de3cdbf0,0x00000000de400000)
  to   space 12288K, 0% used [0x00000000dcd00000,0x00000000dcd00000,0x00000000dd900000)
 ParOldGen       total 83968K, used 19188K [0x0000000082200000, 0x0000000087400000, 0x00000000d6100000)
  object space 83968K, 22% used [0x0000000082200000,0x00000000834bd280,0x0000000087400000)
 Metaspace       used 42830K, capacity 44298K, committed 44544K, reserved 1087488K
  class space    used 5822K, capacity 6136K, committed 6144K, reserved 1048576K
Event: 9.840 GC heap after
Heap after GC invocations=13 (full 2):
 PSYoungGen      total 122880K, used 4288K [0x00000000d6100000, 0x00000000e1580000, 0x0000000100000000)
  eden space 110592K, 0% used [0x00000000d6100000,0x00000000d6100000,0x00000000dcd00000)
  from space 12288K, 34% used [0x00000000dcd00000,0x00000000dd130020,0x00000000dd900000)
  to   space 12800K, 0% used [0x00000000e0900000,0x00000000e0900000,0x00000000e1580000)
 ParOldGen       total 83968K, used 29558K [0x0000000082200000, 0x0000000087400000, 0x00000000d6100000)
  object space 83968K, 35% used [0x0000000082200000,0x0000000083edd920,0x0000000087400000)
 Metaspace       used 42830K, capacity 44298K, committed 44544K, reserved 1087488K
  class space    used 5822K, capacity 6136K, committed 6144K, reserved 1048576K
}
Event: 14.366 GC heap before
{Heap before GC invocations=14 (full 2):
 PSYoungGen      total 122880K, used 114769K [0x00000000d6100000, 0x00000000e1580000, 0x0000000100000000)
  eden space 110592K, 99% used [0x00000000d6100000,0x00000000dcce47c0,0x00000000dcd00000)
  from space 12288K, 34% used [0x00000000dcd00000,0x00000000dd130020,0x00000000dd900000)
  to   space 12800K, 0% used [0x00000000e0900000,0x00000000e0900000,0x00000000e1580000)
 ParOldGen       total 83968K, used 29558K [0x0000000082200000, 0x0000000087400000, 0x00000000d6100000)
  object space 83968K, 35% used [0x0000000082200000,0x0000000083edd920,0x0000000087400000)
 Metaspace       used 45995K, capacity 47776K, committed 48128K, reserved 1091584K
  class space    used 6216K, capacity 6543K, committed 6656K, reserved 1048576K
Event: 14.388 GC heap after
Heap after GC invocations=14 (full 2):
 PSYoungGen      total 165376K, used 12787K [0x00000000d6100000, 0x00000000e1f80000, 0x0000000100000000)
  eden space 152576K, 0% used [0x00000000d6100000,0x00000000d6100000,0x00000000df600000)
  from space 12800K, 99% used [0x00000000e0900000,0x00000000e157ce50,0x00000000e1580000)
  to   space 19456K, 0% used [0x00000000df600000,0x00000000df600000,0x00000000e0900000)
 ParOldGen       total 83968K, used 43294K [0x0000000082200000, 0x0000000087400000, 0x00000000d6100000)
  object space 83968K, 51% used [0x0000000082200000,0x0000000084c47a90,0x0000000087400000)
 Metaspace       used 45995K, capacity 47776K, committed 48128K, reserved 1091584K
  class space    used 6216K, capacity 6543K, committed 6656K, reserved 1048576K
}
Event: 17.657 GC heap before
{Heap before GC invocations=15 (full 2):
 PSYoungGen      total 165376K, used 165363K [0x00000000d6100000, 0x00000000e1f80000, 0x0000000100000000)
  eden space 152576K, 100% used [0x00000000d6100000,0x00000000df600000,0x00000000df600000)
  from space 12800K, 99% used [0x00000000e0900000,0x00000000e157ce50,0x00000000e1580000)
  to   space 19456K, 0% used [0x00000000df600000,0x00000000df600000,0x00000000e0900000)
 ParOldGen       total 83968K, used 43294K [0x0000000082200000, 0x0000000087400000, 0x00000000d6100000)
  object space 83968K, 51% used [0x0000000082200000,0x0000000084c47a90,0x0000000087400000)
 Metaspace       used 46658K, capacity 48470K, committed 48640K, reserved 1091584K
  class space    used 6234K, capacity 6550K, committed 6656K, reserved 1048576K
Event: 17.669 GC heap after
Heap after GC invocations=15 (full 2):
 PSYoungGen      total 172032K, used 9186K [0x00000000d6100000, 0x00000000e5200000, 0x0000000100000000)
  eden space 152576K, 0% used [0x00000000d6100000,0x00000000d6100000,0x00000000df600000)
  from space 19456K, 47% used [0x00000000df600000,0x00000000dfef8858,0x00000000e0900000)
  to   space 18432K, 0% used [0x00000000e4000000,0x00000000e4000000,0x00000000e5200000)
 ParOldGen       total 83968K, used 55543K [0x0000000082200000, 0x0000000087400000, 0x00000000d6100000)
  object space 83968K, 66% used [0x0000000082200000,0x000000008583dc60,0x0000000087400000)
 Metaspace       used 46658K, capacity 48470K, committed 48640K, reserved 1091584K
  class space    used 6234K, capacity 6550K, committed 6656K, reserved 1048576K
}

