# JRE version: Java(TM) SE Runtime Environment (8.0_191-b12) (build 1.8.0_191-b12)
# Java VM: Java HotSpot(TM) 64-Bit Server VM (25.191-b12 mixed mode windows-amd64 compressed oops)
Heap:
 PSYoungGen      total 240128K, used 170375K [0x00000000d6100000, 0x00000000e8000000, 0x0000000100000000)
  eden space 200704K, 65% used [0x00000000d6100000,0x00000000de0e3000,0x00000000e2500000)
  from space 39424K, 99% used [0x00000000e5100000,0x00000000e777ed80,0x00000000e7780000)
  to   space 45056K, 0% used [0x00000000e2500000,0x00000000e2500000,0x00000000e5100000)
 ParOldGen       total 123392K, used 88145K [0x0000000082200000, 0x0000000089a80000, 0x00000000d6100000)
  object space 123392K, 71% used [0x0000000082200000,0x0000000087814718,0x0000000089a80000)
 Metaspace       used 47278K, capacity 49192K, committed 49408K, reserved 1091584K
  class space    used 6264K, capacity 6592K, committed 6656K, reserved 1048576K
GC Heap History (10 events):
Event: 780.975 GC heap before
{Heap before GC invocations=18 (full 2):
 PSYoungGen      total 158720K, used 158693K [0x00000000d6100000, 0x00000000e4400000, 0x0000000100000000)
  eden space 134656K, 100% used [0x00000000d6100000,0x00000000de480000,0x00000000de480000)
  from space 24064K, 99% used [0x00000000de480000,0x00000000dfbf9600,0x00000000dfc00000)
  to   space 27648K, 0% used [0x00000000e2900000,0x00000000e2900000,0x00000000e4400000)
 ParOldGen       total 123392K, used 50053K [0x0000000082200000, 0x0000000089a80000, 0x00000000d6100000)
  object space 123392K, 40% used [0x0000000082200000,0x00000000852e1718,0x0000000089a80000)
 Metaspace       used 47011K, capacity 48910K, committed 49152K, reserved 1091584K
  class space    used 6240K, capacity 6579K, committed 6656K, reserved 1048576K
Event: 780.995 GC heap after
Heap after GC invocations=18 (full 2):
 PSYoungGen      total 201728K, used 25141K [0x00000000d6100000, 0x00000000e4980000, 0x0000000100000000)
  eden space 174080K, 0% used [0x00000000d6100000,0x00000000d6100000,0x00000000e0b00000)
  from space 27648K, 90% used [0x00000000e2900000,0x00000000e418d438,0x00000000e4400000)
  to   space 30720K, 0% used [0x00000000e0b00000,0x00000000e0b00000,0x00000000e2900000)
 ParOldGen       total 123392K, used 56261K [0x0000000082200000, 0x0000000089a80000, 0x00000000d6100000)
  object space 123392K, 45% used [0x0000000082200000,0x00000000858f1668,0x0000000089a80000)
 Metaspace       used 47011K, capacity 48910K, committed 49152K, reserved 1091584K
  class space    used 6240K, capacity 6579K, committed 6656K, reserved 1048576K
}
Event: 784.772 GC heap before
{Heap before GC invocations=19 (full 2):
 PSYoungGen      total 201728K, used 199221K [0x00000000d6100000, 0x00000000e4980000, 0x0000000100000000)
  eden space 174080K, 100% used [0x00000000d6100000,0x00000000e0b00000,0x00000000e0b00000)
  from space 27648K, 90% used [0x00000000e2900000,0x00000000e418d438,0x00000000e4400000)
  to   space 30720K, 0% used [0x00000000e0b00000,0x00000000e0b00000,0x00000000e2900000)
 ParOldGen       total 123392K, used 56266K [0x0000000082200000, 0x0000000089a80000, 0x00000000d6100000)
  object space 123392K, 45% used [0x0000000082200000,0x00000000858f2b30,0x0000000089a80000)
 Metaspace       used 47158K, capacity 49004K, committed 49152K, reserved 1091584K
  class space    used 6241K, capacity 6580K, committed 6656K, reserved 1048576K
Event: 784.790 GC heap after
Heap after GC invocations=19 (full 2):
 PSYoungGen      total 204800K, used 30717K [0x00000000d6100000, 0x00000000e7780000, 0x0000000100000000)
  eden space 174080K, 0% used [0x00000000d6100000,0x00000000d6100000,0x00000000e0b00000)
  from space 30720K, 99% used [0x00000000e0b00000,0x00000000e28ff5c0,0x00000000e2900000)
  to   space 39424K, 0% used [0x00000000e5100000,0x00000000e5100000,0x00000000e7780000)
 ParOldGen       total 123392K, used 68095K [0x0000000082200000, 0x0000000089a80000, 0x00000000d6100000)
  object space 123392K, 55% used [0x0000000082200000,0x000000008647ffd8,0x0000000089a80000)
 Metaspace       used 47158K, capacity 49004K, committed 49152K, reserved 1091584K
  class space    used 6241K, capacity 6580K, committed 6656K, reserved 1048576K
}
Event: 786.182 GC heap before
{Heap before GC invocations=20 (full 2):
 PSYoungGen      total 204800K, used 204797K [0x00000000d6100000, 0x00000000e7780000, 0x0000000100000000)
  eden space 174080K, 100% used [0x00000000d6100000,0x00000000e0b00000,0x00000000e0b00000)
  from space 30720K, 99% used [0x00000000e0b00000,0x00000000e28ff5c0,0x00000000e2900000)
  to   space 39424K, 0% used [0x00000000e5100000,0x00000000e5100000,0x00000000e7780000)
 ParOldGen       total 123392K, used 68879K [0x0000000082200000, 0x0000000089a80000, 0x00000000d6100000)
  object space 123392K, 55% used [0x0000000082200000,0x0000000086543dd8,0x0000000089a80000)
 Metaspace       used 47198K, capacity 49024K, committed 49152K, reserved 1091584K
  class space    used 6246K, capacity 6586K, committed 6656K, reserved 1048576K
Event: 786.193 GC heap after
Heap after GC invocations=20 (full 2):
 PSYoungGen      total 240128K, used 38506K [0x00000000d6100000, 0x00000000e8000000, 0x0000000100000000)
  eden space 200704K, 0% used [0x00000000d6100000,0x00000000d6100000,0x00000000e2500000)
  from space 39424K, 97% used [0x00000000e5100000,0x00000000e769aac0,0x00000000e7780000)
  to   space 45056K, 0% used [0x00000000e2500000,0x00000000e2500000,0x00000000e5100000)
 ParOldGen       total 123392K, used 71992K [0x0000000082200000, 0x0000000089a80000, 0x00000000d6100000)
  object space 123392K, 58% used [0x0000000082200000,0x000000008684e088,0x0000000089a80000)
 Metaspace       used 47198K, capacity 49024K, committed 49152K, reserved 1091584K
  class space    used 6246K, capacity 6586K, committed 6656K, reserved 1048576K
}
Event: 788.284 GC heap before
{Heap before GC invocations=21 (full 2):
 PSYoungGen      total 240128K, used 239210K [0x00000000d6100000, 0x00000000e8000000, 0x0000000100000000)
  eden space 200704K, 100% used [0x00000000d6100000,0x00000000e2500000,0x00000000e2500000)
  from space 39424K, 97% used [0x00000000e5100000,0x00000000e769aac0,0x00000000e7780000)
  to   space 45056K, 0% used [0x00000000e2500000,0x00000000e2500000,0x00000000e5100000)
 ParOldGen       total 123392K, used 72000K [0x0000000082200000, 0x0000000089a80000, 0x00000000d6100000)
  object space 123392K, 58% used [0x0000000082200000,0x0000000086850098,0x0000000089a80000)
 Metaspace       used 47205K, capacity 49088K, committed 49408K, reserved 1091584K
  class space    used 6246K, capacity 6586K, committed 6656K, reserved 1048576K
Event: 788.297 GC heap after
Heap after GC invocations=21 (full 2):
 PSYoungGen      total 245760K, used 39217K [0x00000000d6100000, 0x00000000e8000000, 0x0000000100000000)
  eden space 200704K, 0% used [0x00000000d6100000,0x00000000d6100000,0x00000000e2500000)
  from space 45056K, 87% used [0x00000000e2500000,0x00000000e4b4c428,0x00000000e5100000)
  to   space 39424K, 0% used [0x00000000e5100000,0x00000000e5100000,0x00000000e7780000)
 ParOldGen       total 123392K, used 72008K [0x0000000082200000, 0x0000000089a80000, 0x00000000d6100000)
  object space 123392K, 58% used [0x0000000082200000,0x0000000086852098,0x0000000089a80000)
 Metaspace       used 47205K, capacity 49088K, committed 49408K, reserved 1091584K
  class space    used 6246K, capacity 6586K, committed 6656K, reserved 1048576K
}
Event: 790.325 GC heap before
{Heap before GC invocations=22 (full 2):
 PSYoungGen      total 245760K, used 239921K [0x00000000d6100000, 0x00000000e8000000, 0x0000000100000000)
  eden space 200704K, 100% used [0x00000000d6100000,0x00000000e2500000,0x00000000e2500000)
  from space 45056K, 87% used [0x00000000e2500000,0x00000000e4b4c428,0x00000000e5100000)
  to   space 39424K, 0% used [0x00000000e5100000,0x00000000e5100000,0x00000000e7780000)
 ParOldGen       total 123392K, used 72012K [0x0000000082200000, 0x0000000089a80000, 0x00000000d6100000)
  object space 123392K, 58% used [0x0000000082200000,0x0000000086853290,0x0000000089a80000)
 Metaspace       used 47209K, capacity 49092K, committed 49408K, reserved 1091584K
  class space    used 6246K, capacity 6586K, committed 6656K, reserved 1048576K
Event: 790.340 GC heap after
Heap after GC invocations=22 (full 2):
 PSYoungGen      total 240128K, used 39419K [0x00000000d6100000, 0x00000000e8000000, 0x0000000100000000)
  eden space 200704K, 0% used [0x00000000d6100000,0x00000000d6100000,0x00000000e2500000)
  from space 39424K, 99% used [0x00000000e5100000,0x00000000e777ed80,0x00000000e7780000)
  to   space 45056K, 0% used [0x00000000e2500000,0x00000000e2500000,0x00000000e5100000)
 ParOldGen       total 123392K, used 88145K [0x0000000082200000, 0x0000000089a80000, 0x00000000d6100000)
  object space 123392K, 71% used [0x0000000082200000,0x0000000087814718,0x0000000089a80000)
 Metaspace       used 47209K, capacity 49092K, committed 49408K, reserved 1091584K
  class space    used 6246K, capacity 6586K, committed 6656K, reserved 1048576K
}

