# JRE version: Java(TM) SE Runtime Environment (8.0_241-b07) (build 1.8.0_241-b07)
# Java VM: Java HotSpot(TM) 64-Bit Server VM (25.241-b07 mixed mode windows-amd64 compressed oops)
Heap:
 PSYoungGen      total 412160K, used 187727K [0x00000000d6100000, 0x00000000f5800000, 0x0000000100000000)
  eden space 335360K, 55% used [0x00000000d6100000,0x00000000e1853e98,0x00000000ea880000)
  from space 76800K, 0% used [0x00000000efe00000,0x00000000efe00000,0x00000000f4900000)
  to   space 87552K, 0% used [0x00000000ea880000,0x00000000ea880000,0x00000000efe00000)
 ParOldGen       total 294912K, used 132577K [0x0000000082200000, 0x0000000094200000, 0x00000000d6100000)
  object space 294912K, 44% used [0x0000000082200000,0x000000008a378758,0x0000000094200000)
 Metaspace       used 55064K, capacity 57706K, committed 57856K, reserved 1099776K
  class space    used 7145K, capacity 7608K, committed 7680K, reserved 1048576K
GC Heap History (10 events):
Event: 344.343 GC heap before
{Heap before GC invocations=23 (full 3):
 PSYoungGen      total 337408K, used 337086K [0x00000000d6100000, 0x00000000edf00000, 0x0000000100000000)
  eden space 319488K, 100% used [0x00000000d6100000,0x00000000e9900000,0x00000000e9900000)
  from space 17920K, 98% used [0x00000000e9a00000,0x00000000eab2fb60,0x00000000eab80000)
  to   space 35840K, 0% used [0x00000000ebc00000,0x00000000ebc00000,0x00000000edf00000)
 ParOldGen       total 147456K, used 116668K [0x0000000082200000, 0x000000008b200000, 0x00000000d6100000)
  object space 147456K, 79% used [0x0000000082200000,0x00000000893ef210,0x000000008b200000)
 Metaspace       used 54373K, capacity 56842K, committed 56960K, reserved 1099776K
  class space    used 7100K, capacity 7540K, committed 7552K, reserved 1048576K
Event: 344.403 GC heap after
Heap after GC invocations=23 (full 3):
 PSYoungGen      total 331264K, used 35825K [0x00000000d6100000, 0x00000000f4080000, 0x0000000100000000)
  eden space 295424K, 0% used [0x00000000d6100000,0x00000000d6100000,0x00000000e8180000)
  from space 35840K, 99% used [0x00000000ebc00000,0x00000000edefc620,0x00000000edf00000)
  to   space 59904K, 0% used [0x00000000e8180000,0x00000000e8180000,0x00000000ebc00000)
 ParOldGen       total 167424K, used 167253K [0x0000000082200000, 0x000000008c580000, 0x00000000d6100000)
  object space 167424K, 99% used [0x0000000082200000,0x000000008c555620,0x000000008c580000)
 Metaspace       used 54373K, capacity 56842K, committed 56960K, reserved 1099776K
  class space    used 7100K, capacity 7540K, committed 7552K, reserved 1048576K
}
Event: 344.403 GC heap before
{Heap before GC invocations=24 (full 4):
 PSYoungGen      total 331264K, used 35825K [0x00000000d6100000, 0x00000000f4080000, 0x0000000100000000)
  eden space 295424K, 0% used [0x00000000d6100000,0x00000000d6100000,0x00000000e8180000)
  from space 35840K, 99% used [0x00000000ebc00000,0x00000000edefc620,0x00000000edf00000)
  to   space 59904K, 0% used [0x00000000e8180000,0x00000000e8180000,0x00000000ebc00000)
 ParOldGen       total 167424K, used 167253K [0x0000000082200000, 0x000000008c580000, 0x00000000d6100000)
  object space 167424K, 99% used [0x0000000082200000,0x000000008c555620,0x000000008c580000)
 Metaspace       used 54373K, capacity 56842K, committed 56960K, reserved 1099776K
  class space    used 7100K, capacity 7540K, committed 7552K, reserved 1048576K
Event: 344.589 GC heap after
Heap after GC invocations=24 (full 4):
 PSYoungGen      total 331264K, used 0K [0x00000000d6100000, 0x00000000f4080000, 0x0000000100000000)
  eden space 295424K, 0% used [0x00000000d6100000,0x00000000d6100000,0x00000000e8180000)
  from space 35840K, 0% used [0x00000000ebc00000,0x00000000ebc00000,0x00000000edf00000)
  to   space 59904K, 0% used [0x00000000e8180000,0x00000000e8180000,0x00000000ebc00000)
 ParOldGen       total 210432K, used 85342K [0x0000000082200000, 0x000000008ef80000, 0x00000000d6100000)
  object space 210432K, 40% used [0x0000000082200000,0x0000000087557988,0x000000008ef80000)
 Metaspace       used 54373K, capacity 56842K, committed 56960K, reserved 1099776K
  class space    used 7100K, capacity 7540K, committed 7552K, reserved 1048576K
}
Event: 361.348 GC heap before
{Heap before GC invocations=25 (full 4):
 PSYoungGen      total 331264K, used 295424K [0x00000000d6100000, 0x00000000f4080000, 0x0000000100000000)
  eden space 295424K, 100% used [0x00000000d6100000,0x00000000e8180000,0x00000000e8180000)
  from space 35840K, 0% used [0x00000000ebc00000,0x00000000ebc00000,0x00000000edf00000)
  to   space 59904K, 0% used [0x00000000e8180000,0x00000000e8180000,0x00000000ebc00000)
 ParOldGen       total 210432K, used 85342K [0x0000000082200000, 0x000000008ef80000, 0x00000000d6100000)
  object space 210432K, 40% used [0x0000000082200000,0x0000000087557988,0x000000008ef80000)
 Metaspace       used 54524K, capacity 56978K, committed 57216K, reserved 1099776K
  class space    used 7100K, capacity 7540K, committed 7552K, reserved 1048576K
Event: 361.398 GC heap after
Heap after GC invocations=25 (full 4):
 PSYoungGen      total 355328K, used 59904K [0x00000000d6100000, 0x00000000f4900000, 0x0000000100000000)
  eden space 295424K, 0% used [0x00000000d6100000,0x00000000d6100000,0x00000000e8180000)
  from space 59904K, 100% used [0x00000000e8180000,0x00000000ebc00000,0x00000000ebc00000)
  to   space 76800K, 0% used [0x00000000efe00000,0x00000000efe00000,0x00000000f4900000)
 ParOldGen       total 210432K, used 102878K [0x0000000082200000, 0x000000008ef80000, 0x00000000d6100000)
  object space 210432K, 48% used [0x0000000082200000,0x0000000088677988,0x000000008ef80000)
 Metaspace       used 54524K, capacity 56978K, committed 57216K, reserved 1099776K
  class space    used 7100K, capacity 7540K, committed 7552K, reserved 1048576K
}
Event: 408.695 GC heap before
{Heap before GC invocations=26 (full 4):
 PSYoungGen      total 355328K, used 355328K [0x00000000d6100000, 0x00000000f4900000, 0x0000000100000000)
  eden space 295424K, 100% used [0x00000000d6100000,0x00000000e8180000,0x00000000e8180000)
  from space 59904K, 100% used [0x00000000e8180000,0x00000000ebc00000,0x00000000ebc00000)
  to   space 76800K, 0% used [0x00000000efe00000,0x00000000efe00000,0x00000000f4900000)
 ParOldGen       total 210432K, used 102878K [0x0000000082200000, 0x000000008ef80000, 0x00000000d6100000)
  object space 210432K, 48% used [0x0000000082200000,0x0000000088677988,0x000000008ef80000)
 Metaspace       used 54713K, capacity 57182K, committed 57216K, reserved 1099776K
  class space    used 7108K, capacity 7542K, committed 7552K, reserved 1048576K
Event: 408.776 GC heap after
Heap after GC invocations=26 (full 4):
 PSYoungGen      total 412160K, used 68704K [0x00000000d6100000, 0x00000000f5800000, 0x0000000100000000)
  eden space 335360K, 0% used [0x00000000d6100000,0x00000000d6100000,0x00000000ea880000)
  from space 76800K, 89% used [0x00000000efe00000,0x00000000f4118000,0x00000000f4900000)
  to   space 87552K, 0% used [0x00000000ea880000,0x00000000ea880000,0x00000000efe00000)
 ParOldGen       total 210432K, used 162926K [0x0000000082200000, 0x000000008ef80000, 0x00000000d6100000)
  object space 210432K, 77% used [0x0000000082200000,0x000000008c11b988,0x000000008ef80000)
 Metaspace       used 54713K, capacity 57182K, committed 57216K, reserved 1099776K
  class space    used 7108K, capacity 7542K, committed 7552K, reserved 1048576K
}
Event: 408.776 GC heap before
{Heap before GC invocations=27 (full 5):
 PSYoungGen      total 412160K, used 68704K [0x00000000d6100000, 0x00000000f5800000, 0x0000000100000000)
  eden space 335360K, 0% used [0x00000000d6100000,0x00000000d6100000,0x00000000ea880000)
  from space 76800K, 89% used [0x00000000efe00000,0x00000000f4118000,0x00000000f4900000)
  to   space 87552K, 0% used [0x00000000ea880000,0x00000000ea880000,0x00000000efe00000)
 ParOldGen       total 210432K, used 162926K [0x0000000082200000, 0x000000008ef80000, 0x00000000d6100000)
  object space 210432K, 77% used [0x0000000082200000,0x000000008c11b988,0x000000008ef80000)
 Metaspace       used 54713K, capacity 57182K, committed 57216K, reserved 1099776K
  class space    used 7108K, capacity 7542K, committed 7552K, reserved 1048576K
Event: 409.040 GC heap after
Heap after GC invocations=27 (full 5):
 PSYoungGen      total 412160K, used 0K [0x00000000d6100000, 0x00000000f5800000, 0x0000000100000000)
  eden space 335360K, 0% used [0x00000000d6100000,0x00000000d6100000,0x00000000ea880000)
  from space 76800K, 0% used [0x00000000efe00000,0x00000000efe00000,0x00000000f4900000)
  to   space 87552K, 0% used [0x00000000ea880000,0x00000000ea880000,0x00000000efe00000)
 ParOldGen       total 294912K, used 132577K [0x0000000082200000, 0x0000000094200000, 0x00000000d6100000)
  object space 294912K, 44% used [0x0000000082200000,0x000000008a378758,0x0000000094200000)
 Metaspace       used 54713K, capacity 57182K, committed 57216K, reserved 1099776K
  class space    used 7108K, capacity 7542K, committed 7552K, reserved 1048576K
}

