# JRE version: Java(TM) SE Runtime Environment (8.0_241-b07) (build 1.8.0_241-b07)
# Java VM: Java HotSpot(TM) 64-Bit Server VM (25.241-b07 mixed mode windows-amd64 compressed oops)
Heap:
 PSYoungGen      total 291328K, used 74635K [0x00000000d6100000, 0x00000000ee980000, 0x0000000100000000)
  eden space 259584K, 25% used [0x00000000d6100000,0x00000000da1360e8,0x00000000e5e80000)
  from space 31744K, 27% used [0x00000000e5e80000,0x00000000e672ceb8,0x00000000e7d80000)
  to   space 30720K, 0% used [0x00000000ecb80000,0x00000000ecb80000,0x00000000ee980000)
 ParOldGen       total 143360K, used 77733K [0x0000000082200000, 0x000000008ae00000, 0x00000000d6100000)
  object space 143360K, 54% used [0x0000000082200000,0x0000000086de95d0,0x000000008ae00000)
 Metaspace       used 52000K, capacity 54316K, committed 54488K, reserved 1095680K
  class space    used 6903K, capacity 7319K, committed 7424K, reserved 1048576K
GC Heap History (10 events):
Event: 20.748 GC heap before
{Heap before GC invocations=14 (full 2):
 PSYoungGen      total 154624K, used 154615K [0x00000000d6100000, 0x00000000e4e00000, 0x0000000100000000)
  eden space 139776K, 100% used [0x00000000d6100000,0x00000000de980000,0x00000000de980000)
  from space 14848K, 99% used [0x00000000de980000,0x00000000df7fdd30,0x00000000df800000)
  to   space 20992K, 0% used [0x00000000e3980000,0x00000000e3980000,0x00000000e4e00000)
 ParOldGen       total 72704K, used 31253K [0x0000000082200000, 0x0000000086900000, 0x00000000d6100000)
  object space 72704K, 42% used [0x0000000082200000,0x00000000840854b0,0x0000000086900000)
 Metaspace       used 46961K, capacity 48852K, committed 49112K, reserved 1091584K
  class space    used 6274K, capacity 6625K, committed 6656K, reserved 1048576K
Event: 20.767 GC heap after
Heap after GC invocations=14 (full 2):
 PSYoungGen      total 212480K, used 20968K [0x00000000d6100000, 0x00000000e5c00000, 0x0000000100000000)
  eden space 191488K, 0% used [0x00000000d6100000,0x00000000d6100000,0x00000000e1c00000)
  from space 20992K, 99% used [0x00000000e3980000,0x00000000e4dfa120,0x00000000e4e00000)
  to   space 30208K, 0% used [0x00000000e1c00000,0x00000000e1c00000,0x00000000e3980000)
 ParOldGen       total 72704K, used 47738K [0x0000000082200000, 0x0000000086900000, 0x00000000d6100000)
  object space 72704K, 65% used [0x0000000082200000,0x000000008509e858,0x0000000086900000)
 Metaspace       used 46961K, capacity 48852K, committed 49112K, reserved 1091584K
  class space    used 6274K, capacity 6625K, committed 6656K, reserved 1048576K
}
Event: 25.971 GC heap before
{Heap before GC invocations=15 (full 2):
 PSYoungGen      total 212480K, used 212456K [0x00000000d6100000, 0x00000000e5c00000, 0x0000000100000000)
  eden space 191488K, 100% used [0x00000000d6100000,0x00000000e1c00000,0x00000000e1c00000)
  from space 20992K, 99% used [0x00000000e3980000,0x00000000e4dfa120,0x00000000e4e00000)
  to   space 30208K, 0% used [0x00000000e1c00000,0x00000000e1c00000,0x00000000e3980000)
 ParOldGen       total 72704K, used 47738K [0x0000000082200000, 0x0000000086900000, 0x00000000d6100000)
  object space 72704K, 65% used [0x0000000082200000,0x000000008509e858,0x0000000086900000)
 Metaspace       used 47105K, capacity 48986K, committed 49112K, reserved 1091584K
  class space    used 6276K, capacity 6626K, committed 6656K, reserved 1048576K
Event: 25.986 GC heap after
Heap after GC invocations=15 (full 2):
 PSYoungGen      total 221696K, used 2197K [0x00000000d6100000, 0x00000000e9c00000, 0x0000000100000000)
  eden space 191488K, 0% used [0x00000000d6100000,0x00000000d6100000,0x00000000e1c00000)
  from space 30208K, 7% used [0x00000000e1c00000,0x00000000e1e256b0,0x00000000e3980000)
  to   space 30208K, 0% used [0x00000000e7e80000,0x00000000e7e80000,0x00000000e9c00000)
 ParOldGen       total 72704K, used 68221K [0x0000000082200000, 0x0000000086900000, 0x00000000d6100000)
  object space 72704K, 93% used [0x0000000082200000,0x000000008649f628,0x0000000086900000)
 Metaspace       used 47105K, capacity 48986K, committed 49112K, reserved 1091584K
  class space    used 6276K, capacity 6626K, committed 6656K, reserved 1048576K
}
Event: 25.986 GC heap before
{Heap before GC invocations=16 (full 3):
 PSYoungGen      total 221696K, used 2197K [0x00000000d6100000, 0x00000000e9c00000, 0x0000000100000000)
  eden space 191488K, 0% used [0x00000000d6100000,0x00000000d6100000,0x00000000e1c00000)
  from space 30208K, 7% used [0x00000000e1c00000,0x00000000e1e256b0,0x00000000e3980000)
  to   space 30208K, 0% used [0x00000000e7e80000,0x00000000e7e80000,0x00000000e9c00000)
 ParOldGen       total 72704K, used 68221K [0x0000000082200000, 0x0000000086900000, 0x00000000d6100000)
  object space 72704K, 93% used [0x0000000082200000,0x000000008649f628,0x0000000086900000)
 Metaspace       used 47105K, capacity 48986K, committed 49112K, reserved 1091584K
  class space    used 6276K, capacity 6626K, committed 6656K, reserved 1048576K
Event: 26.191 GC heap after
Heap after GC invocations=16 (full 3):
 PSYoungGen      total 221696K, used 0K [0x00000000d6100000, 0x00000000e9c00000, 0x0000000100000000)
  eden space 191488K, 0% used [0x00000000d6100000,0x00000000d6100000,0x00000000e1c00000)
  from space 30208K, 0% used [0x00000000e1c00000,0x00000000e1c00000,0x00000000e3980000)
  to   space 30208K, 0% used [0x00000000e7e80000,0x00000000e7e80000,0x00000000e9c00000)
 ParOldGen       total 143360K, used 61827K [0x0000000082200000, 0x000000008ae00000, 0x00000000d6100000)
  object space 143360K, 43% used [0x0000000082200000,0x0000000085e60c78,0x000000008ae00000)
 Metaspace       used 47101K, capacity 48980K, committed 49112K, reserved 1091584K
  class space    used 6276K, capacity 6625K, committed 6656K, reserved 1048576K
}
Event: 27.759 GC heap before
{Heap before GC invocations=17 (full 3):
 PSYoungGen      total 221696K, used 191488K [0x00000000d6100000, 0x00000000e9c00000, 0x0000000100000000)
  eden space 191488K, 100% used [0x00000000d6100000,0x00000000e1c00000,0x00000000e1c00000)
  from space 30208K, 0% used [0x00000000e1c00000,0x00000000e1c00000,0x00000000e3980000)
  to   space 30208K, 0% used [0x00000000e7e80000,0x00000000e7e80000,0x00000000e9c00000)
 ParOldGen       total 143360K, used 61827K [0x0000000082200000, 0x000000008ae00000, 0x00000000d6100000)
  object space 143360K, 43% used [0x0000000082200000,0x0000000085e60c78,0x000000008ae00000)
 Metaspace       used 47199K, capacity 49140K, committed 49496K, reserved 1091584K
  class space    used 6281K, capacity 6657K, committed 6784K, reserved 1048576K
Event: 27.767 GC heap after
Heap after GC invocations=17 (full 3):
 PSYoungGen      total 289792K, used 21392K [0x00000000d6100000, 0x00000000e9c80000, 0x0000000100000000)
  eden space 259584K, 0% used [0x00000000d6100000,0x00000000d6100000,0x00000000e5e80000)
  from space 30208K, 70% used [0x00000000e7e80000,0x00000000e9364010,0x00000000e9c00000)
  to   space 31744K, 0% used [0x00000000e5e80000,0x00000000e5e80000,0x00000000e7d80000)
 ParOldGen       total 143360K, used 61827K [0x0000000082200000, 0x000000008ae00000, 0x00000000d6100000)
  object space 143360K, 43% used [0x0000000082200000,0x0000000085e60c78,0x000000008ae00000)
 Metaspace       used 47199K, capacity 49140K, committed 49496K, reserved 1091584K
  class space    used 6281K, capacity 6657K, committed 6784K, reserved 1048576K
}
Event: 55.510 GC heap before
{Heap before GC invocations=18 (full 3):
 PSYoungGen      total 289792K, used 280976K [0x00000000d6100000, 0x00000000e9c80000, 0x0000000100000000)
  eden space 259584K, 100% used [0x00000000d6100000,0x00000000e5e80000,0x00000000e5e80000)
  from space 30208K, 70% used [0x00000000e7e80000,0x00000000e9364010,0x00000000e9c00000)
  to   space 31744K, 0% used [0x00000000e5e80000,0x00000000e5e80000,0x00000000e7d80000)
 ParOldGen       total 143360K, used 61827K [0x0000000082200000, 0x000000008ae00000, 0x00000000d6100000)
  object space 143360K, 43% used [0x0000000082200000,0x0000000085e60c78,0x000000008ae00000)
 Metaspace       used 51840K, capacity 54176K, committed 54488K, reserved 1095680K
  class space    used 6897K, capacity 7317K, committed 7424K, reserved 1048576K
Event: 55.522 GC heap after
Heap after GC invocations=18 (full 3):
 PSYoungGen      total 291328K, used 8883K [0x00000000d6100000, 0x00000000ee980000, 0x0000000100000000)
  eden space 259584K, 0% used [0x00000000d6100000,0x00000000d6100000,0x00000000e5e80000)
  from space 31744K, 27% used [0x00000000e5e80000,0x00000000e672ceb8,0x00000000e7d80000)
  to   space 30720K, 0% used [0x00000000ecb80000,0x00000000ecb80000,0x00000000ee980000)
 ParOldGen       total 143360K, used 77733K [0x0000000082200000, 0x000000008ae00000, 0x00000000d6100000)
  object space 143360K, 54% used [0x0000000082200000,0x0000000086de95d0,0x000000008ae00000)
 Metaspace       used 51840K, capacity 54176K, committed 54488K, reserved 1095680K
  class space    used 6897K, capacity 7317K, committed 7424K, reserved 1048576K
}

