# JRE version: Java(TM) SE Runtime Environment (8.0_191-b12) (build 1.8.0_191-b12)
# Java VM: Java HotSpot(TM) 64-Bit Server VM (25.191-b12 mixed mode windows-amd64 compressed oops)
Heap:
 PSYoungGen      total 155648K, used 100690K [0x00000000d6100000, 0x00000000e1b00000, 0x0000000100000000)
  eden space 132608K, 58% used [0x00000000d6100000,0x00000000dacd8bc8,0x00000000de280000)
  from space 23040K, 99% used [0x00000000dfe00000,0x00000000e147bdc0,0x00000000e1480000)
  to   space 28160K, 0% used [0x00000000de280000,0x00000000de280000,0x00000000dfe00000)
 ParOldGen       total 124928K, used 49788K [0x0000000082200000, 0x0000000089c00000, 0x00000000d6100000)
  object space 124928K, 39% used [0x0000000082200000,0x000000008529f200,0x0000000089c00000)
 Metaspace       used 48085K, capacity 50034K, committed 50304K, reserved 1093632K
  class space    used 6411K, capacity 6783K, committed 6784K, reserved 1048576K
GC Heap History (10 events):
Event: 21.830 GC heap before
{Heap before GC invocations=12 (full 2):
 PSYoungGen      total 74240K, used 71129K [0x00000000d6100000, 0x00000000dbc00000, 0x0000000100000000)
  eden space 62976K, 100% used [0x00000000d6100000,0x00000000d9e80000,0x00000000d9e80000)
  from space 11264K, 72% used [0x00000000d9e80000,0x00000000da6767e0,0x00000000da980000)
  to   space 10752K, 0% used [0x00000000db180000,0x00000000db180000,0x00000000dbc00000)
 ParOldGen       total 124928K, used 23102K [0x0000000082200000, 0x0000000089c00000, 0x00000000d6100000)
  object space 124928K, 18% used [0x0000000082200000,0x000000008388fa00,0x0000000089c00000)
 Metaspace       used 42810K, capacity 44214K, committed 44544K, reserved 1087488K
  class space    used 5809K, capacity 6119K, committed 6144K, reserved 1048576K
Event: 21.839 GC heap after
Heap after GC invocations=12 (full 2):
 PSYoungGen      total 81920K, used 8932K [0x00000000d6100000, 0x00000000dcb00000, 0x0000000100000000)
  eden space 71168K, 0% used [0x00000000d6100000,0x00000000d6100000,0x00000000da680000)
  from space 10752K, 83% used [0x00000000db180000,0x00000000dba39030,0x00000000dbc00000)
  to   space 11264K, 0% used [0x00000000da680000,0x00000000da680000,0x00000000db180000)
 ParOldGen       total 124928K, used 23110K [0x0000000082200000, 0x0000000089c00000, 0x00000000d6100000)
  object space 124928K, 18% used [0x0000000082200000,0x0000000083891a00,0x0000000089c00000)
 Metaspace       used 42810K, capacity 44214K, committed 44544K, reserved 1087488K
  class space    used 5809K, capacity 6119K, committed 6144K, reserved 1048576K
}
Event: 21.899 GC heap before
{Heap before GC invocations=13 (full 2):
 PSYoungGen      total 81920K, used 80100K [0x00000000d6100000, 0x00000000dcb00000, 0x0000000100000000)
  eden space 71168K, 100% used [0x00000000d6100000,0x00000000da680000,0x00000000da680000)
  from space 10752K, 83% used [0x00000000db180000,0x00000000dba39030,0x00000000dbc00000)
  to   space 11264K, 0% used [0x00000000da680000,0x00000000da680000,0x00000000db180000)
 ParOldGen       total 124928K, used 23110K [0x0000000082200000, 0x0000000089c00000, 0x00000000d6100000)
  object space 124928K, 18% used [0x0000000082200000,0x0000000083891a00,0x0000000089c00000)
 Metaspace       used 42818K, capacity 44214K, committed 44544K, reserved 1087488K
  class space    used 5809K, capacity 6119K, committed 6144K, reserved 1048576K
Event: 21.908 GC heap after
Heap after GC invocations=13 (full 2):
 PSYoungGen      total 82432K, used 11252K [0x00000000d6100000, 0x00000000ddd00000, 0x0000000100000000)
  eden space 71168K, 0% used [0x00000000d6100000,0x00000000d6100000,0x00000000da680000)
  from space 11264K, 99% used [0x00000000da680000,0x00000000db17d040,0x00000000db180000)
  to   space 12288K, 0% used [0x00000000dd100000,0x00000000dd100000,0x00000000ddd00000)
 ParOldGen       total 124928K, used 23142K [0x0000000082200000, 0x0000000089c00000, 0x00000000d6100000)
  object space 124928K, 18% used [0x0000000082200000,0x0000000083899a00,0x0000000089c00000)
 Metaspace       used 42818K, capacity 44214K, committed 44544K, reserved 1087488K
  class space    used 5809K, capacity 6119K, committed 6144K, reserved 1048576K
}
Event: 23.161 GC heap before
{Heap before GC invocations=14 (full 2):
 PSYoungGen      total 82432K, used 82420K [0x00000000d6100000, 0x00000000ddd00000, 0x0000000100000000)
  eden space 71168K, 100% used [0x00000000d6100000,0x00000000da680000,0x00000000da680000)
  from space 11264K, 99% used [0x00000000da680000,0x00000000db17d040,0x00000000db180000)
  to   space 12288K, 0% used [0x00000000dd100000,0x00000000dd100000,0x00000000ddd00000)
 ParOldGen       total 124928K, used 23142K [0x0000000082200000, 0x0000000089c00000, 0x00000000d6100000)
  object space 124928K, 18% used [0x0000000082200000,0x0000000083899a00,0x0000000089c00000)
 Metaspace       used 45111K, capacity 46832K, committed 46976K, reserved 1089536K
  class space    used 6156K, capacity 6480K, committed 6528K, reserved 1048576K
Event: 23.174 GC heap after
Heap after GC invocations=14 (full 2):
 PSYoungGen      total 112128K, used 12256K [0x00000000d6100000, 0x00000000de000000, 0x0000000100000000)
  eden space 99840K, 0% used [0x00000000d6100000,0x00000000d6100000,0x00000000dc280000)
  from space 12288K, 99% used [0x00000000dd100000,0x00000000ddcf8030,0x00000000ddd00000)
  to   space 14848K, 0% used [0x00000000dc280000,0x00000000dc280000,0x00000000dd100000)
 ParOldGen       total 124928K, used 27589K [0x0000000082200000, 0x0000000089c00000, 0x00000000d6100000)
  object space 124928K, 22% used [0x0000000082200000,0x0000000083cf1760,0x0000000089c00000)
 Metaspace       used 45111K, capacity 46832K, committed 46976K, reserved 1089536K
  class space    used 6156K, capacity 6480K, committed 6528K, reserved 1048576K
}
Event: 24.268 GC heap before
{Heap before GC invocations=15 (full 2):
 PSYoungGen      total 112128K, used 112096K [0x00000000d6100000, 0x00000000de000000, 0x0000000100000000)
  eden space 99840K, 100% used [0x00000000d6100000,0x00000000dc280000,0x00000000dc280000)
  from space 12288K, 99% used [0x00000000dd100000,0x00000000ddcf8030,0x00000000ddd00000)
  to   space 14848K, 0% used [0x00000000dc280000,0x00000000dc280000,0x00000000dd100000)
 ParOldGen       total 124928K, used 27589K [0x0000000082200000, 0x0000000089c00000, 0x00000000d6100000)
  object space 124928K, 22% used [0x0000000082200000,0x0000000083cf1760,0x0000000089c00000)
 Metaspace       used 45889K, capacity 47616K, committed 47744K, reserved 1091584K
  class space    used 6199K, capacity 6524K, committed 6528K, reserved 1048576K
Event: 24.286 GC heap after
Heap after GC invocations=15 (full 2):
 PSYoungGen      total 114688K, used 14831K [0x00000000d6100000, 0x00000000e1480000, 0x0000000100000000)
  eden space 99840K, 0% used [0x00000000d6100000,0x00000000d6100000,0x00000000dc280000)
  from space 14848K, 99% used [0x00000000dc280000,0x00000000dd0fbef0,0x00000000dd100000)
  to   space 23040K, 0% used [0x00000000dfe00000,0x00000000dfe00000,0x00000000e1480000)
 ParOldGen       total 124928K, used 44909K [0x0000000082200000, 0x0000000089c00000, 0x00000000d6100000)
  object space 124928K, 35% used [0x0000000082200000,0x0000000084ddb578,0x0000000089c00000)
 Metaspace       used 45889K, capacity 47616K, committed 47744K, reserved 1091584K
  class space    used 6199K, capacity 6524K, committed 6528K, reserved 1048576K
}
Event: 37.490 GC heap before
{Heap before GC invocations=16 (full 2):
 PSYoungGen      total 114688K, used 114671K [0x00000000d6100000, 0x00000000e1480000, 0x0000000100000000)
  eden space 99840K, 100% used [0x00000000d6100000,0x00000000dc280000,0x00000000dc280000)
  from space 14848K, 99% used [0x00000000dc280000,0x00000000dd0fbef0,0x00000000dd100000)
  to   space 23040K, 0% used [0x00000000dfe00000,0x00000000dfe00000,0x00000000e1480000)
 ParOldGen       total 124928K, used 44909K [0x0000000082200000, 0x0000000089c00000, 0x00000000d6100000)
  object space 124928K, 35% used [0x0000000082200000,0x0000000084ddb578,0x0000000089c00000)
 Metaspace       used 47452K, capacity 49284K, committed 49536K, reserved 1091584K
  class space    used 6342K, capacity 6698K, committed 6784K, reserved 1048576K
Event: 37.510 GC heap after
Heap after GC invocations=16 (full 2):
 PSYoungGen      total 155648K, used 23023K [0x00000000d6100000, 0x00000000e1b00000, 0x0000000100000000)
  eden space 132608K, 0% used [0x00000000d6100000,0x00000000d6100000,0x00000000de280000)
  from space 23040K, 99% used [0x00000000dfe00000,0x00000000e147bdc0,0x00000000e1480000)
  to   space 28160K, 0% used [0x00000000de280000,0x00000000de280000,0x00000000dfe00000)
 ParOldGen       total 124928K, used 49788K [0x0000000082200000, 0x0000000089c00000, 0x00000000d6100000)
  object space 124928K, 39% used [0x0000000082200000,0x000000008529f200,0x0000000089c00000)
 Metaspace       used 47452K, capacity 49284K, committed 49536K, reserved 1091584K
  class space    used 6342K, capacity 6698K, committed 6784K, reserved 1048576K
}

