# JRE version: Java(TM) SE Runtime Environment (8.0_191-b12) (build 1.8.0_191-b12)
# Java VM: Java HotSpot(TM) 64-Bit Server VM (25.191-b12 mixed mode windows-amd64 compressed oops)
Heap:
 PSYoungGen      total 174592K, used 133634K [0x00000000d6100000, 0x00000000e2500000, 0x0000000100000000)
  eden space 161280K, 74% used [0x00000000d6100000,0x00000000dd680a80,0x00000000dfe80000)
  from space 13312K, 100% used [0x00000000e1080000,0x00000000e1d80000,0x00000000e1d80000)
  to   space 18432K, 0% used [0x00000000dfe80000,0x00000000dfe80000,0x00000000e1080000)
 ParOldGen       total 84480K, used 35496K [0x0000000082200000, 0x0000000087480000, 0x00000000d6100000)
  object space 84480K, 42% used [0x0000000082200000,0x00000000844aa348,0x0000000087480000)
 Metaspace       used 46252K, capacity 48084K, committed 48384K, reserved 1091584K
  class space    used 6217K, capacity 6547K, committed 6656K, reserved 1048576K
GC Heap History (10 events):
Event: 11.327 GC heap before
{Heap before GC invocations=10 (full 2):
 PSYoungGen      total 56832K, used 45056K [0x00000000d6100000, 0x00000000dc680000, 0x0000000100000000)
  eden space 45056K, 100% used [0x00000000d6100000,0x00000000d8d00000,0x00000000d8d00000)
  from space 11776K, 0% used [0x00000000d8d00000,0x00000000d8d00000,0x00000000d9880000)
  to   space 11264K, 0% used [0x00000000dbb80000,0x00000000dbb80000,0x00000000dc680000)
 ParOldGen       total 84480K, used 15912K [0x0000000082200000, 0x0000000087480000, 0x00000000d6100000)
  object space 84480K, 18% used [0x0000000082200000,0x000000008318a378,0x0000000087480000)
 Metaspace       used 36528K, capacity 37384K, committed 37760K, reserved 1081344K
  class space    used 5007K, capacity 5215K, committed 5248K, reserved 1048576K
Event: 11.331 GC heap after
Heap after GC invocations=10 (full 2):
 PSYoungGen      total 88576K, used 4233K [0x00000000d6100000, 0x00000000dc480000, 0x0000000100000000)
  eden space 79360K, 0% used [0x00000000d6100000,0x00000000d6100000,0x00000000dae80000)
  from space 9216K, 45% used [0x00000000dbb80000,0x00000000dbfa26c0,0x00000000dc480000)
  to   space 11264K, 0% used [0x00000000dae80000,0x00000000dae80000,0x00000000db980000)
 ParOldGen       total 84480K, used 15920K [0x0000000082200000, 0x0000000087480000, 0x00000000d6100000)
  object space 84480K, 18% used [0x0000000082200000,0x000000008318c378,0x0000000087480000)
 Metaspace       used 36528K, capacity 37384K, committed 37760K, reserved 1081344K
  class space    used 5007K, capacity 5215K, committed 5248K, reserved 1048576K
}
Event: 15.508 GC heap before
{Heap before GC invocations=11 (full 2):
 PSYoungGen      total 88576K, used 83593K [0x00000000d6100000, 0x00000000dc480000, 0x0000000100000000)
  eden space 79360K, 100% used [0x00000000d6100000,0x00000000dae80000,0x00000000dae80000)
  from space 9216K, 45% used [0x00000000dbb80000,0x00000000dbfa26c0,0x00000000dc480000)
  to   space 11264K, 0% used [0x00000000dae80000,0x00000000dae80000,0x00000000db980000)
 ParOldGen       total 84480K, used 15920K [0x0000000082200000, 0x0000000087480000, 0x00000000d6100000)
  object space 84480K, 18% used [0x0000000082200000,0x000000008318c378,0x0000000087480000)
 Metaspace       used 41753K, capacity 43102K, committed 43392K, reserved 1087488K
  class space    used 5714K, capacity 5970K, committed 6016K, reserved 1048576K
Event: 15.515 GC heap after
Heap after GC invocations=11 (full 2):
 PSYoungGen      total 90624K, used 10101K [0x00000000d6100000, 0x00000000de780000, 0x0000000100000000)
  eden space 79360K, 0% used [0x00000000d6100000,0x00000000d6100000,0x00000000dae80000)
  from space 11264K, 89% used [0x00000000dae80000,0x00000000db85d480,0x00000000db980000)
  to   space 12288K, 0% used [0x00000000ddb80000,0x00000000ddb80000,0x00000000de780000)
 ParOldGen       total 84480K, used 15928K [0x0000000082200000, 0x0000000087480000, 0x00000000d6100000)
  object space 84480K, 18% used [0x0000000082200000,0x000000008318e378,0x0000000087480000)
 Metaspace       used 41753K, capacity 43102K, committed 43392K, reserved 1087488K
  class space    used 5714K, capacity 5970K, committed 6016K, reserved 1048576K
}
Event: 17.605 GC heap before
{Heap before GC invocations=12 (full 2):
 PSYoungGen      total 90624K, used 89461K [0x00000000d6100000, 0x00000000de780000, 0x0000000100000000)
  eden space 79360K, 100% used [0x00000000d6100000,0x00000000dae80000,0x00000000dae80000)
  from space 11264K, 89% used [0x00000000dae80000,0x00000000db85d480,0x00000000db980000)
  to   space 12288K, 0% used [0x00000000ddb80000,0x00000000ddb80000,0x00000000de780000)
 ParOldGen       total 84480K, used 15928K [0x0000000082200000, 0x0000000087480000, 0x00000000d6100000)
  object space 84480K, 18% used [0x0000000082200000,0x000000008318e378,0x0000000087480000)
 Metaspace       used 42573K, capacity 43980K, committed 44288K, reserved 1087488K
  class space    used 5808K, capacity 6133K, committed 6144K, reserved 1048576K
Event: 17.614 GC heap after
Heap after GC invocations=12 (full 2):
 PSYoungGen      total 123392K, used 12275K [0x00000000d6100000, 0x00000000de880000, 0x0000000100000000)
  eden space 111104K, 0% used [0x00000000d6100000,0x00000000d6100000,0x00000000dcd80000)
  from space 12288K, 99% used [0x00000000ddb80000,0x00000000de77cc78,0x00000000de780000)
  to   space 13824K, 0% used [0x00000000dcd80000,0x00000000dcd80000,0x00000000ddb00000)
 ParOldGen       total 84480K, used 16539K [0x0000000082200000, 0x0000000087480000, 0x00000000d6100000)
  object space 84480K, 19% used [0x0000000082200000,0x0000000083226ce8,0x0000000087480000)
 Metaspace       used 42573K, capacity 43980K, committed 44288K, reserved 1087488K
  class space    used 5808K, capacity 6133K, committed 6144K, reserved 1048576K
}
Event: 17.716 GC heap before
{Heap before GC invocations=13 (full 2):
 PSYoungGen      total 123392K, used 123379K [0x00000000d6100000, 0x00000000de880000, 0x0000000100000000)
  eden space 111104K, 100% used [0x00000000d6100000,0x00000000dcd80000,0x00000000dcd80000)
  from space 12288K, 99% used [0x00000000ddb80000,0x00000000de77cc78,0x00000000de780000)
  to   space 13824K, 0% used [0x00000000dcd80000,0x00000000dcd80000,0x00000000ddb00000)
 ParOldGen       total 84480K, used 16539K [0x0000000082200000, 0x0000000087480000, 0x00000000d6100000)
  object space 84480K, 19% used [0x0000000082200000,0x0000000083226ce8,0x0000000087480000)
 Metaspace       used 42581K, capacity 43980K, committed 44288K, reserved 1087488K
  class space    used 5808K, capacity 6133K, committed 6144K, reserved 1048576K
Event: 17.726 GC heap after
Heap after GC invocations=13 (full 2):
 PSYoungGen      total 124928K, used 7264K [0x00000000d6100000, 0x00000000e1d80000, 0x0000000100000000)
  eden space 111104K, 0% used [0x00000000d6100000,0x00000000d6100000,0x00000000dcd80000)
  from space 13824K, 52% used [0x00000000dcd80000,0x00000000dd4982c0,0x00000000ddb00000)
  to   space 13312K, 0% used [0x00000000e1080000,0x00000000e1080000,0x00000000e1d80000)
 ParOldGen       total 84480K, used 25211K [0x0000000082200000, 0x0000000087480000, 0x00000000d6100000)
  object space 84480K, 29% used [0x0000000082200000,0x0000000083a9ef28,0x0000000087480000)
 Metaspace       used 42581K, capacity 43980K, committed 44288K, reserved 1087488K
  class space    used 5808K, capacity 6133K, committed 6144K, reserved 1048576K
}
Event: 21.465 GC heap before
{Heap before GC invocations=14 (full 2):
 PSYoungGen      total 124928K, used 118368K [0x00000000d6100000, 0x00000000e1d80000, 0x0000000100000000)
  eden space 111104K, 100% used [0x00000000d6100000,0x00000000dcd80000,0x00000000dcd80000)
  from space 13824K, 52% used [0x00000000dcd80000,0x00000000dd4982c0,0x00000000ddb00000)
  to   space 13312K, 0% used [0x00000000e1080000,0x00000000e1080000,0x00000000e1d80000)
 ParOldGen       total 84480K, used 25211K [0x0000000082200000, 0x0000000087480000, 0x00000000d6100000)
  object space 84480K, 29% used [0x0000000082200000,0x0000000083a9ef28,0x0000000087480000)
 Metaspace       used 45539K, capacity 47360K, committed 47616K, reserved 1089536K
  class space    used 6182K, capacity 6531K, committed 6656K, reserved 1048576K
Event: 21.483 GC heap after
Heap after GC invocations=14 (full 2):
 PSYoungGen      total 174592K, used 13312K [0x00000000d6100000, 0x00000000e2500000, 0x0000000100000000)
  eden space 161280K, 0% used [0x00000000d6100000,0x00000000d6100000,0x00000000dfe80000)
  from space 13312K, 100% used [0x00000000e1080000,0x00000000e1d80000,0x00000000e1d80000)
  to   space 18432K, 0% used [0x00000000dfe80000,0x00000000dfe80000,0x00000000e1080000)
 ParOldGen       total 84480K, used 35496K [0x0000000082200000, 0x0000000087480000, 0x00000000d6100000)
  object space 84480K, 42% used [0x0000000082200000,0x00000000844aa348,0x0000000087480000)
 Metaspace       used 45539K, capacity 47360K, committed 47616K, reserved 1089536K
  class space    used 6182K, capacity 6531K, committed 6656K, reserved 1048576K
}

