# JRE version: Java(TM) SE Runtime Environment (8.0_191-b12) (build 1.8.0_191-b12)
# Java VM: Java HotSpot(TM) 64-Bit Server VM (25.191-b12 mixed mode windows-amd64 compressed oops)
Heap:
 PSYoungGen      total 60416K, used 10346K [0x00000000d6100000, 0x00000000dbc00000, 0x0000000100000000)
  eden space 48128K, 10% used [0x00000000d6100000,0x00000000d65c4790,0x00000000d9000000)
  from space 12288K, 44% used [0x00000000d9000000,0x00000000d9556338,0x00000000d9c00000)
  to   space 12288K, 0% used [0x00000000db000000,0x00000000db000000,0x00000000dbc00000)
 ParOldGen       total 70656K, used 19667K [0x0000000082200000, 0x0000000086700000, 0x00000000d6100000)
  object space 70656K, 27% used [0x0000000082200000,0x0000000083534fd0,0x0000000086700000)
 Metaspace       used 38570K, capacity 39840K, committed 40320K, reserved 1083392K
  class space    used 5377K, capacity 5652K, committed 5760K, reserved 1048576K
GC Heap History (10 events):
Event: 2.750 GC heap before
{Heap before GC invocations=5 (full 1):
 PSYoungGen      total 37888K, used 37858K [0x00000000d6100000, 0x00000000d9300000, 0x0000000100000000)
  eden space 32768K, 100% used [0x00000000d6100000,0x00000000d8100000,0x00000000d8100000)
  from space 5120K, 99% used [0x00000000d8100000,0x00000000d85f8930,0x00000000d8600000)
  to   space 5120K, 0% used [0x00000000d8e00000,0x00000000d8e00000,0x00000000d9300000)
 ParOldGen       total 70656K, used 11417K [0x0000000082200000, 0x0000000086700000, 0x00000000d6100000)
  object space 70656K, 16% used [0x0000000082200000,0x0000000082d26508,0x0000000086700000)
 Metaspace       used 24338K, capacity 25572K, committed 25728K, reserved 1071104K
  class space    used 3405K, capacity 3674K, committed 3712K, reserved 1048576K
Event: 2.753 GC heap after
Heap after GC invocations=5 (full 1):
 PSYoungGen      total 45056K, used 5117K [0x00000000d6100000, 0x00000000d9300000, 0x0000000100000000)
  eden space 39936K, 0% used [0x00000000d6100000,0x00000000d6100000,0x00000000d8800000)
  from space 5120K, 99% used [0x00000000d8e00000,0x00000000d92ff508,0x00000000d9300000)
  to   space 5120K, 0% used [0x00000000d8900000,0x00000000d8900000,0x00000000d8e00000)
 ParOldGen       total 70656K, used 13439K [0x0000000082200000, 0x0000000086700000, 0x00000000d6100000)
  object space 70656K, 19% used [0x0000000082200000,0x0000000082f1fd10,0x0000000086700000)
 Metaspace       used 24338K, capacity 25572K, committed 25728K, reserved 1071104K
  class space    used 3405K, capacity 3674K, committed 3712K, reserved 1048576K
}
Event: 3.854 GC heap before
{Heap before GC invocations=6 (full 1):
 PSYoungGen      total 45056K, used 45053K [0x00000000d6100000, 0x00000000d9300000, 0x0000000100000000)
  eden space 39936K, 100% used [0x00000000d6100000,0x00000000d8800000,0x00000000d8800000)
  from space 5120K, 99% used [0x00000000d8e00000,0x00000000d92ff508,0x00000000d9300000)
  to   space 5120K, 0% used [0x00000000d8900000,0x00000000d8900000,0x00000000d8e00000)
 ParOldGen       total 70656K, used 13439K [0x0000000082200000, 0x0000000086700000, 0x00000000d6100000)
  object space 70656K, 19% used [0x0000000082200000,0x0000000082f1fd10,0x0000000086700000)
 Metaspace       used 33090K, capacity 34336K, committed 34688K, reserved 1079296K
  class space    used 4667K, capacity 4964K, committed 4992K, reserved 1048576K
Event: 3.861 GC heap after
Heap after GC invocations=6 (full 1):
 PSYoungGen      total 46080K, used 5101K [0x00000000d6100000, 0x00000000da800000, 0x0000000100000000)
  eden space 40960K, 0% used [0x00000000d6100000,0x00000000d6100000,0x00000000d8900000)
  from space 5120K, 99% used [0x00000000d8900000,0x00000000d8dfb4c8,0x00000000d8e00000)
  to   space 12288K, 0% used [0x00000000d9c00000,0x00000000d9c00000,0x00000000da800000)
 ParOldGen       total 70656K, used 20453K [0x0000000082200000, 0x0000000086700000, 0x00000000d6100000)
  object space 70656K, 28% used [0x0000000082200000,0x00000000835f9548,0x0000000086700000)
 Metaspace       used 33090K, capacity 34336K, committed 34688K, reserved 1079296K
  class space    used 4667K, capacity 4964K, committed 4992K, reserved 1048576K
}
Event: 3.926 GC heap before
{Heap before GC invocations=7 (full 1):
 PSYoungGen      total 46080K, used 11166K [0x00000000d6100000, 0x00000000da800000, 0x0000000100000000)
  eden space 40960K, 14% used [0x00000000d6100000,0x00000000d66ec718,0x00000000d8900000)
  from space 5120K, 99% used [0x00000000d8900000,0x00000000d8dfb4c8,0x00000000d8e00000)
  to   space 12288K, 0% used [0x00000000d9c00000,0x00000000d9c00000,0x00000000da800000)
 ParOldGen       total 70656K, used 20453K [0x0000000082200000, 0x0000000086700000, 0x00000000d6100000)
  object space 70656K, 28% used [0x0000000082200000,0x00000000835f9548,0x0000000086700000)
 Metaspace       used 34033K, capacity 35238K, committed 35416K, reserved 1079296K
  class space    used 4820K, capacity 5093K, committed 5120K, reserved 1048576K
Event: 3.930 GC heap after
Heap after GC invocations=7 (full 1):
 PSYoungGen      total 60416K, used 5953K [0x00000000d6100000, 0x00000000db080000, 0x0000000100000000)
  eden space 48128K, 0% used [0x00000000d6100000,0x00000000d6100000,0x00000000d9000000)
  from space 12288K, 48% used [0x00000000d9c00000,0x00000000da1d0500,0x00000000da800000)
  to   space 12288K, 0% used [0x00000000d9000000,0x00000000d9000000,0x00000000d9c00000)
 ParOldGen       total 70656K, used 20453K [0x0000000082200000, 0x0000000086700000, 0x00000000d6100000)
  object space 70656K, 28% used [0x0000000082200000,0x00000000835f9548,0x0000000086700000)
 Metaspace       used 34033K, capacity 35238K, committed 35416K, reserved 1079296K
  class space    used 4820K, capacity 5093K, committed 5120K, reserved 1048576K
}
Event: 3.930 GC heap before
{Heap before GC invocations=8 (full 2):
 PSYoungGen      total 60416K, used 5953K [0x00000000d6100000, 0x00000000db080000, 0x0000000100000000)
  eden space 48128K, 0% used [0x00000000d6100000,0x00000000d6100000,0x00000000d9000000)
  from space 12288K, 48% used [0x00000000d9c00000,0x00000000da1d0500,0x00000000da800000)
  to   space 12288K, 0% used [0x00000000d9000000,0x00000000d9000000,0x00000000d9c00000)
 ParOldGen       total 70656K, used 20453K [0x0000000082200000, 0x0000000086700000, 0x00000000d6100000)
  object space 70656K, 28% used [0x0000000082200000,0x00000000835f9548,0x0000000086700000)
 Metaspace       used 34033K, capacity 35238K, committed 35416K, reserved 1079296K
  class space    used 4820K, capacity 5093K, committed 5120K, reserved 1048576K
Event: 3.974 GC heap after
Heap after GC invocations=8 (full 2):
 PSYoungGen      total 60416K, used 0K [0x00000000d6100000, 0x00000000db080000, 0x0000000100000000)
  eden space 48128K, 0% used [0x00000000d6100000,0x00000000d6100000,0x00000000d9000000)
  from space 12288K, 0% used [0x00000000d9c00000,0x00000000d9c00000,0x00000000da800000)
  to   space 12288K, 0% used [0x00000000d9000000,0x00000000d9000000,0x00000000d9c00000)
 ParOldGen       total 70656K, used 19659K [0x0000000082200000, 0x0000000086700000, 0x00000000d6100000)
  object space 70656K, 27% used [0x0000000082200000,0x0000000083532fd0,0x0000000086700000)
 Metaspace       used 34033K, capacity 35238K, committed 35416K, reserved 1079296K
  class space    used 4820K, capacity 5093K, committed 5120K, reserved 1048576K
}
Event: 4.361 GC heap before
{Heap before GC invocations=9 (full 2):
 PSYoungGen      total 60416K, used 48128K [0x00000000d6100000, 0x00000000db080000, 0x0000000100000000)
  eden space 48128K, 100% used [0x00000000d6100000,0x00000000d9000000,0x00000000d9000000)
  from space 12288K, 0% used [0x00000000d9c00000,0x00000000d9c00000,0x00000000da800000)
  to   space 12288K, 0% used [0x00000000d9000000,0x00000000d9000000,0x00000000d9c00000)
 ParOldGen       total 70656K, used 19659K [0x0000000082200000, 0x0000000086700000, 0x00000000d6100000)
  object space 70656K, 27% used [0x0000000082200000,0x0000000083532fd0,0x0000000086700000)
 Metaspace       used 38000K, capacity 39322K, committed 39680K, reserved 1083392K
  class space    used 5292K, capacity 5587K, committed 5632K, reserved 1048576K
Event: 4.366 GC heap after
Heap after GC invocations=9 (full 2):
 PSYoungGen      total 60416K, used 5464K [0x00000000d6100000, 0x00000000dbc00000, 0x0000000100000000)
  eden space 48128K, 0% used [0x00000000d6100000,0x00000000d6100000,0x00000000d9000000)
  from space 12288K, 44% used [0x00000000d9000000,0x00000000d9556338,0x00000000d9c00000)
  to   space 12288K, 0% used [0x00000000db000000,0x00000000db000000,0x00000000dbc00000)
 ParOldGen       total 70656K, used 19667K [0x0000000082200000, 0x0000000086700000, 0x00000000d6100000)
  object space 70656K, 27% used [0x0000000082200000,0x0000000083534fd0,0x0000000086700000)
 Metaspace       used 38000K, capacity 39322K, committed 39680K, reserved 1083392K
  class space    used 5292K, capacity 5587K, committed 5632K, reserved 1048576K
}

