# JRE version: Java(TM) SE Runtime Environment (8.0_191-b12) (build 1.8.0_191-b12)
# Java VM: Java HotSpot(TM) 64-Bit Server VM (25.191-b12 mixed mode windows-amd64 compressed oops)
Heap:
 PSYoungGen      total 227840K, used 208988K [0x00000000d6100000, 0x00000000e6180000, 0x0000000100000000)
  eden space 202752K, 90% used [0x00000000d6100000,0x00000000e149bdf8,0x00000000e2700000)
  from space 25088K, 99% used [0x00000000e4400000,0x00000000e5c7b378,0x00000000e5c80000)
  to   space 29696K, 0% used [0x00000000e2700000,0x00000000e2700000,0x00000000e4400000)
 ParOldGen       total 120832K, used 46280K [0x0000000082200000, 0x0000000089800000, 0x00000000d6100000)
  object space 120832K, 38% used [0x0000000082200000,0x0000000084f32170,0x0000000089800000)
 Metaspace       used 52855K, capacity 55150K, committed 55296K, reserved 1097728K
  class space    used 6972K, capacity 7379K, committed 7424K, reserved 1048576K
GC Heap History (10 events):
Event: 22.781 GC heap before
{Heap before GC invocations=14 (full 2):
 PSYoungGen      total 85504K, used 85488K [0x00000000d6100000, 0x00000000de100000, 0x0000000100000000)
  eden space 74240K, 100% used [0x00000000d6100000,0x00000000da980000,0x00000000da980000)
  from space 11264K, 99% used [0x00000000da980000,0x00000000db47c250,0x00000000db480000)
  to   space 11776K, 0% used [0x00000000dd580000,0x00000000dd580000,0x00000000de100000)
 ParOldGen       total 120832K, used 20553K [0x0000000082200000, 0x0000000089800000, 0x00000000d6100000)
  object space 120832K, 17% used [0x0000000082200000,0x0000000083612580,0x0000000089800000)
 Metaspace       used 46646K, capacity 48308K, committed 48512K, reserved 1091584K
  class space    used 6338K, capacity 6660K, committed 6784K, reserved 1048576K
Event: 22.793 GC heap after
Heap after GC invocations=14 (full 2):
 PSYoungGen      total 116224K, used 11749K [0x00000000d6100000, 0x00000000de500000, 0x0000000100000000)
  eden space 104448K, 0% used [0x00000000d6100000,0x00000000d6100000,0x00000000dc700000)
  from space 11776K, 99% used [0x00000000dd580000,0x00000000de0f94c0,0x00000000de100000)
  to   space 14848K, 0% used [0x00000000dc700000,0x00000000dc700000,0x00000000dd580000)
 ParOldGen       total 120832K, used 25299K [0x0000000082200000, 0x0000000089800000, 0x00000000d6100000)
  object space 120832K, 20% used [0x0000000082200000,0x0000000083ab4f80,0x0000000089800000)
 Metaspace       used 46646K, capacity 48308K, committed 48512K, reserved 1091584K
  class space    used 6338K, capacity 6660K, committed 6784K, reserved 1048576K
}
Event: 31.865 GC heap before
{Heap before GC invocations=15 (full 2):
 PSYoungGen      total 116224K, used 116197K [0x00000000d6100000, 0x00000000de500000, 0x0000000100000000)
  eden space 104448K, 100% used [0x00000000d6100000,0x00000000dc700000,0x00000000dc700000)
  from space 11776K, 99% used [0x00000000dd580000,0x00000000de0f94c0,0x00000000de100000)
  to   space 14848K, 0% used [0x00000000dc700000,0x00000000dc700000,0x00000000dd580000)
 ParOldGen       total 120832K, used 25299K [0x0000000082200000, 0x0000000089800000, 0x00000000d6100000)
  object space 120832K, 20% used [0x0000000082200000,0x0000000083ab4f80,0x0000000089800000)
 Metaspace       used 47679K, capacity 49380K, committed 49536K, reserved 1091584K
  class space    used 6371K, capacity 6706K, committed 6784K, reserved 1048576K
Event: 31.890 GC heap after
Heap after GC invocations=15 (full 2):
 PSYoungGen      total 119296K, used 14842K [0x00000000d6100000, 0x00000000e1b00000, 0x0000000100000000)
  eden space 104448K, 0% used [0x00000000d6100000,0x00000000d6100000,0x00000000dc700000)
  from space 14848K, 99% used [0x00000000dc700000,0x00000000dd57eb20,0x00000000dd580000)
  to   space 23040K, 0% used [0x00000000e0480000,0x00000000e0480000,0x00000000e1b00000)
 ParOldGen       total 120832K, used 42919K [0x0000000082200000, 0x0000000089800000, 0x00000000d6100000)
  object space 120832K, 35% used [0x0000000082200000,0x0000000084be9ee8,0x0000000089800000)
 Metaspace       used 47679K, capacity 49380K, committed 49536K, reserved 1091584K
  class space    used 6371K, capacity 6706K, committed 6784K, reserved 1048576K
}
Event: 33.156 GC heap before
{Heap before GC invocations=16 (full 2):
 PSYoungGen      total 119296K, used 119218K [0x00000000d6100000, 0x00000000e1b00000, 0x0000000100000000)
  eden space 104448K, 99% used [0x00000000d6100000,0x00000000dc6ede48,0x00000000dc700000)
  from space 14848K, 99% used [0x00000000dc700000,0x00000000dd57eb20,0x00000000dd580000)
  to   space 23040K, 0% used [0x00000000e0480000,0x00000000e0480000,0x00000000e1b00000)
 ParOldGen       total 120832K, used 42919K [0x0000000082200000, 0x0000000089800000, 0x00000000d6100000)
  object space 120832K, 35% used [0x0000000082200000,0x0000000084be9ee8,0x0000000089800000)
 Metaspace       used 48068K, capacity 49820K, committed 50048K, reserved 1093632K
  class space    used 6400K, capacity 6716K, committed 6784K, reserved 1048576K
Event: 33.169 GC heap after
Heap after GC invocations=16 (full 2):
 PSYoungGen      total 163328K, used 18258K [0x00000000d6100000, 0x00000000e1a00000, 0x0000000100000000)
  eden space 141312K, 0% used [0x00000000d6100000,0x00000000d6100000,0x00000000deb00000)
  from space 22016K, 82% used [0x00000000e0480000,0x00000000e1654928,0x00000000e1a00000)
  to   space 24064K, 0% used [0x00000000deb00000,0x00000000deb00000,0x00000000e0280000)
 ParOldGen       total 120832K, used 43303K [0x0000000082200000, 0x0000000089800000, 0x00000000d6100000)
  object space 120832K, 35% used [0x0000000082200000,0x0000000084c49ef8,0x0000000089800000)
 Metaspace       used 48068K, capacity 49820K, committed 50048K, reserved 1093632K
  class space    used 6400K, capacity 6716K, committed 6784K, reserved 1048576K
}
Event: 33.208 GC heap before
{Heap before GC invocations=17 (full 2):
 PSYoungGen      total 163328K, used 159570K [0x00000000d6100000, 0x00000000e1a00000, 0x0000000100000000)
  eden space 141312K, 100% used [0x00000000d6100000,0x00000000deb00000,0x00000000deb00000)
  from space 22016K, 82% used [0x00000000e0480000,0x00000000e1654928,0x00000000e1a00000)
  to   space 24064K, 0% used [0x00000000deb00000,0x00000000deb00000,0x00000000e0280000)
 ParOldGen       total 120832K, used 43303K [0x0000000082200000, 0x0000000089800000, 0x00000000d6100000)
  object space 120832K, 35% used [0x0000000082200000,0x0000000084c49ef8,0x0000000089800000)
 Metaspace       used 48070K, capacity 49820K, committed 50048K, reserved 1093632K
  class space    used 6400K, capacity 6716K, committed 6784K, reserved 1048576K
Event: 33.219 GC heap after
Heap after GC invocations=17 (full 2):
 PSYoungGen      total 165376K, used 17846K [0x00000000d6100000, 0x00000000e5c80000, 0x0000000100000000)
  eden space 141312K, 0% used [0x00000000d6100000,0x00000000d6100000,0x00000000deb00000)
  from space 24064K, 74% used [0x00000000deb00000,0x00000000dfc6dbb8,0x00000000e0280000)
  to   space 25088K, 0% used [0x00000000e4400000,0x00000000e4400000,0x00000000e5c80000)
 ParOldGen       total 120832K, used 43399K [0x0000000082200000, 0x0000000089800000, 0x00000000d6100000)
  object space 120832K, 35% used [0x0000000082200000,0x0000000084c61ef8,0x0000000089800000)
 Metaspace       used 48070K, capacity 49820K, committed 50048K, reserved 1093632K
  class space    used 6400K, capacity 6716K, committed 6784K, reserved 1048576K
}
Event: 53.951 GC heap before
{Heap before GC invocations=18 (full 2):
 PSYoungGen      total 165376K, used 159158K [0x00000000d6100000, 0x00000000e5c80000, 0x0000000100000000)
  eden space 141312K, 100% used [0x00000000d6100000,0x00000000deb00000,0x00000000deb00000)
  from space 24064K, 74% used [0x00000000deb00000,0x00000000dfc6dbb8,0x00000000e0280000)
  to   space 25088K, 0% used [0x00000000e4400000,0x00000000e4400000,0x00000000e5c80000)
 ParOldGen       total 120832K, used 43399K [0x0000000082200000, 0x0000000089800000, 0x00000000d6100000)
  object space 120832K, 35% used [0x0000000082200000,0x0000000084c61ef8,0x0000000089800000)
 Metaspace       used 50878K, capacity 52798K, committed 52992K, reserved 1095680K
  class space    used 6696K, capacity 7071K, committed 7168K, reserved 1048576K
Event: 53.968 GC heap after
Heap after GC invocations=18 (full 2):
 PSYoungGen      total 227840K, used 25068K [0x00000000d6100000, 0x00000000e6180000, 0x0000000100000000)
  eden space 202752K, 0% used [0x00000000d6100000,0x00000000d6100000,0x00000000e2700000)
  from space 25088K, 99% used [0x00000000e4400000,0x00000000e5c7b378,0x00000000e5c80000)
  to   space 29696K, 0% used [0x00000000e2700000,0x00000000e2700000,0x00000000e4400000)
 ParOldGen       total 120832K, used 46280K [0x0000000082200000, 0x0000000089800000, 0x00000000d6100000)
  object space 120832K, 38% used [0x0000000082200000,0x0000000084f32170,0x0000000089800000)
 Metaspace       used 50878K, capacity 52798K, committed 52992K, reserved 1095680K
  class space    used 6696K, capacity 7071K, committed 7168K, reserved 1048576K
}

