# JRE version: Java(TM) SE Runtime Environment (8.0_191-b12) (build 1.8.0_191-b12)
# Java VM: Java HotSpot(TM) 64-Bit Server VM (25.191-b12 mixed mode windows-amd64 compressed oops)
Heap:
 PSYoungGen      total 214016K, used 130931K [0x00000000d6100000, 0x00000000e6980000, 0x0000000100000000)
  eden space 179712K, 72% used [0x00000000d6100000,0x00000000de0dcd28,0x00000000e1080000)
  from space 34304K, 0% used [0x00000000e1080000,0x00000000e1080000,0x00000000e3200000)
  to   space 31232K, 0% used [0x00000000e3200000,0x00000000e3200000,0x00000000e5080000)
 ParOldGen       total 82944K, used 58222K [0x0000000082200000, 0x0000000087300000, 0x00000000d6100000)
  object space 82944K, 70% used [0x0000000082200000,0x0000000085adba98,0x0000000087300000)
 Metaspace       used 47606K, capacity 49662K, committed 49792K, reserved 1091584K
  class space    used 6349K, capacity 6694K, committed 6784K, reserved 1048576K
GC Heap History (10 events):
Event: 12.724 GC heap before
{Heap before GC invocations=14 (full 2):
 PSYoungGen      total 128000K, used 127992K [0x00000000d6100000, 0x00000000e2780000, 0x0000000100000000)
  eden space 109056K, 100% used [0x00000000d6100000,0x00000000dcb80000,0x00000000dcb80000)
  from space 18944K, 99% used [0x00000000dcb80000,0x00000000dddfe1b0,0x00000000dde00000)
  to   space 28672K, 0% used [0x00000000e0b80000,0x00000000e0b80000,0x00000000e2780000)
 ParOldGen       total 82944K, used 49342K [0x0000000082200000, 0x0000000087300000, 0x00000000d6100000)
  object space 82944K, 59% used [0x0000000082200000,0x000000008522faa0,0x0000000087300000)
 Metaspace       used 42799K, capacity 44232K, committed 44544K, reserved 1087488K
  class space    used 5759K, capacity 6053K, committed 6144K, reserved 1048576K
Event: 12.731 GC heap after
Heap after GC invocations=14 (full 2):
 PSYoungGen      total 169472K, used 16724K [0x00000000d6100000, 0x00000000e2500000, 0x0000000100000000)
  eden space 143360K, 0% used [0x00000000d6100000,0x00000000d6100000,0x00000000ded00000)
  from space 26112K, 64% used [0x00000000e0b80000,0x00000000e1bd5020,0x00000000e2500000)
  to   space 28672K, 0% used [0x00000000ded00000,0x00000000ded00000,0x00000000e0900000)
 ParOldGen       total 82944K, used 63120K [0x0000000082200000, 0x0000000087300000, 0x00000000d6100000)
  object space 82944K, 76% used [0x0000000082200000,0x0000000085fa40e0,0x0000000087300000)
 Metaspace       used 42799K, capacity 44232K, committed 44544K, reserved 1087488K
  class space    used 5759K, capacity 6053K, committed 6144K, reserved 1048576K
}
Event: 19.525 GC heap before
{Heap before GC invocations=15 (full 2):
 PSYoungGen      total 169472K, used 160084K [0x00000000d6100000, 0x00000000e2500000, 0x0000000100000000)
  eden space 143360K, 100% used [0x00000000d6100000,0x00000000ded00000,0x00000000ded00000)
  from space 26112K, 64% used [0x00000000e0b80000,0x00000000e1bd5020,0x00000000e2500000)
  to   space 28672K, 0% used [0x00000000ded00000,0x00000000ded00000,0x00000000e0900000)
 ParOldGen       total 82944K, used 63120K [0x0000000082200000, 0x0000000087300000, 0x00000000d6100000)
  object space 82944K, 76% used [0x0000000082200000,0x0000000085fa40e0,0x0000000087300000)
 Metaspace       used 43776K, capacity 45210K, committed 45440K, reserved 1089536K
  class space    used 5852K, capacity 6154K, committed 6272K, reserved 1048576K
Event: 19.533 GC heap after
Heap after GC invocations=15 (full 2):
 PSYoungGen      total 172032K, used 23462K [0x00000000d6100000, 0x00000000e5080000, 0x0000000100000000)
  eden space 143360K, 0% used [0x00000000d6100000,0x00000000d6100000,0x00000000ded00000)
  from space 28672K, 81% used [0x00000000ded00000,0x00000000e03e99b0,0x00000000e0900000)
  to   space 31232K, 0% used [0x00000000e3200000,0x00000000e3200000,0x00000000e5080000)
 ParOldGen       total 82944K, used 65126K [0x0000000082200000, 0x0000000087300000, 0x00000000d6100000)
  object space 82944K, 78% used [0x0000000082200000,0x0000000086199bb8,0x0000000087300000)
 Metaspace       used 43776K, capacity 45210K, committed 45440K, reserved 1089536K
  class space    used 5852K, capacity 6154K, committed 6272K, reserved 1048576K
}
Event: 19.638 GC heap before
{Heap before GC invocations=16 (full 2):
 PSYoungGen      total 172032K, used 166822K [0x00000000d6100000, 0x00000000e5080000, 0x0000000100000000)
  eden space 143360K, 100% used [0x00000000d6100000,0x00000000ded00000,0x00000000ded00000)
  from space 28672K, 81% used [0x00000000ded00000,0x00000000e03e99b0,0x00000000e0900000)
  to   space 31232K, 0% used [0x00000000e3200000,0x00000000e3200000,0x00000000e5080000)
 ParOldGen       total 82944K, used 65126K [0x0000000082200000, 0x0000000087300000, 0x00000000d6100000)
  object space 82944K, 78% used [0x0000000082200000,0x0000000086199bb8,0x0000000087300000)
 Metaspace       used 43784K, capacity 45210K, committed 45440K, reserved 1089536K
  class space    used 5852K, capacity 6154K, committed 6272K, reserved 1048576K
Event: 19.647 GC heap after
Heap after GC invocations=16 (full 2):
 PSYoungGen      total 210944K, used 27415K [0x00000000d6100000, 0x00000000e6980000, 0x0000000100000000)
  eden space 179712K, 0% used [0x00000000d6100000,0x00000000d6100000,0x00000000e1080000)
  from space 31232K, 87% used [0x00000000e3200000,0x00000000e4cc5cc0,0x00000000e5080000)
  to   space 34304K, 0% used [0x00000000e1080000,0x00000000e1080000,0x00000000e3200000)
 ParOldGen       total 82944K, used 65134K [0x0000000082200000, 0x0000000087300000, 0x00000000d6100000)
  object space 82944K, 78% used [0x0000000082200000,0x000000008619bbb8,0x0000000087300000)
 Metaspace       used 43784K, capacity 45210K, committed 45440K, reserved 1089536K
  class space    used 5852K, capacity 6154K, committed 6272K, reserved 1048576K
}
Event: 24.278 GC heap before
{Heap before GC invocations=17 (full 2):
 PSYoungGen      total 210944K, used 207127K [0x00000000d6100000, 0x00000000e6980000, 0x0000000100000000)
  eden space 179712K, 100% used [0x00000000d6100000,0x00000000e1080000,0x00000000e1080000)
  from space 31232K, 87% used [0x00000000e3200000,0x00000000e4cc5cc0,0x00000000e5080000)
  to   space 34304K, 0% used [0x00000000e1080000,0x00000000e1080000,0x00000000e3200000)
 ParOldGen       total 82944K, used 65134K [0x0000000082200000, 0x0000000087300000, 0x00000000d6100000)
  object space 82944K, 78% used [0x0000000082200000,0x000000008619bbb8,0x0000000087300000)
 Metaspace       used 46745K, capacity 48576K, committed 48896K, reserved 1091584K
  class space    used 6238K, capacity 6589K, committed 6656K, reserved 1048576K
Event: 24.303 GC heap after
Heap after GC invocations=17 (full 2):
 PSYoungGen      total 214016K, used 27732K [0x00000000d6100000, 0x00000000e6980000, 0x0000000100000000)
  eden space 179712K, 0% used [0x00000000d6100000,0x00000000d6100000,0x00000000e1080000)
  from space 34304K, 80% used [0x00000000e1080000,0x00000000e2b950f0,0x00000000e3200000)
  to   space 31232K, 0% used [0x00000000e3200000,0x00000000e3200000,0x00000000e5080000)
 ParOldGen       total 82944K, used 73514K [0x0000000082200000, 0x0000000087300000, 0x00000000d6100000)
  object space 82944K, 88% used [0x0000000082200000,0x00000000869ca918,0x0000000087300000)
 Metaspace       used 46745K, capacity 48576K, committed 48896K, reserved 1091584K
  class space    used 6238K, capacity 6589K, committed 6656K, reserved 1048576K
}
Event: 24.303 GC heap before
{Heap before GC invocations=18 (full 3):
 PSYoungGen      total 214016K, used 27732K [0x00000000d6100000, 0x00000000e6980000, 0x0000000100000000)
  eden space 179712K, 0% used [0x00000000d6100000,0x00000000d6100000,0x00000000e1080000)
  from space 34304K, 80% used [0x00000000e1080000,0x00000000e2b950f0,0x00000000e3200000)
  to   space 31232K, 0% used [0x00000000e3200000,0x00000000e3200000,0x00000000e5080000)
 ParOldGen       total 82944K, used 73514K [0x0000000082200000, 0x0000000087300000, 0x00000000d6100000)
  object space 82944K, 88% used [0x0000000082200000,0x00000000869ca918,0x0000000087300000)
 Metaspace       used 46745K, capacity 48576K, committed 48896K, reserved 1091584K
  class space    used 6238K, capacity 6589K, committed 6656K, reserved 1048576K
Event: 24.448 GC heap after
Heap after GC invocations=18 (full 3):
 PSYoungGen      total 214016K, used 0K [0x00000000d6100000, 0x00000000e6980000, 0x0000000100000000)
  eden space 179712K, 0% used [0x00000000d6100000,0x00000000d6100000,0x00000000e1080000)
  from space 34304K, 0% used [0x00000000e1080000,0x00000000e1080000,0x00000000e3200000)
  to   space 31232K, 0% used [0x00000000e3200000,0x00000000e3200000,0x00000000e5080000)
 ParOldGen       total 82944K, used 58222K [0x0000000082200000, 0x0000000087300000, 0x00000000d6100000)
  object space 82944K, 70% used [0x0000000082200000,0x0000000085adba98,0x0000000087300000)
 Metaspace       used 46745K, capacity 48576K, committed 48896K, reserved 1091584K
  class space    used 6238K, capacity 6589K, committed 6656K, reserved 1048576K
}

