# JRE version: Java(TM) SE Runtime Environment (8.0_191-b12) (build 1.8.0_191-b12)
# Java VM: Java HotSpot(TM) 64-Bit Server VM (25.191-b12 mixed mode windows-amd64 compressed oops)
Heap:
 PSYoungGen      total 243200K, used 149469K [0x00000000d6100000, 0x00000000ea200000, 0x0000000100000000)
  eden space 202240K, 56% used [0x00000000d6100000,0x00000000dd0142c8,0x00000000e2680000)
  from space 40960K, 87% used [0x00000000e2680000,0x00000000e49632c8,0x00000000e4e80000)
  to   space 45568K, 0% used [0x00000000e7580000,0x00000000e7580000,0x00000000ea200000)
 ParOldGen       total 116736K, used 64258K [0x0000000082200000, 0x0000000089400000, 0x00000000d6100000)
  object space 116736K, 55% used [0x0000000082200000,0x00000000860c0b00,0x0000000089400000)
 Metaspace       used 46313K, capacity 48110K, committed 48256K, reserved 1091584K
  class space    used 6158K, capacity 6499K, committed 6528K, reserved 1048576K
GC Heap History (10 events):
Event: 38.412 GC heap before
{Heap before GC invocations=15 (full 2):
 PSYoungGen      total 132608K, used 132596K [0x00000000d6100000, 0x00000000e0680000, 0x0000000100000000)
  eden space 118272K, 100% used [0x00000000d6100000,0x00000000dd480000,0x00000000dd480000)
  from space 14336K, 99% used [0x00000000dea00000,0x00000000df7fd030,0x00000000df800000)
  to   space 22016K, 0% used [0x00000000dd480000,0x00000000dd480000,0x00000000dea00000)
 ParOldGen       total 116736K, used 42991K [0x0000000082200000, 0x0000000089400000, 0x00000000d6100000)
  object space 116736K, 36% used [0x0000000082200000,0x0000000084bfbfa0,0x0000000089400000)
 Metaspace       used 45736K, capacity 47528K, committed 47744K, reserved 1091584K
  class space    used 6148K, capacity 6492K, committed 6528K, reserved 1048576K
Event: 38.428 GC heap after
Heap after GC invocations=15 (full 2):
 PSYoungGen      total 140288K, used 21991K [0x00000000d6100000, 0x00000000e3680000, 0x0000000100000000)
  eden space 118272K, 0% used [0x00000000d6100000,0x00000000d6100000,0x00000000dd480000)
  from space 22016K, 99% used [0x00000000dd480000,0x00000000de9f9f18,0x00000000dea00000)
  to   space 27648K, 0% used [0x00000000e1b80000,0x00000000e1b80000,0x00000000e3680000)
 ParOldGen       total 116736K, used 49864K [0x0000000082200000, 0x0000000089400000, 0x00000000d6100000)
  object space 116736K, 42% used [0x0000000082200000,0x00000000852b20d0,0x0000000089400000)
 Metaspace       used 45736K, capacity 47528K, committed 47744K, reserved 1091584K
  class space    used 6148K, capacity 6492K, committed 6528K, reserved 1048576K
}
Event: 45.737 GC heap before
{Heap before GC invocations=16 (full 2):
 PSYoungGen      total 140288K, used 140263K [0x00000000d6100000, 0x00000000e3680000, 0x0000000100000000)
  eden space 118272K, 100% used [0x00000000d6100000,0x00000000dd480000,0x00000000dd480000)
  from space 22016K, 99% used [0x00000000dd480000,0x00000000de9f9f18,0x00000000dea00000)
  to   space 27648K, 0% used [0x00000000e1b80000,0x00000000e1b80000,0x00000000e3680000)
 ParOldGen       total 116736K, used 49864K [0x0000000082200000, 0x0000000089400000, 0x00000000d6100000)
  object space 116736K, 42% used [0x0000000082200000,0x00000000852b20d0,0x0000000089400000)
 Metaspace       used 45951K, capacity 47730K, committed 48000K, reserved 1091584K
  class space    used 6150K, capacity 6493K, committed 6528K, reserved 1048576K
Event: 45.753 GC heap after
Heap after GC invocations=16 (full 2):
 PSYoungGen      total 185856K, used 27633K [0x00000000d6100000, 0x00000000e3c00000, 0x0000000100000000)
  eden space 158208K, 0% used [0x00000000d6100000,0x00000000d6100000,0x00000000dfb80000)
  from space 27648K, 99% used [0x00000000e1b80000,0x00000000e367c5d0,0x00000000e3680000)
  to   space 32768K, 0% used [0x00000000dfb80000,0x00000000dfb80000,0x00000000e1b80000)
 ParOldGen       total 116736K, used 53164K [0x0000000082200000, 0x0000000089400000, 0x00000000d6100000)
  object space 116736K, 45% used [0x0000000082200000,0x00000000855eb2c8,0x0000000089400000)
 Metaspace       used 45951K, capacity 47730K, committed 48000K, reserved 1091584K
  class space    used 6150K, capacity 6493K, committed 6528K, reserved 1048576K
}
Event: 50.492 GC heap before
{Heap before GC invocations=17 (full 2):
 PSYoungGen      total 185856K, used 185841K [0x00000000d6100000, 0x00000000e3c00000, 0x0000000100000000)
  eden space 158208K, 100% used [0x00000000d6100000,0x00000000dfb80000,0x00000000dfb80000)
  from space 27648K, 99% used [0x00000000e1b80000,0x00000000e367c5d0,0x00000000e3680000)
  to   space 32768K, 0% used [0x00000000dfb80000,0x00000000dfb80000,0x00000000e1b80000)
 ParOldGen       total 116736K, used 53164K [0x0000000082200000, 0x0000000089400000, 0x00000000d6100000)
  object space 116736K, 45% used [0x0000000082200000,0x00000000855eb2c8,0x0000000089400000)
 Metaspace       used 46168K, capacity 47966K, committed 48000K, reserved 1091584K
  class space    used 6157K, capacity 6499K, committed 6528K, reserved 1048576K
Event: 50.505 GC heap after
Heap after GC invocations=17 (full 2):
 PSYoungGen      total 190976K, used 27548K [0x00000000d6100000, 0x00000000e7180000, 0x0000000100000000)
  eden space 158208K, 0% used [0x00000000d6100000,0x00000000d6100000,0x00000000dfb80000)
  from space 32768K, 84% used [0x00000000dfb80000,0x00000000e16673a0,0x00000000e1b80000)
  to   space 35840K, 0% used [0x00000000e4e80000,0x00000000e4e80000,0x00000000e7180000)
 ParOldGen       total 116736K, used 53404K [0x0000000082200000, 0x0000000089400000, 0x00000000d6100000)
  object space 116736K, 45% used [0x0000000082200000,0x00000000856272c8,0x0000000089400000)
 Metaspace       used 46168K, capacity 47966K, committed 48000K, reserved 1091584K
  class space    used 6157K, capacity 6499K, committed 6528K, reserved 1048576K
}
Event: 53.366 GC heap before
{Heap before GC invocations=18 (full 2):
 PSYoungGen      total 190976K, used 185756K [0x00000000d6100000, 0x00000000e7180000, 0x0000000100000000)
  eden space 158208K, 100% used [0x00000000d6100000,0x00000000dfb80000,0x00000000dfb80000)
  from space 32768K, 84% used [0x00000000dfb80000,0x00000000e16673a0,0x00000000e1b80000)
  to   space 35840K, 0% used [0x00000000e4e80000,0x00000000e4e80000,0x00000000e7180000)
 ParOldGen       total 116736K, used 53404K [0x0000000082200000, 0x0000000089400000, 0x00000000d6100000)
  object space 116736K, 45% used [0x0000000082200000,0x00000000856272c8,0x0000000089400000)
 Metaspace       used 46263K, capacity 48030K, committed 48256K, reserved 1091584K
  class space    used 6158K, capacity 6499K, committed 6528K, reserved 1048576K
Event: 53.384 GC heap after
Heap after GC invocations=18 (full 2):
 PSYoungGen      total 238080K, used 35593K [0x00000000d6100000, 0x00000000e7880000, 0x0000000100000000)
  eden space 202240K, 0% used [0x00000000d6100000,0x00000000d6100000,0x00000000e2680000)
  from space 35840K, 99% used [0x00000000e4e80000,0x00000000e7142720,0x00000000e7180000)
  to   space 40960K, 0% used [0x00000000e2680000,0x00000000e2680000,0x00000000e4e80000)
 ParOldGen       total 116736K, used 55336K [0x0000000082200000, 0x0000000089400000, 0x00000000d6100000)
  object space 116736K, 47% used [0x0000000082200000,0x000000008580a2f8,0x0000000089400000)
 Metaspace       used 46263K, capacity 48030K, committed 48256K, reserved 1091584K
  class space    used 6158K, capacity 6499K, committed 6528K, reserved 1048576K
}
Event: 58.990 GC heap before
{Heap before GC invocations=19 (full 2):
 PSYoungGen      total 238080K, used 237833K [0x00000000d6100000, 0x00000000e7880000, 0x0000000100000000)
  eden space 202240K, 100% used [0x00000000d6100000,0x00000000e2680000,0x00000000e2680000)
  from space 35840K, 99% used [0x00000000e4e80000,0x00000000e7142720,0x00000000e7180000)
  to   space 40960K, 0% used [0x00000000e2680000,0x00000000e2680000,0x00000000e4e80000)
 ParOldGen       total 116736K, used 55336K [0x0000000082200000, 0x0000000089400000, 0x00000000d6100000)
  object space 116736K, 47% used [0x0000000082200000,0x000000008580a2f8,0x0000000089400000)
 Metaspace       used 46302K, capacity 48110K, committed 48256K, reserved 1091584K
  class space    used 6158K, capacity 6499K, committed 6528K, reserved 1048576K
Event: 59.007 GC heap after
Heap after GC invocations=19 (full 2):
 PSYoungGen      total 243200K, used 35724K [0x00000000d6100000, 0x00000000ea200000, 0x0000000100000000)
  eden space 202240K, 0% used [0x00000000d6100000,0x00000000d6100000,0x00000000e2680000)
  from space 40960K, 87% used [0x00000000e2680000,0x00000000e49632c8,0x00000000e4e80000)
  to   space 45568K, 0% used [0x00000000e7580000,0x00000000e7580000,0x00000000ea200000)
 ParOldGen       total 116736K, used 64258K [0x0000000082200000, 0x0000000089400000, 0x00000000d6100000)
  object space 116736K, 55% used [0x0000000082200000,0x00000000860c0b00,0x0000000089400000)
 Metaspace       used 46302K, capacity 48110K, committed 48256K, reserved 1091584K
  class space    used 6158K, capacity 6499K, committed 6528K, reserved 1048576K
}

