# JRE version: Java(TM) SE Runtime Environment (8.0_191-b12) (build 1.8.0_191-b12)
# Java VM: Java HotSpot(TM) 64-Bit Server VM (25.191-b12 mixed mode windows-amd64 compressed oops)
Heap:
 PSYoungGen      total 285184K, used 66662K [0x00000000d6100000, 0x00000000e8b80000, 0x0000000100000000)
  eden space 277504K, 21% used [0x00000000d6100000,0x00000000d9b01e18,0x00000000e7000000)
  from space 7680K, 94% used [0x00000000e8400000,0x00000000e8b17b08,0x00000000e8b80000)
  to   space 10752K, 0% used [0x00000000e7680000,0x00000000e7680000,0x00000000e8100000)
 ParOldGen       total 71680K, used 35618K [0x0000000082200000, 0x0000000086800000, 0x00000000d6100000)
  object space 71680K, 49% used [0x0000000082200000,0x00000000844c8978,0x0000000086800000)
 Metaspace       used 26942K, capacity 28498K, committed 28800K, reserved 1075200K
  class space    used 3572K, capacity 3879K, committed 3968K, reserved 1048576K
GC Heap History (10 events):
Event: 38.459 GC heap before
{Heap before GC invocations=11 (full 1):
 PSYoungGen      total 130048K, used 122909K [0x00000000d6100000, 0x00000000e1d80000, 0x0000000100000000)
  eden space 119808K, 97% used [0x00000000d6100000,0x00000000dd3966c0,0x00000000dd600000)
  from space 10240K, 54% used [0x00000000dd600000,0x00000000ddb70d40,0x00000000de000000)
  to   space 10240K, 0% used [0x00000000e1380000,0x00000000e1380000,0x00000000e1d80000)
 ParOldGen       total 71680K, used 19023K [0x0000000082200000, 0x0000000086800000, 0x00000000d6100000)
  object space 71680K, 26% used [0x0000000082200000,0x0000000083493df0,0x0000000086800000)
 Metaspace       used 26545K, capacity 28012K, committed 28288K, reserved 1073152K
  class space    used 3561K, capacity 3866K, committed 3968K, reserved 1048576K
Event: 38.465 GC heap after
Heap after GC invocations=11 (full 1):
 PSYoungGen      total 177152K, used 8925K [0x00000000d6100000, 0x00000000e1c80000, 0x0000000100000000)
  eden space 167936K, 0% used [0x00000000d6100000,0x00000000d6100000,0x00000000e0500000)
  from space 9216K, 96% used [0x00000000e1380000,0x00000000e1c37768,0x00000000e1c80000)
  to   space 10752K, 0% used [0x00000000e0780000,0x00000000e0780000,0x00000000e1200000)
 ParOldGen       total 71680K, used 26161K [0x0000000082200000, 0x0000000086800000, 0x00000000d6100000)
  object space 71680K, 36% used [0x0000000082200000,0x0000000083b8c7d0,0x0000000086800000)
 Metaspace       used 26545K, capacity 28012K, committed 28288K, reserved 1073152K
  class space    used 3561K, capacity 3866K, committed 3968K, reserved 1048576K
}
Event: 50.080 GC heap before
{Heap before GC invocations=12 (full 1):
 PSYoungGen      total 177152K, used 176861K [0x00000000d6100000, 0x00000000e1c80000, 0x0000000100000000)
  eden space 167936K, 100% used [0x00000000d6100000,0x00000000e0500000,0x00000000e0500000)
  from space 9216K, 96% used [0x00000000e1380000,0x00000000e1c37768,0x00000000e1c80000)
  to   space 10752K, 0% used [0x00000000e0780000,0x00000000e0780000,0x00000000e1200000)
 ParOldGen       total 71680K, used 26161K [0x0000000082200000, 0x0000000086800000, 0x00000000d6100000)
  object space 71680K, 36% used [0x0000000082200000,0x0000000083b8c7d0,0x0000000086800000)
 Metaspace       used 26714K, capacity 28222K, committed 28544K, reserved 1073152K
  class space    used 3571K, capacity 3879K, committed 3968K, reserved 1048576K
Event: 50.086 GC heap after
Heap after GC invocations=12 (full 1):
 PSYoungGen      total 181248K, used 5914K [0x00000000d6100000, 0x00000000e5480000, 0x0000000100000000)
  eden space 170496K, 0% used [0x00000000d6100000,0x00000000d6100000,0x00000000e0780000)
  from space 10752K, 55% used [0x00000000e0780000,0x00000000e0d46ba0,0x00000000e1200000)
  to   space 10240K, 0% used [0x00000000e4a80000,0x00000000e4a80000,0x00000000e5480000)
 ParOldGen       total 71680K, used 30297K [0x0000000082200000, 0x0000000086800000, 0x00000000d6100000)
  object space 71680K, 42% used [0x0000000082200000,0x0000000083f966b0,0x0000000086800000)
 Metaspace       used 26714K, capacity 28222K, committed 28544K, reserved 1073152K
  class space    used 3571K, capacity 3879K, committed 3968K, reserved 1048576K
}
Event: 59.517 GC heap before
{Heap before GC invocations=13 (full 1):
 PSYoungGen      total 181248K, used 176410K [0x00000000d6100000, 0x00000000e5480000, 0x0000000100000000)
  eden space 170496K, 100% used [0x00000000d6100000,0x00000000e0780000,0x00000000e0780000)
  from space 10752K, 55% used [0x00000000e0780000,0x00000000e0d46ba0,0x00000000e1200000)
  to   space 10240K, 0% used [0x00000000e4a80000,0x00000000e4a80000,0x00000000e5480000)
 ParOldGen       total 71680K, used 30297K [0x0000000082200000, 0x0000000086800000, 0x00000000d6100000)
  object space 71680K, 42% used [0x0000000082200000,0x0000000083f966b0,0x0000000086800000)
 Metaspace       used 26773K, capacity 28286K, committed 28544K, reserved 1073152K
  class space    used 3571K, capacity 3879K, committed 3968K, reserved 1048576K
Event: 59.519 GC heap after
Heap after GC invocations=13 (full 1):
 PSYoungGen      total 231936K, used 1450K [0x00000000d6100000, 0x00000000e5180000, 0x0000000100000000)
  eden space 224768K, 0% used [0x00000000d6100000,0x00000000d6100000,0x00000000e3c80000)
  from space 7168K, 20% used [0x00000000e4a80000,0x00000000e4beaba0,0x00000000e5180000)
  to   space 10752K, 0% used [0x00000000e3c80000,0x00000000e3c80000,0x00000000e4700000)
 ParOldGen       total 71680K, used 35170K [0x0000000082200000, 0x0000000086800000, 0x00000000d6100000)
  object space 71680K, 49% used [0x0000000082200000,0x0000000084458ac8,0x0000000086800000)
 Metaspace       used 26773K, capacity 28286K, committed 28544K, reserved 1073152K
  class space    used 3571K, capacity 3879K, committed 3968K, reserved 1048576K
}
Event: 78.434 GC heap before
{Heap before GC invocations=14 (full 1):
 PSYoungGen      total 231936K, used 225930K [0x00000000d6100000, 0x00000000e5180000, 0x0000000100000000)
  eden space 224768K, 99% used [0x00000000d6100000,0x00000000e3c37d40,0x00000000e3c80000)
  from space 7168K, 20% used [0x00000000e4a80000,0x00000000e4beaba0,0x00000000e5180000)
  to   space 10752K, 0% used [0x00000000e3c80000,0x00000000e3c80000,0x00000000e4700000)
 ParOldGen       total 71680K, used 35170K [0x0000000082200000, 0x0000000086800000, 0x00000000d6100000)
  object space 71680K, 49% used [0x0000000082200000,0x0000000084458ac8,0x0000000086800000)
 Metaspace       used 26861K, capacity 28362K, committed 28544K, reserved 1073152K
  class space    used 3572K, capacity 3879K, committed 3968K, reserved 1048576K
Event: 78.437 GC heap after
Heap after GC invocations=14 (full 1):
 PSYoungGen      total 235520K, used 6311K [0x00000000d6100000, 0x00000000e8e80000, 0x0000000100000000)
  eden space 224768K, 0% used [0x00000000d6100000,0x00000000d6100000,0x00000000e3c80000)
  from space 10752K, 58% used [0x00000000e3c80000,0x00000000e42a9f78,0x00000000e4700000)
  to   space 10752K, 0% used [0x00000000e8400000,0x00000000e8400000,0x00000000e8e80000)
 ParOldGen       total 71680K, used 35617K [0x0000000082200000, 0x0000000086800000, 0x00000000d6100000)
  object space 71680K, 49% used [0x0000000082200000,0x00000000844c86e8,0x0000000086800000)
 Metaspace       used 26861K, capacity 28362K, committed 28544K, reserved 1073152K
  class space    used 3572K, capacity 3879K, committed 3968K, reserved 1048576K
}
Event: 93.269 GC heap before
{Heap before GC invocations=15 (full 1):
 PSYoungGen      total 235520K, used 231079K [0x00000000d6100000, 0x00000000e8e80000, 0x0000000100000000)
  eden space 224768K, 100% used [0x00000000d6100000,0x00000000e3c80000,0x00000000e3c80000)
  from space 10752K, 58% used [0x00000000e3c80000,0x00000000e42a9f78,0x00000000e4700000)
  to   space 10752K, 0% used [0x00000000e8400000,0x00000000e8400000,0x00000000e8e80000)
 ParOldGen       total 71680K, used 35618K [0x0000000082200000, 0x0000000086800000, 0x00000000d6100000)
  object space 71680K, 49% used [0x0000000082200000,0x00000000844c8978,0x0000000086800000)
 Metaspace       used 26915K, capacity 28426K, committed 28544K, reserved 1073152K
  class space    used 3572K, capacity 3879K, committed 3968K, reserved 1048576K
Event: 93.271 GC heap after
Heap after GC invocations=15 (full 1):
 PSYoungGen      total 285184K, used 7262K [0x00000000d6100000, 0x00000000e8b80000, 0x0000000100000000)
  eden space 277504K, 0% used [0x00000000d6100000,0x00000000d6100000,0x00000000e7000000)
  from space 7680K, 94% used [0x00000000e8400000,0x00000000e8b17b08,0x00000000e8b80000)
  to   space 10752K, 0% used [0x00000000e7680000,0x00000000e7680000,0x00000000e8100000)
 ParOldGen       total 71680K, used 35618K [0x0000000082200000, 0x0000000086800000, 0x00000000d6100000)
  object space 71680K, 49% used [0x0000000082200000,0x00000000844c8978,0x0000000086800000)
 Metaspace       used 26915K, capacity 28426K, committed 28544K, reserved 1073152K
  class space    used 3572K, capacity 3879K, committed 3968K, reserved 1048576K
}

