# JRE version: Java(TM) SE Runtime Environment (8.0_191-b12) (build 1.8.0_191-b12)
# Java VM: Java HotSpot(TM) 64-Bit Server VM (25.191-b12 mixed mode windows-amd64 compressed oops)
Heap:
 PSYoungGen      total 61952K, used 9182K [0x00000000d6100000, 0x00000000dc280000, 0x0000000100000000)
  eden space 49664K, 6% used [0x00000000d6100000,0x00000000d643f700,0x00000000d9180000)
  from space 12288K, 47% used [0x00000000d9180000,0x00000000d97381e0,0x00000000d9d80000)
  to   space 12288K, 0% used [0x00000000db680000,0x00000000db680000,0x00000000dc280000)
 ParOldGen       total 70144K, used 23974K [0x0000000082200000, 0x0000000086680000, 0x00000000d6100000)
  object space 70144K, 34% used [0x0000000082200000,0x00000000839699f8,0x0000000086680000)
 Metaspace       used 38390K, capacity 39734K, committed 40192K, reserved 1083392K
  class space    used 5304K, capacity 5591K, committed 5632K, reserved 1048576K
GC Heap History (10 events):
Event: 7.453 GC heap before
{Heap before GC invocations=5 (full 1):
 PSYoungGen      total 37888K, used 37843K [0x00000000d6100000, 0x00000000d9400000, 0x0000000100000000)
  eden space 32768K, 99% used [0x00000000d6100000,0x00000000d80fc5f0,0x00000000d8100000)
  from space 5120K, 99% used [0x00000000d8100000,0x00000000d85f8700,0x00000000d8600000)
  to   space 5120K, 0% used [0x00000000d8f00000,0x00000000d8f00000,0x00000000d9400000)
 ParOldGen       total 70144K, used 11721K [0x0000000082200000, 0x0000000086680000, 0x00000000d6100000)
  object space 70144K, 16% used [0x0000000082200000,0x0000000082d72618,0x0000000086680000)
 Metaspace       used 24314K, capacity 25594K, committed 25728K, reserved 1071104K
  class space    used 3392K, capacity 3677K, committed 3712K, reserved 1048576K
Event: 7.456 GC heap after
Heap after GC invocations=5 (full 1):
 PSYoungGen      total 45568K, used 5113K [0x00000000d6100000, 0x00000000d9400000, 0x0000000100000000)
  eden space 40448K, 0% used [0x00000000d6100000,0x00000000d6100000,0x00000000d8880000)
  from space 5120K, 99% used [0x00000000d8f00000,0x00000000d93fe7c0,0x00000000d9400000)
  to   space 5120K, 0% used [0x00000000d8a00000,0x00000000d8a00000,0x00000000d8f00000)
 ParOldGen       total 70144K, used 13465K [0x0000000082200000, 0x0000000086680000, 0x00000000d6100000)
  object space 70144K, 19% used [0x0000000082200000,0x0000000082f264e0,0x0000000086680000)
 Metaspace       used 24314K, capacity 25594K, committed 25728K, reserved 1071104K
  class space    used 3392K, capacity 3677K, committed 3712K, reserved 1048576K
}
Event: 8.773 GC heap before
{Heap before GC invocations=6 (full 1):
 PSYoungGen      total 45568K, used 45561K [0x00000000d6100000, 0x00000000d9400000, 0x0000000100000000)
  eden space 40448K, 100% used [0x00000000d6100000,0x00000000d8880000,0x00000000d8880000)
  from space 5120K, 99% used [0x00000000d8f00000,0x00000000d93fe7c0,0x00000000d9400000)
  to   space 5120K, 0% used [0x00000000d8a00000,0x00000000d8a00000,0x00000000d8f00000)
 ParOldGen       total 70144K, used 13465K [0x0000000082200000, 0x0000000086680000, 0x00000000d6100000)
  object space 70144K, 19% used [0x0000000082200000,0x0000000082f264e0,0x0000000086680000)
 Metaspace       used 33120K, capacity 34390K, committed 34688K, reserved 1079296K
  class space    used 4638K, capacity 4935K, committed 4992K, reserved 1048576K
Event: 8.779 GC heap after
Heap after GC invocations=6 (full 1):
 PSYoungGen      total 47104K, used 5089K [0x00000000d6100000, 0x00000000daa00000, 0x0000000100000000)
  eden space 41984K, 0% used [0x00000000d6100000,0x00000000d6100000,0x00000000d8a00000)
  from space 5120K, 99% used [0x00000000d8a00000,0x00000000d8ef84c0,0x00000000d8f00000)
  to   space 12800K, 0% used [0x00000000d9d80000,0x00000000d9d80000,0x00000000daa00000)
 ParOldGen       total 70144K, used 20603K [0x0000000082200000, 0x0000000086680000, 0x00000000d6100000)
  object space 70144K, 29% used [0x0000000082200000,0x000000008361eea0,0x0000000086680000)
 Metaspace       used 33120K, capacity 34390K, committed 34688K, reserved 1079296K
  class space    used 4638K, capacity 4935K, committed 4992K, reserved 1048576K
}
Event: 8.828 GC heap before
{Heap before GC invocations=7 (full 1):
 PSYoungGen      total 47104K, used 10434K [0x00000000d6100000, 0x00000000daa00000, 0x0000000100000000)
  eden space 41984K, 12% used [0x00000000d6100000,0x00000000d66385e8,0x00000000d8a00000)
  from space 5120K, 99% used [0x00000000d8a00000,0x00000000d8ef84c0,0x00000000d8f00000)
  to   space 12800K, 0% used [0x00000000d9d80000,0x00000000d9d80000,0x00000000daa00000)
 ParOldGen       total 70144K, used 20603K [0x0000000082200000, 0x0000000086680000, 0x00000000d6100000)
  object space 70144K, 29% used [0x0000000082200000,0x000000008361eea0,0x0000000086680000)
 Metaspace       used 33943K, capacity 35222K, committed 35416K, reserved 1079296K
  class space    used 4757K, capacity 5063K, committed 5120K, reserved 1048576K
Event: 8.831 GC heap after
Heap after GC invocations=7 (full 1):
 PSYoungGen      total 62464K, used 5997K [0x00000000d6100000, 0x00000000db380000, 0x0000000100000000)
  eden space 49664K, 0% used [0x00000000d6100000,0x00000000d6100000,0x00000000d9180000)
  from space 12800K, 46% used [0x00000000d9d80000,0x00000000da35b5c8,0x00000000daa00000)
  to   space 12288K, 0% used [0x00000000d9180000,0x00000000d9180000,0x00000000d9d80000)
 ParOldGen       total 70144K, used 20611K [0x0000000082200000, 0x0000000086680000, 0x00000000d6100000)
  object space 70144K, 29% used [0x0000000082200000,0x0000000083620ea0,0x0000000086680000)
 Metaspace       used 33943K, capacity 35222K, committed 35416K, reserved 1079296K
  class space    used 4757K, capacity 5063K, committed 5120K, reserved 1048576K
}
Event: 8.831 GC heap before
{Heap before GC invocations=8 (full 2):
 PSYoungGen      total 62464K, used 5997K [0x00000000d6100000, 0x00000000db380000, 0x0000000100000000)
  eden space 49664K, 0% used [0x00000000d6100000,0x00000000d6100000,0x00000000d9180000)
  from space 12800K, 46% used [0x00000000d9d80000,0x00000000da35b5c8,0x00000000daa00000)
  to   space 12288K, 0% used [0x00000000d9180000,0x00000000d9180000,0x00000000d9d80000)
 ParOldGen       total 70144K, used 20611K [0x0000000082200000, 0x0000000086680000, 0x00000000d6100000)
  object space 70144K, 29% used [0x0000000082200000,0x0000000083620ea0,0x0000000086680000)
 Metaspace       used 33943K, capacity 35222K, committed 35416K, reserved 1079296K
  class space    used 4757K, capacity 5063K, committed 5120K, reserved 1048576K
Event: 8.875 GC heap after
Heap after GC invocations=8 (full 2):
 PSYoungGen      total 62464K, used 0K [0x00000000d6100000, 0x00000000db380000, 0x0000000100000000)
  eden space 49664K, 0% used [0x00000000d6100000,0x00000000d6100000,0x00000000d9180000)
  from space 12800K, 0% used [0x00000000d9d80000,0x00000000d9d80000,0x00000000daa00000)
  to   space 12288K, 0% used [0x00000000d9180000,0x00000000d9180000,0x00000000d9d80000)
 ParOldGen       total 70144K, used 23966K [0x0000000082200000, 0x0000000086680000, 0x00000000d6100000)
  object space 70144K, 34% used [0x0000000082200000,0x00000000839679f8,0x0000000086680000)
 Metaspace       used 33943K, capacity 35222K, committed 35416K, reserved 1079296K
  class space    used 4757K, capacity 5063K, committed 5120K, reserved 1048576K
}
Event: 9.458 GC heap before
{Heap before GC invocations=9 (full 2):
 PSYoungGen      total 62464K, used 49664K [0x00000000d6100000, 0x00000000db380000, 0x0000000100000000)
  eden space 49664K, 100% used [0x00000000d6100000,0x00000000d9180000,0x00000000d9180000)
  from space 12800K, 0% used [0x00000000d9d80000,0x00000000d9d80000,0x00000000daa00000)
  to   space 12288K, 0% used [0x00000000d9180000,0x00000000d9180000,0x00000000d9d80000)
 ParOldGen       total 70144K, used 23966K [0x0000000082200000, 0x0000000086680000, 0x00000000d6100000)
  object space 70144K, 34% used [0x0000000082200000,0x00000000839679f8,0x0000000086680000)
 Metaspace       used 38288K, capacity 39606K, committed 39936K, reserved 1083392K
  class space    used 5296K, capacity 5591K, committed 5632K, reserved 1048576K
Event: 9.464 GC heap after
Heap after GC invocations=9 (full 2):
 PSYoungGen      total 61952K, used 5856K [0x00000000d6100000, 0x00000000dc280000, 0x0000000100000000)
  eden space 49664K, 0% used [0x00000000d6100000,0x00000000d6100000,0x00000000d9180000)
  from space 12288K, 47% used [0x00000000d9180000,0x00000000d97381e0,0x00000000d9d80000)
  to   space 12288K, 0% used [0x00000000db680000,0x00000000db680000,0x00000000dc280000)
 ParOldGen       total 70144K, used 23974K [0x0000000082200000, 0x0000000086680000, 0x00000000d6100000)
  object space 70144K, 34% used [0x0000000082200000,0x00000000839699f8,0x0000000086680000)
 Metaspace       used 38288K, capacity 39606K, committed 39936K, reserved 1083392K
  class space    used 5296K, capacity 5591K, committed 5632K, reserved 1048576K
}

