# JRE version: Java(TM) SE Runtime Environment (8.0_191-b12) (build 1.8.0_191-b12)
# Java VM: Java HotSpot(TM) 64-Bit Server VM (25.191-b12 mixed mode windows-amd64 compressed oops)
Heap:
 PSYoungGen      total 114176K, used 75345K [0x00000000d6100000, 0x00000000df480000, 0x0000000100000000)
  eden space 97792K, 60% used [0x00000000d6100000,0x00000000d9a9bc98,0x00000000dc080000)
  from space 16384K, 99% used [0x00000000dd780000,0x00000000de778790,0x00000000de780000)
  to   space 23552K, 0% used [0x00000000dc080000,0x00000000dc080000,0x00000000dd780000)
 ParOldGen       total 123392K, used 43000K [0x0000000082200000, 0x0000000089a80000, 0x00000000d6100000)
  object space 123392K, 34% used [0x0000000082200000,0x0000000084bfe290,0x0000000089a80000)
 Metaspace       used 45923K, capacity 47624K, committed 47744K, reserved 1091584K
  class space    used 6172K, capacity 6492K, committed 6528K, reserved 1048576K
GC Heap History (10 events):
Event: 15.646 GC heap before
{Heap before GC invocations=10 (full 2):
 PSYoungGen      total 63488K, used 56368K [0x00000000d6100000, 0x00000000dbe80000, 0x0000000100000000)
  eden space 50688K, 100% used [0x00000000d6100000,0x00000000d9280000,0x00000000d9280000)
  from space 12800K, 44% used [0x00000000d9280000,0x00000000d980c1f0,0x00000000d9f00000)
  to   space 12800K, 0% used [0x00000000db200000,0x00000000db200000,0x00000000dbe80000)
 ParOldGen       total 123392K, used 23936K [0x0000000082200000, 0x0000000089a80000, 0x00000000d6100000)
  object space 123392K, 19% used [0x0000000082200000,0x0000000083960220,0x0000000089a80000)
 Metaspace       used 40469K, capacity 41816K, committed 42240K, reserved 1085440K
  class space    used 5535K, capacity 5818K, committed 5888K, reserved 1048576K
Event: 15.653 GC heap after
Heap after GC invocations=10 (full 2):
 PSYoungGen      total 76800K, used 6595K [0x00000000d6100000, 0x00000000dbb80000, 0x0000000100000000)
  eden space 67072K, 0% used [0x00000000d6100000,0x00000000d6100000,0x00000000da280000)
  from space 9728K, 67% used [0x00000000db200000,0x00000000db870da8,0x00000000dbb80000)
  to   space 12800K, 0% used [0x00000000da280000,0x00000000da280000,0x00000000daf00000)
 ParOldGen       total 123392K, used 23944K [0x0000000082200000, 0x0000000089a80000, 0x00000000d6100000)
  object space 123392K, 19% used [0x0000000082200000,0x0000000083962220,0x0000000089a80000)
 Metaspace       used 40469K, capacity 41816K, committed 42240K, reserved 1085440K
  class space    used 5535K, capacity 5818K, committed 5888K, reserved 1048576K
}
Event: 20.569 GC heap before
{Heap before GC invocations=11 (full 2):
 PSYoungGen      total 76800K, used 73667K [0x00000000d6100000, 0x00000000dbb80000, 0x0000000100000000)
  eden space 67072K, 100% used [0x00000000d6100000,0x00000000da280000,0x00000000da280000)
  from space 9728K, 67% used [0x00000000db200000,0x00000000db870da8,0x00000000dbb80000)
  to   space 12800K, 0% used [0x00000000da280000,0x00000000da280000,0x00000000daf00000)
 ParOldGen       total 123392K, used 23944K [0x0000000082200000, 0x0000000089a80000, 0x00000000d6100000)
  object space 123392K, 19% used [0x0000000082200000,0x0000000083962220,0x0000000089a80000)
 Metaspace       used 42191K, capacity 43524K, committed 44032K, reserved 1087488K
  class space    used 5743K, capacity 6044K, committed 6144K, reserved 1048576K
Event: 20.577 GC heap after
Heap after GC invocations=11 (full 2):
 PSYoungGen      total 79872K, used 9067K [0x00000000d6100000, 0x00000000dc680000, 0x0000000100000000)
  eden space 67072K, 0% used [0x00000000d6100000,0x00000000d6100000,0x00000000da280000)
  from space 12800K, 70% used [0x00000000da280000,0x00000000dab5ae50,0x00000000daf00000)
  to   space 12800K, 0% used [0x00000000dba00000,0x00000000dba00000,0x00000000dc680000)
 ParOldGen       total 123392K, used 23944K [0x0000000082200000, 0x0000000089a80000, 0x00000000d6100000)
  object space 123392K, 19% used [0x0000000082200000,0x0000000083962220,0x0000000089a80000)
 Metaspace       used 42191K, capacity 43524K, committed 44032K, reserved 1087488K
  class space    used 5743K, capacity 6044K, committed 6144K, reserved 1048576K
}
Event: 20.632 GC heap before
{Heap before GC invocations=12 (full 2):
 PSYoungGen      total 79872K, used 76139K [0x00000000d6100000, 0x00000000dc680000, 0x0000000100000000)
  eden space 67072K, 100% used [0x00000000d6100000,0x00000000da280000,0x00000000da280000)
  from space 12800K, 70% used [0x00000000da280000,0x00000000dab5ae50,0x00000000daf00000)
  to   space 12800K, 0% used [0x00000000dba00000,0x00000000dba00000,0x00000000dc680000)
 ParOldGen       total 123392K, used 23944K [0x0000000082200000, 0x0000000089a80000, 0x00000000d6100000)
  object space 123392K, 19% used [0x0000000082200000,0x0000000083962220,0x0000000089a80000)
 Metaspace       used 42192K, capacity 43524K, committed 44032K, reserved 1087488K
  class space    used 5743K, capacity 6044K, committed 6144K, reserved 1048576K
Event: 20.639 GC heap after
Heap after GC invocations=12 (full 2):
 PSYoungGen      total 90624K, used 10688K [0x00000000d6100000, 0x00000000dd500000, 0x0000000100000000)
  eden space 77824K, 0% used [0x00000000d6100000,0x00000000d6100000,0x00000000dad00000)
  from space 12800K, 83% used [0x00000000dba00000,0x00000000dc470020,0x00000000dc680000)
  to   space 13312K, 0% used [0x00000000dad00000,0x00000000dad00000,0x00000000dba00000)
 ParOldGen       total 123392K, used 23952K [0x0000000082200000, 0x0000000089a80000, 0x00000000d6100000)
  object space 123392K, 19% used [0x0000000082200000,0x0000000083964220,0x0000000089a80000)
 Metaspace       used 42192K, capacity 43524K, committed 44032K, reserved 1087488K
  class space    used 5743K, capacity 6044K, committed 6144K, reserved 1048576K
}
Event: 22.506 GC heap before
{Heap before GC invocations=13 (full 2):
 PSYoungGen      total 90624K, used 88512K [0x00000000d6100000, 0x00000000dd500000, 0x0000000100000000)
  eden space 77824K, 100% used [0x00000000d6100000,0x00000000dad00000,0x00000000dad00000)
  from space 12800K, 83% used [0x00000000dba00000,0x00000000dc470020,0x00000000dc680000)
  to   space 13312K, 0% used [0x00000000dad00000,0x00000000dad00000,0x00000000dba00000)
 ParOldGen       total 123392K, used 23952K [0x0000000082200000, 0x0000000089a80000, 0x00000000d6100000)
  object space 123392K, 19% used [0x0000000082200000,0x0000000083964220,0x0000000089a80000)
 Metaspace       used 44521K, capacity 46178K, committed 46336K, reserved 1089536K
  class space    used 6080K, capacity 6399K, committed 6400K, reserved 1048576K
Event: 22.520 GC heap after
Heap after GC invocations=13 (full 2):
 PSYoungGen      total 91136K, used 13280K [0x00000000d6100000, 0x00000000de780000, 0x0000000100000000)
  eden space 77824K, 0% used [0x00000000d6100000,0x00000000d6100000,0x00000000dad00000)
  from space 13312K, 99% used [0x00000000dad00000,0x00000000db9f8020,0x00000000dba00000)
  to   space 16384K, 0% used [0x00000000dd780000,0x00000000dd780000,0x00000000de780000)
 ParOldGen       total 123392K, used 28863K [0x0000000082200000, 0x0000000089a80000, 0x00000000d6100000)
  object space 123392K, 23% used [0x0000000082200000,0x0000000083e2ff80,0x0000000089a80000)
 Metaspace       used 44521K, capacity 46178K, committed 46336K, reserved 1089536K
  class space    used 6080K, capacity 6399K, committed 6400K, reserved 1048576K
}
Event: 23.416 GC heap before
{Heap before GC invocations=14 (full 2):
 PSYoungGen      total 91136K, used 91045K [0x00000000d6100000, 0x00000000de780000, 0x0000000100000000)
  eden space 77824K, 99% used [0x00000000d6100000,0x00000000dacf15a0,0x00000000dad00000)
  from space 13312K, 99% used [0x00000000dad00000,0x00000000db9f8020,0x00000000dba00000)
  to   space 16384K, 0% used [0x00000000dd780000,0x00000000dd780000,0x00000000de780000)
 ParOldGen       total 123392K, used 28927K [0x0000000082200000, 0x0000000089a80000, 0x00000000d6100000)
  object space 123392K, 23% used [0x0000000082200000,0x0000000083e3ff90,0x0000000089a80000)
 Metaspace       used 45257K, capacity 46962K, committed 47232K, reserved 1089536K
  class space    used 6122K, capacity 6443K, committed 6528K, reserved 1048576K
Event: 23.433 GC heap after
Heap after GC invocations=14 (full 2):
 PSYoungGen      total 114176K, used 16353K [0x00000000d6100000, 0x00000000df480000, 0x0000000100000000)
  eden space 97792K, 0% used [0x00000000d6100000,0x00000000d6100000,0x00000000dc080000)
  from space 16384K, 99% used [0x00000000dd780000,0x00000000de778790,0x00000000de780000)
  to   space 23552K, 0% used [0x00000000dc080000,0x00000000dc080000,0x00000000dd780000)
 ParOldGen       total 123392K, used 43000K [0x0000000082200000, 0x0000000089a80000, 0x00000000d6100000)
  object space 123392K, 34% used [0x0000000082200000,0x0000000084bfe290,0x0000000089a80000)
 Metaspace       used 45257K, capacity 46962K, committed 47232K, reserved 1089536K
  class space    used 6122K, capacity 6443K, committed 6528K, reserved 1048576K
}

