# JRE version: Java(TM) SE Runtime Environment (8.0_191-b12) (build 1.8.0_191-b12)
# Java VM: Java HotSpot(TM) 64-Bit Server VM (25.191-b12 mixed mode windows-amd64 compressed oops)
Heap:
 PSYoungGen      total 128000K, used 49982K [0x00000000d6100000, 0x00000000e0180000, 0x0000000100000000)
  eden space 104960K, 25% used [0x00000000d6100000,0x00000000d7b54188,0x00000000dc780000)
  from space 23040K, 99% used [0x00000000de380000,0x00000000df9fb8f0,0x00000000dfa00000)
  to   space 28672K, 0% used [0x00000000dc780000,0x00000000dc780000,0x00000000de380000)
 ParOldGen       total 129024K, used 47606K [0x0000000082200000, 0x000000008a000000, 0x00000000d6100000)
  object space 129024K, 36% used [0x0000000082200000,0x000000008507dab8,0x000000008a000000)
 Metaspace       used 54127K, capacity 56496K, committed 56704K, reserved 1097728K
  class space    used 7340K, capacity 7768K, committed 7808K, reserved 1048576K
GC Heap History (10 events):
Event: 20.965 GC heap before
{Heap before GC invocations=12 (full 2):
 PSYoungGen      total 73216K, used 70501K [0x00000000d6100000, 0x00000000dbb00000, 0x0000000100000000)
  eden space 61952K, 100% used [0x00000000d6100000,0x00000000d9d80000,0x00000000d9d80000)
  from space 11264K, 75% used [0x00000000d9d80000,0x00000000da5d97d0,0x00000000da880000)
  to   space 11264K, 0% used [0x00000000db000000,0x00000000db000000,0x00000000dbb00000)
 ParOldGen       total 129024K, used 24419K [0x0000000082200000, 0x000000008a000000, 0x00000000d6100000)
  object space 129024K, 18% used [0x0000000082200000,0x00000000839d8e40,0x000000008a000000)
 Metaspace       used 42757K, capacity 44182K, committed 44544K, reserved 1087488K
  class space    used 5806K, capacity 6109K, committed 6144K, reserved 1048576K
Event: 20.972 GC heap after
Heap after GC invocations=12 (full 2):
 PSYoungGen      total 80384K, used 10016K [0x00000000d6100000, 0x00000000dca80000, 0x0000000100000000)
  eden space 69120K, 0% used [0x00000000d6100000,0x00000000d6100000,0x00000000da480000)
  from space 11264K, 88% used [0x00000000db000000,0x00000000db9c8030,0x00000000dbb00000)
  to   space 11776K, 0% used [0x00000000da480000,0x00000000da480000,0x00000000db000000)
 ParOldGen       total 129024K, used 24427K [0x0000000082200000, 0x000000008a000000, 0x00000000d6100000)
  object space 129024K, 18% used [0x0000000082200000,0x00000000839dae40,0x000000008a000000)
 Metaspace       used 42757K, capacity 44182K, committed 44544K, reserved 1087488K
  class space    used 5806K, capacity 6109K, committed 6144K, reserved 1048576K
}
Event: 21.288 GC heap before
{Heap before GC invocations=13 (full 2):
 PSYoungGen      total 80384K, used 79136K [0x00000000d6100000, 0x00000000dca80000, 0x0000000100000000)
  eden space 69120K, 100% used [0x00000000d6100000,0x00000000da480000,0x00000000da480000)
  from space 11264K, 88% used [0x00000000db000000,0x00000000db9c8030,0x00000000dbb00000)
  to   space 11776K, 0% used [0x00000000da480000,0x00000000da480000,0x00000000db000000)
 ParOldGen       total 129024K, used 24427K [0x0000000082200000, 0x000000008a000000, 0x00000000d6100000)
  object space 129024K, 18% used [0x0000000082200000,0x00000000839dae40,0x000000008a000000)
 Metaspace       used 42998K, capacity 44342K, committed 44800K, reserved 1087488K
  class space    used 5848K, capacity 6141K, committed 6144K, reserved 1048576K
Event: 21.296 GC heap after
Heap after GC invocations=13 (full 2):
 PSYoungGen      total 80896K, used 11772K [0x00000000d6100000, 0x00000000dd600000, 0x0000000100000000)
  eden space 69120K, 0% used [0x00000000d6100000,0x00000000d6100000,0x00000000da480000)
  from space 11776K, 99% used [0x00000000da480000,0x00000000dafff390,0x00000000db000000)
  to   space 13312K, 0% used [0x00000000dc900000,0x00000000dc900000,0x00000000dd600000)
 ParOldGen       total 129024K, used 26020K [0x0000000082200000, 0x000000008a000000, 0x00000000d6100000)
  object space 129024K, 20% used [0x0000000082200000,0x0000000083b69218,0x000000008a000000)
 Metaspace       used 42998K, capacity 44342K, committed 44800K, reserved 1087488K
  class space    used 5848K, capacity 6141K, committed 6144K, reserved 1048576K
}
Event: 22.916 GC heap before
{Heap before GC invocations=14 (full 2):
 PSYoungGen      total 80896K, used 80892K [0x00000000d6100000, 0x00000000dd600000, 0x0000000100000000)
  eden space 69120K, 100% used [0x00000000d6100000,0x00000000da480000,0x00000000da480000)
  from space 11776K, 99% used [0x00000000da480000,0x00000000dafff390,0x00000000db000000)
  to   space 13312K, 0% used [0x00000000dc900000,0x00000000dc900000,0x00000000dd600000)
 ParOldGen       total 129024K, used 26020K [0x0000000082200000, 0x000000008a000000, 0x00000000d6100000)
  object space 129024K, 20% used [0x0000000082200000,0x0000000083b69218,0x000000008a000000)
 Metaspace       used 45738K, capacity 47520K, committed 47744K, reserved 1091584K
  class space    used 6190K, capacity 6512K, committed 6528K, reserved 1048576K
Event: 22.933 GC heap after
Heap after GC invocations=14 (full 2):
 PSYoungGen      total 99840K, used 13297K [0x00000000d6100000, 0x00000000de100000, 0x0000000100000000)
  eden space 86528K, 0% used [0x00000000d6100000,0x00000000d6100000,0x00000000db580000)
  from space 13312K, 99% used [0x00000000dc900000,0x00000000dd5fc4f0,0x00000000dd600000)
  to   space 19968K, 0% used [0x00000000db580000,0x00000000db580000,0x00000000dc900000)
 ParOldGen       total 129024K, used 40630K [0x0000000082200000, 0x000000008a000000, 0x00000000d6100000)
  object space 129024K, 31% used [0x0000000082200000,0x00000000849adbf0,0x000000008a000000)
 Metaspace       used 45738K, capacity 47520K, committed 47744K, reserved 1091584K
  class space    used 6190K, capacity 6512K, committed 6528K, reserved 1048576K
}
Event: 42.313 GC heap before
{Heap before GC invocations=15 (full 2):
 PSYoungGen      total 99840K, used 99825K [0x00000000d6100000, 0x00000000de100000, 0x0000000100000000)
  eden space 86528K, 100% used [0x00000000d6100000,0x00000000db580000,0x00000000db580000)
  from space 13312K, 99% used [0x00000000dc900000,0x00000000dd5fc4f0,0x00000000dd600000)
  to   space 19968K, 0% used [0x00000000db580000,0x00000000db580000,0x00000000dc900000)
 ParOldGen       total 129024K, used 40630K [0x0000000082200000, 0x000000008a000000, 0x00000000d6100000)
  object space 129024K, 31% used [0x0000000082200000,0x00000000849adbf0,0x000000008a000000)
 Metaspace       used 46052K, capacity 47800K, committed 48000K, reserved 1091584K
  class space    used 6194K, capacity 6514K, committed 6528K, reserved 1048576K
Event: 42.325 GC heap after
Heap after GC invocations=15 (full 2):
 PSYoungGen      total 106496K, used 19963K [0x00000000d6100000, 0x00000000dfa00000, 0x0000000100000000)
  eden space 86528K, 0% used [0x00000000d6100000,0x00000000d6100000,0x00000000db580000)
  from space 19968K, 99% used [0x00000000db580000,0x00000000dc8fee20,0x00000000dc900000)
  to   space 23040K, 0% used [0x00000000de380000,0x00000000de380000,0x00000000dfa00000)
 ParOldGen       total 129024K, used 41853K [0x0000000082200000, 0x000000008a000000, 0x00000000d6100000)
  object space 129024K, 32% used [0x0000000082200000,0x0000000084adf410,0x000000008a000000)
 Metaspace       used 46052K, capacity 47800K, committed 48000K, reserved 1091584K
  class space    used 6194K, capacity 6514K, committed 6528K, reserved 1048576K
}
Event: 60.764 GC heap before
{Heap before GC invocations=16 (full 2):
 PSYoungGen      total 106496K, used 106491K [0x00000000d6100000, 0x00000000dfa00000, 0x0000000100000000)
  eden space 86528K, 100% used [0x00000000d6100000,0x00000000db580000,0x00000000db580000)
  from space 19968K, 99% used [0x00000000db580000,0x00000000dc8fee20,0x00000000dc900000)
  to   space 23040K, 0% used [0x00000000de380000,0x00000000de380000,0x00000000dfa00000)
 ParOldGen       total 129024K, used 41853K [0x0000000082200000, 0x000000008a000000, 0x00000000d6100000)
  object space 129024K, 32% used [0x0000000082200000,0x0000000084adf410,0x000000008a000000)
 Metaspace       used 51116K, capacity 53110K, committed 53376K, reserved 1095680K
  class space    used 6865K, capacity 7231K, committed 7296K, reserved 1048576K
Event: 60.780 GC heap after
Heap after GC invocations=16 (full 2):
 PSYoungGen      total 128000K, used 23022K [0x00000000d6100000, 0x00000000e0180000, 0x0000000100000000)
  eden space 104960K, 0% used [0x00000000d6100000,0x00000000d6100000,0x00000000dc780000)
  from space 23040K, 99% used [0x00000000de380000,0x00000000df9fb8f0,0x00000000dfa00000)
  to   space 28672K, 0% used [0x00000000dc780000,0x00000000dc780000,0x00000000de380000)
 ParOldGen       total 129024K, used 47606K [0x0000000082200000, 0x000000008a000000, 0x00000000d6100000)
  object space 129024K, 36% used [0x0000000082200000,0x000000008507dab8,0x000000008a000000)
 Metaspace       used 51116K, capacity 53110K, committed 53376K, reserved 1095680K
  class space    used 6865K, capacity 7231K, committed 7296K, reserved 1048576K
}

