# JRE version: Java(TM) SE Runtime Environment (8.0_191-b12) (build 1.8.0_191-b12)
# Java VM: Java HotSpot(TM) 64-Bit Server VM (25.191-b12 mixed mode windows-amd64 compressed oops)
Heap:
 PSYoungGen      total 62976K, used 50176K [0x00000000d6100000, 0x00000000dba00000, 0x0000000100000000)
  eden space 50176K, 100% used [0x00000000d6100000,0x00000000d9200000,0x00000000d9200000)
  from space 12800K, 0% used [0x00000000d9e80000,0x00000000d9e80000,0x00000000dab00000)
  to   space 12800K, 0% used [0x00000000d9200000,0x00000000d9200000,0x00000000d9e80000)
 ParOldGen       total 70144K, used 23889K [0x0000000082200000, 0x0000000086680000, 0x00000000d6100000)
  object space 70144K, 34% used [0x0000000082200000,0x0000000083954708,0x0000000086680000)
 Metaspace       used 38200K, capacity 39566K, committed 39936K, reserved 1083392K
  class space    used 5305K, capacity 5601K, committed 5632K, reserved 1048576K
GC Heap History (10 events):
Event: 2.074 GC heap before
{Heap before GC invocations=4 (full 1):
 PSYoungGen      total 37888K, used 32738K [0x00000000d6100000, 0x00000000dab00000, 0x0000000100000000)
  eden space 32768K, 99% used [0x00000000d6100000,0x00000000d80f8b00,0x00000000d8100000)
  from space 5120K, 0% used [0x00000000d8600000,0x00000000d8600000,0x00000000d8b00000)
  to   space 5120K, 0% used [0x00000000d8100000,0x00000000d8100000,0x00000000d8600000)
 ParOldGen       total 70144K, used 9190K [0x0000000082200000, 0x0000000086680000, 0x00000000d6100000)
  object space 70144K, 13% used [0x0000000082200000,0x0000000082af9840,0x0000000086680000)
 Metaspace       used 23431K, capacity 24650K, committed 24960K, reserved 1071104K
  class space    used 3336K, capacity 3603K, committed 3712K, reserved 1048576K
Event: 2.078 GC heap after
Heap after GC invocations=4 (full 1):
 PSYoungGen      total 37888K, used 5106K [0x00000000d6100000, 0x00000000d9480000, 0x0000000100000000)
  eden space 32768K, 0% used [0x00000000d6100000,0x00000000d6100000,0x00000000d8100000)
  from space 5120K, 99% used [0x00000000d8100000,0x00000000d85fc940,0x00000000d8600000)
  to   space 5120K, 0% used [0x00000000d8f80000,0x00000000d8f80000,0x00000000d9480000)
 ParOldGen       total 70144K, used 11946K [0x0000000082200000, 0x0000000086680000, 0x00000000d6100000)
  object space 70144K, 17% used [0x0000000082200000,0x0000000082daaa70,0x0000000086680000)
 Metaspace       used 23431K, capacity 24650K, committed 24960K, reserved 1071104K
  class space    used 3336K, capacity 3603K, committed 3712K, reserved 1048576K
}
Event: 3.284 GC heap before
{Heap before GC invocations=5 (full 1):
 PSYoungGen      total 37888K, used 37874K [0x00000000d6100000, 0x00000000d9480000, 0x0000000100000000)
  eden space 32768K, 100% used [0x00000000d6100000,0x00000000d8100000,0x00000000d8100000)
  from space 5120K, 99% used [0x00000000d8100000,0x00000000d85fc940,0x00000000d8600000)
  to   space 5120K, 0% used [0x00000000d8f80000,0x00000000d8f80000,0x00000000d9480000)
 ParOldGen       total 70144K, used 11946K [0x0000000082200000, 0x0000000086680000, 0x00000000d6100000)
  object space 70144K, 17% used [0x0000000082200000,0x0000000082daaa70,0x0000000086680000)
 Metaspace       used 24871K, capacity 26194K, committed 26368K, reserved 1071104K
  class space    used 3459K, capacity 3751K, committed 3840K, reserved 1048576K
Event: 3.288 GC heap after
Heap after GC invocations=5 (full 1):
 PSYoungGen      total 46080K, used 5108K [0x00000000d6100000, 0x00000000d9480000, 0x0000000100000000)
  eden space 40960K, 0% used [0x00000000d6100000,0x00000000d6100000,0x00000000d8900000)
  from space 5120K, 99% used [0x00000000d8f80000,0x00000000d947d220,0x00000000d9480000)
  to   space 5120K, 0% used [0x00000000d8a80000,0x00000000d8a80000,0x00000000d8f80000)
 ParOldGen       total 70144K, used 13664K [0x0000000082200000, 0x0000000086680000, 0x00000000d6100000)
  object space 70144K, 19% used [0x0000000082200000,0x0000000082f58130,0x0000000086680000)
 Metaspace       used 24871K, capacity 26194K, committed 26368K, reserved 1071104K
  class space    used 3459K, capacity 3751K, committed 3840K, reserved 1048576K
}
Event: 4.732 GC heap before
{Heap before GC invocations=6 (full 1):
 PSYoungGen      total 46080K, used 46068K [0x00000000d6100000, 0x00000000d9480000, 0x0000000100000000)
  eden space 40960K, 100% used [0x00000000d6100000,0x00000000d8900000,0x00000000d8900000)
  from space 5120K, 99% used [0x00000000d8f80000,0x00000000d947d220,0x00000000d9480000)
  to   space 5120K, 0% used [0x00000000d8a80000,0x00000000d8a80000,0x00000000d8f80000)
 ParOldGen       total 70144K, used 13664K [0x0000000082200000, 0x0000000086680000, 0x00000000d6100000)
  object space 70144K, 19% used [0x0000000082200000,0x0000000082f58130,0x0000000086680000)
 Metaspace       used 33627K, capacity 34958K, committed 35328K, reserved 1079296K
  class space    used 4734K, capacity 5041K, committed 5120K, reserved 1048576K
Event: 4.738 GC heap after
Heap after GC invocations=6 (full 1):
 PSYoungGen      total 47616K, used 5107K [0x00000000d6100000, 0x00000000dab00000, 0x0000000100000000)
  eden space 42496K, 0% used [0x00000000d6100000,0x00000000d6100000,0x00000000d8a80000)
  from space 5120K, 99% used [0x00000000d8a80000,0x00000000d8f7cfd0,0x00000000d8f80000)
  to   space 12800K, 0% used [0x00000000d9e80000,0x00000000d9e80000,0x00000000dab00000)
 ParOldGen       total 70144K, used 20863K [0x0000000082200000, 0x0000000086680000, 0x00000000d6100000)
  object space 70144K, 29% used [0x0000000082200000,0x000000008365fce8,0x0000000086680000)
 Metaspace       used 33627K, capacity 34958K, committed 35328K, reserved 1079296K
  class space    used 4734K, capacity 5041K, committed 5120K, reserved 1048576K
}
Event: 4.763 GC heap before
{Heap before GC invocations=7 (full 1):
 PSYoungGen      total 47616K, used 6995K [0x00000000d6100000, 0x00000000dab00000, 0x0000000100000000)
  eden space 42496K, 4% used [0x00000000d6100000,0x00000000d62d7f78,0x00000000d8a80000)
  from space 5120K, 99% used [0x00000000d8a80000,0x00000000d8f7cfd0,0x00000000d8f80000)
  to   space 12800K, 0% used [0x00000000d9e80000,0x00000000d9e80000,0x00000000dab00000)
 ParOldGen       total 70144K, used 20863K [0x0000000082200000, 0x0000000086680000, 0x00000000d6100000)
  object space 70144K, 29% used [0x0000000082200000,0x000000008365fce8,0x0000000086680000)
 Metaspace       used 33877K, capacity 35182K, committed 35416K, reserved 1079296K
  class space    used 4766K, capacity 5073K, committed 5120K, reserved 1048576K
Event: 4.765 GC heap after
Heap after GC invocations=7 (full 1):
 PSYoungGen      total 62976K, used 5422K [0x00000000d6100000, 0x00000000dba00000, 0x0000000100000000)
  eden space 50176K, 0% used [0x00000000d6100000,0x00000000d6100000,0x00000000d9200000)
  from space 12800K, 42% used [0x00000000d9e80000,0x00000000da3cb998,0x00000000dab00000)
  to   space 12800K, 0% used [0x00000000d9200000,0x00000000d9200000,0x00000000d9e80000)
 ParOldGen       total 70144K, used 20863K [0x0000000082200000, 0x0000000086680000, 0x00000000d6100000)
  object space 70144K, 29% used [0x0000000082200000,0x000000008365fce8,0x0000000086680000)
 Metaspace       used 33877K, capacity 35182K, committed 35416K, reserved 1079296K
  class space    used 4766K, capacity 5073K, committed 5120K, reserved 1048576K
}
Event: 4.766 GC heap before
{Heap before GC invocations=8 (full 2):
 PSYoungGen      total 62976K, used 5422K [0x00000000d6100000, 0x00000000dba00000, 0x0000000100000000)
  eden space 50176K, 0% used [0x00000000d6100000,0x00000000d6100000,0x00000000d9200000)
  from space 12800K, 42% used [0x00000000d9e80000,0x00000000da3cb998,0x00000000dab00000)
  to   space 12800K, 0% used [0x00000000d9200000,0x00000000d9200000,0x00000000d9e80000)
 ParOldGen       total 70144K, used 20863K [0x0000000082200000, 0x0000000086680000, 0x00000000d6100000)
  object space 70144K, 29% used [0x0000000082200000,0x000000008365fce8,0x0000000086680000)
 Metaspace       used 33877K, capacity 35182K, committed 35416K, reserved 1079296K
  class space    used 4766K, capacity 5073K, committed 5120K, reserved 1048576K
Event: 4.810 GC heap after
Heap after GC invocations=8 (full 2):
 PSYoungGen      total 62976K, used 0K [0x00000000d6100000, 0x00000000dba00000, 0x0000000100000000)
  eden space 50176K, 0% used [0x00000000d6100000,0x00000000d6100000,0x00000000d9200000)
  from space 12800K, 0% used [0x00000000d9e80000,0x00000000d9e80000,0x00000000dab00000)
  to   space 12800K, 0% used [0x00000000d9200000,0x00000000d9200000,0x00000000d9e80000)
 ParOldGen       total 70144K, used 23889K [0x0000000082200000, 0x0000000086680000, 0x00000000d6100000)
  object space 70144K, 34% used [0x0000000082200000,0x0000000083954708,0x0000000086680000)
 Metaspace       used 33877K, capacity 35182K, committed 35416K, reserved 1079296K
  class space    used 4766K, capacity 5073K, committed 5120K, reserved 1048576K
}

