# JRE version: Java(TM) SE Runtime Environment (8.0_191-b12) (build 1.8.0_191-b12)
# Java VM: Java HotSpot(TM) 64-Bit Server VM (25.191-b12 mixed mode windows-amd64 compressed oops)
Heap:
 PSYoungGen      total 42496K, used 21461K [0x00000000d6100000, 0x00000000db280000, 0x0000000100000000)
  eden space 31232K, 68% used [0x00000000d6100000,0x00000000d75f5448,0x00000000d7f80000)
  from space 11264K, 0% used [0x00000000d7f80000,0x00000000d7f80000,0x00000000d8a80000)
  to   space 11264K, 0% used [0x00000000da780000,0x00000000da780000,0x00000000db280000)
 ParOldGen       total 45568K, used 21953K [0x0000000082200000, 0x0000000084e80000, 0x00000000d6100000)
  object space 45568K, 48% used [0x0000000082200000,0x0000000083770698,0x0000000084e80000)
 Metaspace       used 36725K, capacity 38096K, committed 38272K, reserved 1081344K
  class space    used 5136K, capacity 5428K, committed 5504K, reserved 1048576K
GC Heap History (10 events):
Event: 9.249 GC heap before
{Heap before GC invocations=5 (full 1):
 PSYoungGen      total 37888K, used 37856K [0x00000000d6100000, 0x00000000d8b00000, 0x0000000100000000)
  eden space 32768K, 99% used [0x00000000d6100000,0x00000000d80fbf78,0x00000000d8100000)
  from space 5120K, 99% used [0x00000000d8100000,0x00000000d85fc120,0x00000000d8600000)
  to   space 5120K, 0% used [0x00000000d8600000,0x00000000d8600000,0x00000000d8b00000)
 ParOldGen       total 45568K, used 10855K [0x0000000082200000, 0x0000000084e80000, 0x00000000d6100000)
  object space 45568K, 23% used [0x0000000082200000,0x0000000082c99ee0,0x0000000084e80000)
 Metaspace       used 24293K, capacity 25542K, committed 25728K, reserved 1071104K
  class space    used 3394K, capacity 3677K, committed 3712K, reserved 1048576K
Event: 9.251 GC heap after
Heap after GC invocations=5 (full 1):
 PSYoungGen      total 37888K, used 5106K [0x00000000d6100000, 0x00000000d8b00000, 0x0000000100000000)
  eden space 32768K, 0% used [0x00000000d6100000,0x00000000d6100000,0x00000000d8100000)
  from space 5120K, 99% used [0x00000000d8600000,0x00000000d8afc988,0x00000000d8b00000)
  to   space 5120K, 0% used [0x00000000d8100000,0x00000000d8100000,0x00000000d8600000)
 ParOldGen       total 45568K, used 13238K [0x0000000082200000, 0x0000000084e80000, 0x00000000d6100000)
  object space 45568K, 29% used [0x0000000082200000,0x0000000082eedba8,0x0000000084e80000)
 Metaspace       used 24293K, capacity 25542K, committed 25728K, reserved 1071104K
  class space    used 3394K, capacity 3677K, committed 3712K, reserved 1048576K
}
Event: 10.375 GC heap before
{Heap before GC invocations=6 (full 1):
 PSYoungGen      total 37888K, used 37874K [0x00000000d6100000, 0x00000000d8b00000, 0x0000000100000000)
  eden space 32768K, 100% used [0x00000000d6100000,0x00000000d8100000,0x00000000d8100000)
  from space 5120K, 99% used [0x00000000d8600000,0x00000000d8afc988,0x00000000d8b00000)
  to   space 5120K, 0% used [0x00000000d8100000,0x00000000d8100000,0x00000000d8600000)
 ParOldGen       total 45568K, used 13238K [0x0000000082200000, 0x0000000084e80000, 0x00000000d6100000)
  object space 45568K, 29% used [0x0000000082200000,0x0000000082eedba8,0x0000000084e80000)
 Metaspace       used 29438K, capacity 30736K, committed 30848K, reserved 1075200K
  class space    used 4163K, capacity 4420K, committed 4480K, reserved 1048576K
Event: 10.378 GC heap after
Heap after GC invocations=6 (full 1):
 PSYoungGen      total 37376K, used 5112K [0x00000000d6100000, 0x00000000d9480000, 0x0000000100000000)
  eden space 32256K, 0% used [0x00000000d6100000,0x00000000d6100000,0x00000000d8080000)
  from space 5120K, 99% used [0x00000000d8100000,0x00000000d85fe170,0x00000000d8600000)
  to   space 10240K, 0% used [0x00000000d8a80000,0x00000000d8a80000,0x00000000d9480000)
 ParOldGen       total 45568K, used 16955K [0x0000000082200000, 0x0000000084e80000, 0x00000000d6100000)
  object space 45568K, 37% used [0x0000000082200000,0x000000008328ef70,0x0000000084e80000)
 Metaspace       used 29438K, capacity 30736K, committed 30848K, reserved 1075200K
  class space    used 4163K, capacity 4420K, committed 4480K, reserved 1048576K
}
Event: 11.679 GC heap before
{Heap before GC invocations=7 (full 1):
 PSYoungGen      total 37376K, used 37368K [0x00000000d6100000, 0x00000000d9480000, 0x0000000100000000)
  eden space 32256K, 100% used [0x00000000d6100000,0x00000000d8080000,0x00000000d8080000)
  from space 5120K, 99% used [0x00000000d8100000,0x00000000d85fe170,0x00000000d8600000)
  to   space 10240K, 0% used [0x00000000d8a80000,0x00000000d8a80000,0x00000000d9480000)
 ParOldGen       total 45568K, used 16955K [0x0000000082200000, 0x0000000084e80000, 0x00000000d6100000)
  object space 45568K, 37% used [0x0000000082200000,0x000000008328ef70,0x0000000084e80000)
 Metaspace       used 33785K, capacity 35106K, committed 35328K, reserved 1079296K
  class space    used 4729K, capacity 4999K, committed 5120K, reserved 1048576K
Event: 11.685 GC heap after
Heap after GC invocations=7 (full 1):
 PSYoungGen      total 41472K, used 10223K [0x00000000d6100000, 0x00000000d9600000, 0x0000000100000000)
  eden space 31232K, 0% used [0x00000000d6100000,0x00000000d6100000,0x00000000d7f80000)
  from space 10240K, 99% used [0x00000000d8a80000,0x00000000d947bc48,0x00000000d9480000)
  to   space 11264K, 0% used [0x00000000d7f80000,0x00000000d7f80000,0x00000000d8a80000)
 ParOldGen       total 45568K, used 17152K [0x0000000082200000, 0x0000000084e80000, 0x00000000d6100000)
  object space 45568K, 37% used [0x0000000082200000,0x00000000832c0050,0x0000000084e80000)
 Metaspace       used 33785K, capacity 35106K, committed 35328K, reserved 1079296K
  class space    used 4729K, capacity 4999K, committed 5120K, reserved 1048576K
}
Event: 11.694 GC heap before
{Heap before GC invocations=8 (full 1):
 PSYoungGen      total 41472K, used 11289K [0x00000000d6100000, 0x00000000d9600000, 0x0000000100000000)
  eden space 31232K, 3% used [0x00000000d6100000,0x00000000d620a800,0x00000000d7f80000)
  from space 10240K, 99% used [0x00000000d8a80000,0x00000000d947bc48,0x00000000d9480000)
  to   space 11264K, 0% used [0x00000000d7f80000,0x00000000d7f80000,0x00000000d8a80000)
 ParOldGen       total 45568K, used 17152K [0x0000000082200000, 0x0000000084e80000, 0x00000000d6100000)
  object space 45568K, 37% used [0x0000000082200000,0x00000000832c0050,0x0000000084e80000)
 Metaspace       used 33905K, capacity 35202K, committed 35416K, reserved 1079296K
  class space    used 4741K, capacity 5031K, committed 5120K, reserved 1048576K
Event: 11.698 GC heap after
Heap after GC invocations=8 (full 1):
 PSYoungGen      total 42496K, used 7049K [0x00000000d6100000, 0x00000000db280000, 0x0000000100000000)
  eden space 31232K, 0% used [0x00000000d6100000,0x00000000d6100000,0x00000000d7f80000)
  from space 11264K, 62% used [0x00000000d7f80000,0x00000000d86625c0,0x00000000d8a80000)
  to   space 11264K, 0% used [0x00000000da780000,0x00000000da780000,0x00000000db280000)
 ParOldGen       total 45568K, used 17152K [0x0000000082200000, 0x0000000084e80000, 0x00000000d6100000)
  object space 45568K, 37% used [0x0000000082200000,0x00000000832c0050,0x0000000084e80000)
 Metaspace       used 33905K, capacity 35202K, committed 35416K, reserved 1079296K
  class space    used 4741K, capacity 5031K, committed 5120K, reserved 1048576K
}
Event: 11.698 GC heap before
{Heap before GC invocations=9 (full 2):
 PSYoungGen      total 42496K, used 7049K [0x00000000d6100000, 0x00000000db280000, 0x0000000100000000)
  eden space 31232K, 0% used [0x00000000d6100000,0x00000000d6100000,0x00000000d7f80000)
  from space 11264K, 62% used [0x00000000d7f80000,0x00000000d86625c0,0x00000000d8a80000)
  to   space 11264K, 0% used [0x00000000da780000,0x00000000da780000,0x00000000db280000)
 ParOldGen       total 45568K, used 17152K [0x0000000082200000, 0x0000000084e80000, 0x00000000d6100000)
  object space 45568K, 37% used [0x0000000082200000,0x00000000832c0050,0x0000000084e80000)
 Metaspace       used 33905K, capacity 35202K, committed 35416K, reserved 1079296K
  class space    used 4741K, capacity 5031K, committed 5120K, reserved 1048576K
Event: 11.749 GC heap after
Heap after GC invocations=9 (full 2):
 PSYoungGen      total 42496K, used 0K [0x00000000d6100000, 0x00000000db280000, 0x0000000100000000)
  eden space 31232K, 0% used [0x00000000d6100000,0x00000000d6100000,0x00000000d7f80000)
  from space 11264K, 0% used [0x00000000d7f80000,0x00000000d7f80000,0x00000000d8a80000)
  to   space 11264K, 0% used [0x00000000da780000,0x00000000da780000,0x00000000db280000)
 ParOldGen       total 45568K, used 21953K [0x0000000082200000, 0x0000000084e80000, 0x00000000d6100000)
  object space 45568K, 48% used [0x0000000082200000,0x0000000083770698,0x0000000084e80000)
 Metaspace       used 33905K, capacity 35202K, committed 35416K, reserved 1079296K
  class space    used 4741K, capacity 5031K, committed 5120K, reserved 1048576K
}

