# JRE version: Java(TM) SE Runtime Environment (8.0_191-b12) (build 1.8.0_191-b12)
# Java VM: Java HotSpot(TM) 64-Bit Server VM (25.191-b12 mixed mode windows-amd64 compressed oops)
Heap:
 PSYoungGen      total 555520K, used 184122K [0x00000000d6100000, 0x00000000fb400000, 0x0000000100000000)
  eden space 501760K, 34% used [0x00000000d6100000,0x00000000e0874978,0x00000000f4b00000)
  from space 53760K, 23% used [0x00000000f4b00000,0x00000000f5759ef0,0x00000000f7f80000)
  to   space 40448K, 0% used [0x00000000f8c80000,0x00000000f8c80000,0x00000000fb400000)
 ParOldGen       total 221696K, used 119952K [0x0000000082200000, 0x000000008fa80000, 0x00000000d6100000)
  object space 221696K, 54% used [0x0000000082200000,0x0000000089724238,0x000000008fa80000)
 Metaspace       used 51733K, capacity 53884K, committed 54016K, reserved 1095680K
  class space    used 6748K, capacity 7146K, committed 7168K, reserved 1048576K
GC Heap History (10 events):
Event: 247.565 GC heap before
{Heap before GC invocations=22 (full 3):
 PSYoungGen      total 386048K, used 332288K [0x00000000d6100000, 0x00000000f1480000, 0x0000000100000000)
  eden space 332288K, 100% used [0x00000000d6100000,0x00000000ea580000,0x00000000ea580000)
  from space 53760K, 0% used [0x00000000ee000000,0x00000000ee000000,0x00000000f1480000)
  to   space 56832K, 0% used [0x00000000ea580000,0x00000000ea580000,0x00000000edd00000)
 ParOldGen       total 221696K, used 106180K [0x0000000082200000, 0x000000008fa80000, 0x00000000d6100000)
  object space 221696K, 47% used [0x0000000082200000,0x00000000889b1158,0x000000008fa80000)
 Metaspace       used 51622K, capacity 53778K, committed 54016K, reserved 1095680K
  class space    used 6745K, capacity 7113K, committed 7168K, reserved 1048576K
Event: 247.581 GC heap after
Heap after GC invocations=22 (full 3):
 PSYoungGen      total 389120K, used 47421K [0x00000000d6100000, 0x00000000f7a00000, 0x0000000100000000)
  eden space 332288K, 0% used [0x00000000d6100000,0x00000000d6100000,0x00000000ea580000)
  from space 56832K, 83% used [0x00000000ea580000,0x00000000ed3cf498,0x00000000edd00000)
  to   space 62464K, 0% used [0x00000000f3d00000,0x00000000f3d00000,0x00000000f7a00000)
 ParOldGen       total 221696K, used 106188K [0x0000000082200000, 0x000000008fa80000, 0x00000000d6100000)
  object space 221696K, 47% used [0x0000000082200000,0x00000000889b3158,0x000000008fa80000)
 Metaspace       used 51622K, capacity 53778K, committed 54016K, reserved 1095680K
  class space    used 6745K, capacity 7113K, committed 7168K, reserved 1048576K
}
Event: 256.670 GC heap before
{Heap before GC invocations=23 (full 3):
 PSYoungGen      total 389120K, used 379709K [0x00000000d6100000, 0x00000000f7a00000, 0x0000000100000000)
  eden space 332288K, 100% used [0x00000000d6100000,0x00000000ea580000,0x00000000ea580000)
  from space 56832K, 83% used [0x00000000ea580000,0x00000000ed3cf498,0x00000000edd00000)
  to   space 62464K, 0% used [0x00000000f3d00000,0x00000000f3d00000,0x00000000f7a00000)
 ParOldGen       total 221696K, used 106188K [0x0000000082200000, 0x000000008fa80000, 0x00000000d6100000)
  object space 221696K, 47% used [0x0000000082200000,0x00000000889b3158,0x000000008fa80000)
 Metaspace       used 51641K, capacity 53878K, committed 54016K, reserved 1095680K
  class space    used 6748K, capacity 7145K, committed 7168K, reserved 1048576K
Event: 256.680 GC heap after
Heap after GC invocations=23 (full 3):
 PSYoungGen      total 463872K, used 25229K [0x00000000d6100000, 0x00000000f6b00000, 0x0000000100000000)
  eden space 416768K, 0% used [0x00000000d6100000,0x00000000d6100000,0x00000000ef800000)
  from space 47104K, 53% used [0x00000000f3d00000,0x00000000f55a3780,0x00000000f6b00000)
  to   space 58880K, 0% used [0x00000000ef800000,0x00000000ef800000,0x00000000f3180000)
 ParOldGen       total 221696K, used 107698K [0x0000000082200000, 0x000000008fa80000, 0x00000000d6100000)
  object space 221696K, 48% used [0x0000000082200000,0x0000000088b2c878,0x000000008fa80000)
 Metaspace       used 51641K, capacity 53878K, committed 54016K, reserved 1095680K
  class space    used 6748K, capacity 7145K, committed 7168K, reserved 1048576K
}
Event: 263.380 GC heap before
{Heap before GC invocations=24 (full 3):
 PSYoungGen      total 463872K, used 441997K [0x00000000d6100000, 0x00000000f6b00000, 0x0000000100000000)
  eden space 416768K, 100% used [0x00000000d6100000,0x00000000ef800000,0x00000000ef800000)
  from space 47104K, 53% used [0x00000000f3d00000,0x00000000f55a3780,0x00000000f6b00000)
  to   space 58880K, 0% used [0x00000000ef800000,0x00000000ef800000,0x00000000f3180000)
 ParOldGen       total 221696K, used 107698K [0x0000000082200000, 0x000000008fa80000, 0x00000000d6100000)
  object space 221696K, 48% used [0x0000000082200000,0x0000000088b2c878,0x000000008fa80000)
 Metaspace       used 51649K, capacity 53878K, committed 54016K, reserved 1095680K
  class space    used 6748K, capacity 7145K, committed 7168K, reserved 1048576K
Event: 263.394 GC heap after
Heap after GC invocations=24 (full 3):
 PSYoungGen      total 475648K, used 20553K [0x00000000d6100000, 0x00000000fc380000, 0x0000000100000000)
  eden space 416768K, 0% used [0x00000000d6100000,0x00000000d6100000,0x00000000ef800000)
  from space 58880K, 34% used [0x00000000ef800000,0x00000000f0c12400,0x00000000f3180000)
  to   space 56320K, 0% used [0x00000000f8c80000,0x00000000f8c80000,0x00000000fc380000)
 ParOldGen       total 221696K, used 115669K [0x0000000082200000, 0x000000008fa80000, 0x00000000d6100000)
  object space 221696K, 52% used [0x0000000082200000,0x00000000892f54e8,0x000000008fa80000)
 Metaspace       used 51649K, capacity 53878K, committed 54016K, reserved 1095680K
  class space    used 6748K, capacity 7145K, committed 7168K, reserved 1048576K
}
Event: 269.600 GC heap before
{Heap before GC invocations=25 (full 3):
 PSYoungGen      total 475648K, used 437321K [0x00000000d6100000, 0x00000000fc380000, 0x0000000100000000)
  eden space 416768K, 100% used [0x00000000d6100000,0x00000000ef800000,0x00000000ef800000)
  from space 58880K, 34% used [0x00000000ef800000,0x00000000f0c12400,0x00000000f3180000)
  to   space 56320K, 0% used [0x00000000f8c80000,0x00000000f8c80000,0x00000000fc380000)
 ParOldGen       total 221696K, used 115669K [0x0000000082200000, 0x000000008fa80000, 0x00000000d6100000)
  object space 221696K, 52% used [0x0000000082200000,0x00000000892f54e8,0x000000008fa80000)
 Metaspace       used 51664K, capacity 53878K, committed 54016K, reserved 1095680K
  class space    used 6748K, capacity 7145K, committed 7168K, reserved 1048576K
Event: 269.611 GC heap after
Heap after GC invocations=25 (full 3):
 PSYoungGen      total 542208K, used 22486K [0x00000000d6100000, 0x00000000fb400000, 0x0000000100000000)
  eden space 501760K, 0% used [0x00000000d6100000,0x00000000d6100000,0x00000000f4b00000)
  from space 40448K, 55% used [0x00000000f8c80000,0x00000000fa2759e8,0x00000000fb400000)
  to   space 53760K, 0% used [0x00000000f4b00000,0x00000000f4b00000,0x00000000f7f80000)
 ParOldGen       total 221696K, used 117798K [0x0000000082200000, 0x000000008fa80000, 0x00000000d6100000)
  object space 221696K, 53% used [0x0000000082200000,0x0000000089509b88,0x000000008fa80000)
 Metaspace       used 51664K, capacity 53878K, committed 54016K, reserved 1095680K
  class space    used 6748K, capacity 7145K, committed 7168K, reserved 1048576K
}
Event: 278.659 GC heap before
{Heap before GC invocations=26 (full 3):
 PSYoungGen      total 542208K, used 524246K [0x00000000d6100000, 0x00000000fb400000, 0x0000000100000000)
  eden space 501760K, 100% used [0x00000000d6100000,0x00000000f4b00000,0x00000000f4b00000)
  from space 40448K, 55% used [0x00000000f8c80000,0x00000000fa2759e8,0x00000000fb400000)
  to   space 53760K, 0% used [0x00000000f4b00000,0x00000000f4b00000,0x00000000f7f80000)
 ParOldGen       total 221696K, used 117798K [0x0000000082200000, 0x000000008fa80000, 0x00000000d6100000)
  object space 221696K, 53% used [0x0000000082200000,0x0000000089509b88,0x000000008fa80000)
 Metaspace       used 51719K, capacity 53884K, committed 54016K, reserved 1095680K
  class space    used 6748K, capacity 7146K, committed 7168K, reserved 1048576K
Event: 278.669 GC heap after
Heap after GC invocations=26 (full 3):
 PSYoungGen      total 555520K, used 12647K [0x00000000d6100000, 0x00000000fb400000, 0x0000000100000000)
  eden space 501760K, 0% used [0x00000000d6100000,0x00000000d6100000,0x00000000f4b00000)
  from space 53760K, 23% used [0x00000000f4b00000,0x00000000f5759ef0,0x00000000f7f80000)
  to   space 40448K, 0% used [0x00000000f8c80000,0x00000000f8c80000,0x00000000fb400000)
 ParOldGen       total 221696K, used 119952K [0x0000000082200000, 0x000000008fa80000, 0x00000000d6100000)
  object space 221696K, 54% used [0x0000000082200000,0x0000000089724238,0x000000008fa80000)
 Metaspace       used 51719K, capacity 53884K, committed 54016K, reserved 1095680K
  class space    used 6748K, capacity 7146K, committed 7168K, reserved 1048576K
}

