# JRE version: Java(TM) SE Runtime Environment (8.0_241-b07) (build 1.8.0_241-b07)
# Java VM: Java HotSpot(TM) 64-Bit Server VM (25.241-b07 mixed mode windows-amd64 compressed oops)
Heap:
 PSYoungGen      total 59392K, used 29203K [0x00000000d6100000, 0x00000000da980000, 0x0000000100000000)
  eden space 49152K, 59% used [0x00000000d6100000,0x00000000d7d84fe0,0x00000000d9100000)
  from space 10240K, 0% used [0x00000000d9b80000,0x00000000d9b80000,0x00000000da580000)
  to   space 10752K, 0% used [0x00000000d9100000,0x00000000d9100000,0x00000000d9b80000)
 ParOldGen       total 96256K, used 17181K [0x0000000082200000, 0x0000000088000000, 0x00000000d6100000)
  object space 96256K, 17% used [0x0000000082200000,0x00000000832c7710,0x0000000088000000)
 Metaspace       used 35861K, capacity 36660K, committed 36864K, reserved 1081344K
  class space    used 4913K, capacity 5081K, committed 5120K, reserved 1048576K
GC Heap History (10 events):
Event: 3.973 GC heap before
{Heap before GC invocations=4 (full 1):
 PSYoungGen      total 37888K, used 5093K [0x00000000d6100000, 0x00000000d8b00000, 0x0000000100000000)
  eden space 32768K, 0% used [0x00000000d6100000,0x00000000d6100000,0x00000000d8100000)
  from space 5120K, 99% used [0x00000000d8100000,0x00000000d85f9448,0x00000000d8600000)
  to   space 5120K, 0% used [0x00000000d8600000,0x00000000d8600000,0x00000000d8b00000)
 ParOldGen       total 86016K, used 6133K [0x0000000082200000, 0x0000000087600000, 0x00000000d6100000)
  object space 86016K, 7% used [0x0000000082200000,0x00000000827fd628,0x0000000087600000)
 Metaspace       used 20540K, capacity 21242K, committed 21296K, reserved 1067008K
  class space    used 3028K, capacity 3194K, committed 3200K, reserved 1048576K
Event: 3.999 GC heap after
Heap after GC invocations=4 (full 1):
 PSYoungGen      total 37888K, used 0K [0x00000000d6100000, 0x00000000d8b00000, 0x0000000100000000)
  eden space 32768K, 0% used [0x00000000d6100000,0x00000000d6100000,0x00000000d8100000)
  from space 5120K, 0% used [0x00000000d8100000,0x00000000d8100000,0x00000000d8600000)
  to   space 5120K, 0% used [0x00000000d8600000,0x00000000d8600000,0x00000000d8b00000)
 ParOldGen       total 61952K, used 9876K [0x0000000082200000, 0x0000000085e80000, 0x00000000d6100000)
  object space 61952K, 15% used [0x0000000082200000,0x0000000082ba5280,0x0000000085e80000)
 Metaspace       used 20540K, capacity 21242K, committed 21296K, reserved 1067008K
  class space    used 3028K, capacity 3194K, committed 3200K, reserved 1048576K
}
Event: 4.795 GC heap before
{Heap before GC invocations=5 (full 1):
 PSYoungGen      total 37888K, used 32768K [0x00000000d6100000, 0x00000000d8b00000, 0x0000000100000000)
  eden space 32768K, 100% used [0x00000000d6100000,0x00000000d8100000,0x00000000d8100000)
  from space 5120K, 0% used [0x00000000d8100000,0x00000000d8100000,0x00000000d8600000)
  to   space 5120K, 0% used [0x00000000d8600000,0x00000000d8600000,0x00000000d8b00000)
 ParOldGen       total 61952K, used 9876K [0x0000000082200000, 0x0000000085e80000, 0x00000000d6100000)
  object space 61952K, 15% used [0x0000000082200000,0x0000000082ba5280,0x0000000085e80000)
 Metaspace       used 26035K, capacity 26764K, committed 27008K, reserved 1073152K
  class space    used 3754K, capacity 3901K, committed 3968K, reserved 1048576K
Event: 4.798 GC heap after
Heap after GC invocations=5 (full 1):
 PSYoungGen      total 37888K, used 5095K [0x00000000d6100000, 0x00000000d9c00000, 0x0000000100000000)
  eden space 32768K, 0% used [0x00000000d6100000,0x00000000d6100000,0x00000000d8100000)
  from space 5120K, 99% used [0x00000000d8600000,0x00000000d8af9ee0,0x00000000d8b00000)
  to   space 5120K, 0% used [0x00000000d8100000,0x00000000d8100000,0x00000000d8600000)
 ParOldGen       total 61952K, used 9948K [0x0000000082200000, 0x0000000085e80000, 0x00000000d6100000)
  object space 61952K, 16% used [0x0000000082200000,0x0000000082bb7290,0x0000000085e80000)
 Metaspace       used 26035K, capacity 26764K, committed 27008K, reserved 1073152K
  class space    used 3754K, capacity 3901K, committed 3968K, reserved 1048576K
}
Event: 5.705 GC heap before
{Heap before GC invocations=6 (full 1):
 PSYoungGen      total 37888K, used 37863K [0x00000000d6100000, 0x00000000d9c00000, 0x0000000100000000)
  eden space 32768K, 100% used [0x00000000d6100000,0x00000000d8100000,0x00000000d8100000)
  from space 5120K, 99% used [0x00000000d8600000,0x00000000d8af9ee0,0x00000000d8b00000)
  to   space 5120K, 0% used [0x00000000d8100000,0x00000000d8100000,0x00000000d8600000)
 ParOldGen       total 61952K, used 9948K [0x0000000082200000, 0x0000000085e80000, 0x00000000d6100000)
  object space 61952K, 16% used [0x0000000082200000,0x0000000082bb7290,0x0000000085e80000)
 Metaspace       used 31331K, capacity 32064K, committed 32512K, reserved 1077248K
  class space    used 4353K, capacity 4523K, committed 4608K, reserved 1048576K
Event: 5.710 GC heap after
Heap after GC invocations=6 (full 1):
 PSYoungGen      total 37888K, used 5094K [0x00000000d6100000, 0x00000000da580000, 0x0000000100000000)
  eden space 32768K, 0% used [0x00000000d6100000,0x00000000d6100000,0x00000000d8100000)
  from space 5120K, 99% used [0x00000000d8100000,0x00000000d85f9910,0x00000000d8600000)
  to   space 10240K, 0% used [0x00000000d9b80000,0x00000000d9b80000,0x00000000da580000)
 ParOldGen       total 61952K, used 12709K [0x0000000082200000, 0x0000000085e80000, 0x00000000d6100000)
  object space 61952K, 20% used [0x0000000082200000,0x0000000082e69670,0x0000000085e80000)
 Metaspace       used 31331K, capacity 32064K, committed 32512K, reserved 1077248K
  class space    used 4353K, capacity 4523K, committed 4608K, reserved 1048576K
}
Event: 6.046 GC heap before
{Heap before GC invocations=7 (full 1):
 PSYoungGen      total 37888K, used 33757K [0x00000000d6100000, 0x00000000da580000, 0x0000000100000000)
  eden space 32768K, 87% used [0x00000000d6100000,0x00000000d7cfdb70,0x00000000d8100000)
  from space 5120K, 99% used [0x00000000d8100000,0x00000000d85f9910,0x00000000d8600000)
  to   space 10240K, 0% used [0x00000000d9b80000,0x00000000d9b80000,0x00000000da580000)
 ParOldGen       total 61952K, used 12709K [0x0000000082200000, 0x0000000085e80000, 0x00000000d6100000)
  object space 61952K, 20% used [0x0000000082200000,0x0000000082e69670,0x0000000085e80000)
 Metaspace       used 34524K, capacity 35292K, committed 35456K, reserved 1079296K
  class space    used 4769K, capacity 4949K, committed 4992K, reserved 1048576K
Event: 6.053 GC heap after
Heap after GC invocations=7 (full 1):
 PSYoungGen      total 59392K, used 8615K [0x00000000d6100000, 0x00000000da980000, 0x0000000100000000)
  eden space 49152K, 0% used [0x00000000d6100000,0x00000000d6100000,0x00000000d9100000)
  from space 10240K, 84% used [0x00000000d9b80000,0x00000000da3e9e70,0x00000000da580000)
  to   space 10752K, 0% used [0x00000000d9100000,0x00000000d9100000,0x00000000d9b80000)
 ParOldGen       total 61952K, used 12717K [0x0000000082200000, 0x0000000085e80000, 0x00000000d6100000)
  object space 61952K, 20% used [0x0000000082200000,0x0000000082e6b670,0x0000000085e80000)
 Metaspace       used 34524K, capacity 35292K, committed 35456K, reserved 1079296K
  class space    used 4769K, capacity 4949K, committed 4992K, reserved 1048576K
}
Event: 6.053 GC heap before
{Heap before GC invocations=8 (full 2):
 PSYoungGen      total 59392K, used 8615K [0x00000000d6100000, 0x00000000da980000, 0x0000000100000000)
  eden space 49152K, 0% used [0x00000000d6100000,0x00000000d6100000,0x00000000d9100000)
  from space 10240K, 84% used [0x00000000d9b80000,0x00000000da3e9e70,0x00000000da580000)
  to   space 10752K, 0% used [0x00000000d9100000,0x00000000d9100000,0x00000000d9b80000)
 ParOldGen       total 61952K, used 12717K [0x0000000082200000, 0x0000000085e80000, 0x00000000d6100000)
  object space 61952K, 20% used [0x0000000082200000,0x0000000082e6b670,0x0000000085e80000)
 Metaspace       used 34524K, capacity 35292K, committed 35456K, reserved 1079296K
  class space    used 4769K, capacity 4949K, committed 4992K, reserved 1048576K
Event: 6.095 GC heap after
Heap after GC invocations=8 (full 2):
 PSYoungGen      total 59392K, used 0K [0x00000000d6100000, 0x00000000da980000, 0x0000000100000000)
  eden space 49152K, 0% used [0x00000000d6100000,0x00000000d6100000,0x00000000d9100000)
  from space 10240K, 0% used [0x00000000d9b80000,0x00000000d9b80000,0x00000000da580000)
  to   space 10752K, 0% used [0x00000000d9100000,0x00000000d9100000,0x00000000d9b80000)
 ParOldGen       total 96256K, used 17181K [0x0000000082200000, 0x0000000088000000, 0x00000000d6100000)
  object space 96256K, 17% used [0x0000000082200000,0x00000000832c7710,0x0000000088000000)
 Metaspace       used 34524K, capacity 35292K, committed 35456K, reserved 1079296K
  class space    used 4769K, capacity 4949K, committed 4992K, reserved 1048576K
}

