# JRE version: Java(TM) SE Runtime Environment (8.0_191-b12) (build 1.8.0_191-b12)
# Java VM: Java HotSpot(TM) 64-Bit Server VM (25.191-b12 mixed mode windows-amd64 compressed oops)
Heap:
 PSYoungGen      total 267264K, used 141525K [0x00000000d6100000, 0x00000000e7b80000, 0x0000000100000000)
  eden space 255488K, 52% used [0x00000000d6100000,0x00000000de448748,0x00000000e5a80000)
  from space 11776K, 60% used [0x00000000e7000000,0x00000000e76ecea0,0x00000000e7b80000)
  to   space 16896K, 0% used [0x00000000e5a80000,0x00000000e5a80000,0x00000000e6b00000)
 ParOldGen       total 101376K, used 38420K [0x0000000082200000, 0x0000000088500000, 0x00000000d6100000)
  object space 101376K, 37% used [0x0000000082200000,0x00000000847851c8,0x0000000088500000)
 Metaspace       used 48852K, capacity 50694K, committed 50944K, reserved 1093632K
  class space    used 6475K, capacity 6815K, committed 6912K, reserved 1048576K
GC Heap History (10 events):
Event: 26.061 GC heap before
{Heap before GC invocations=10 (full 1):
 PSYoungGen      total 133632K, used 124007K [0x00000000d6100000, 0x00000000def00000, 0x0000000100000000)
  eden space 123904K, 99% used [0x00000000d6100000,0x00000000dd9f9cc0,0x00000000dda00000)
  from space 9728K, 1% used [0x00000000de400000,0x00000000de420000,0x00000000ded80000)
  to   space 10240K, 0% used [0x00000000dda00000,0x00000000dda00000,0x00000000de400000)
 ParOldGen       total 70144K, used 32793K [0x0000000082200000, 0x0000000086680000, 0x00000000d6100000)
  object space 70144K, 46% used [0x0000000082200000,0x00000000842065b8,0x0000000086680000)
 Metaspace       used 26163K, capacity 27578K, committed 27776K, reserved 1073152K
  class space    used 3538K, capacity 3841K, committed 3968K, reserved 1048576K
Event: 26.068 GC heap after
Heap after GC invocations=10 (full 1):
 PSYoungGen      total 134144K, used 10230K [0x00000000d6100000, 0x00000000e2a80000, 0x0000000100000000)
  eden space 123904K, 0% used [0x00000000d6100000,0x00000000d6100000,0x00000000dda00000)
  from space 10240K, 99% used [0x00000000dda00000,0x00000000de3fdba0,0x00000000de400000)
  to   space 12800K, 0% used [0x00000000e1e00000,0x00000000e1e00000,0x00000000e2a80000)
 ParOldGen       total 70144K, used 34905K [0x0000000082200000, 0x0000000086680000, 0x00000000d6100000)
  object space 70144K, 49% used [0x0000000082200000,0x00000000844165a8,0x0000000086680000)
 Metaspace       used 26163K, capacity 27578K, committed 27776K, reserved 1073152K
  class space    used 3538K, capacity 3841K, committed 3968K, reserved 1048576K
}
Event: 26.517 GC heap before
{Heap before GC invocations=11 (full 1):
 PSYoungGen      total 134144K, used 58959K [0x00000000d6100000, 0x00000000e2a80000, 0x0000000100000000)
  eden space 123904K, 39% used [0x00000000d6100000,0x00000000d90961f0,0x00000000dda00000)
  from space 10240K, 99% used [0x00000000dda00000,0x00000000de3fdba0,0x00000000de400000)
  to   space 12800K, 0% used [0x00000000e1e00000,0x00000000e1e00000,0x00000000e2a80000)
 ParOldGen       total 70144K, used 34905K [0x0000000082200000, 0x0000000086680000, 0x00000000d6100000)
  object space 70144K, 49% used [0x0000000082200000,0x00000000844165a8,0x0000000086680000)
 Metaspace       used 33751K, capacity 35184K, committed 35416K, reserved 1079296K
  class space    used 4706K, capacity 5002K, committed 5120K, reserved 1048576K
Event: 26.524 GC heap after
Heap after GC invocations=11 (full 1):
 PSYoungGen      total 189952K, used 12776K [0x00000000d6100000, 0x00000000e2b00000, 0x0000000100000000)
  eden space 177152K, 0% used [0x00000000d6100000,0x00000000d6100000,0x00000000e0e00000)
  from space 12800K, 99% used [0x00000000e1e00000,0x00000000e2a7a1a0,0x00000000e2a80000)
  to   space 14848K, 0% used [0x00000000e0e00000,0x00000000e0e00000,0x00000000e1c80000)
 ParOldGen       total 70144K, used 36400K [0x0000000082200000, 0x0000000086680000, 0x00000000d6100000)
  object space 70144K, 51% used [0x0000000082200000,0x000000008458c398,0x0000000086680000)
 Metaspace       used 33751K, capacity 35184K, committed 35416K, reserved 1079296K
  class space    used 4706K, capacity 5002K, committed 5120K, reserved 1048576K
}
Event: 26.524 GC heap before
{Heap before GC invocations=12 (full 2):
 PSYoungGen      total 189952K, used 12776K [0x00000000d6100000, 0x00000000e2b00000, 0x0000000100000000)
  eden space 177152K, 0% used [0x00000000d6100000,0x00000000d6100000,0x00000000e0e00000)
  from space 12800K, 99% used [0x00000000e1e00000,0x00000000e2a7a1a0,0x00000000e2a80000)
  to   space 14848K, 0% used [0x00000000e0e00000,0x00000000e0e00000,0x00000000e1c80000)
 ParOldGen       total 70144K, used 36400K [0x0000000082200000, 0x0000000086680000, 0x00000000d6100000)
  object space 70144K, 51% used [0x0000000082200000,0x000000008458c398,0x0000000086680000)
 Metaspace       used 33751K, capacity 35184K, committed 35416K, reserved 1079296K
  class space    used 4706K, capacity 5002K, committed 5120K, reserved 1048576K
Event: 26.566 GC heap after
Heap after GC invocations=12 (full 2):
 PSYoungGen      total 189952K, used 0K [0x00000000d6100000, 0x00000000e2b00000, 0x0000000100000000)
  eden space 177152K, 0% used [0x00000000d6100000,0x00000000d6100000,0x00000000e0e00000)
  from space 12800K, 0% used [0x00000000e1e00000,0x00000000e1e00000,0x00000000e2a80000)
  to   space 14848K, 0% used [0x00000000e0e00000,0x00000000e0e00000,0x00000000e1c80000)
 ParOldGen       total 101376K, used 29609K [0x0000000082200000, 0x0000000088500000, 0x00000000d6100000)
  object space 101376K, 29% used [0x0000000082200000,0x0000000083eea5e8,0x0000000088500000)
 Metaspace       used 33751K, capacity 35184K, committed 35416K, reserved 1079296K
  class space    used 4706K, capacity 5002K, committed 5120K, reserved 1048576K
}
Event: 44.588 GC heap before
{Heap before GC invocations=13 (full 2):
 PSYoungGen      total 189952K, used 177152K [0x00000000d6100000, 0x00000000e2b00000, 0x0000000100000000)
  eden space 177152K, 100% used [0x00000000d6100000,0x00000000e0e00000,0x00000000e0e00000)
  from space 12800K, 0% used [0x00000000e1e00000,0x00000000e1e00000,0x00000000e2a80000)
  to   space 14848K, 0% used [0x00000000e0e00000,0x00000000e0e00000,0x00000000e1c80000)
 ParOldGen       total 101376K, used 29609K [0x0000000082200000, 0x0000000088500000, 0x00000000d6100000)
  object space 101376K, 29% used [0x0000000082200000,0x0000000083eea5e8,0x0000000088500000)
 Metaspace       used 46357K, capacity 47904K, committed 48256K, reserved 1091584K
  class space    used 6170K, capacity 6494K, committed 6528K, reserved 1048576K
Event: 44.605 GC heap after
Heap after GC invocations=13 (full 2):
 PSYoungGen      total 192000K, used 14841K [0x00000000d6100000, 0x00000000e8100000, 0x0000000100000000)
  eden space 177152K, 0% used [0x00000000d6100000,0x00000000d6100000,0x00000000e0e00000)
  from space 14848K, 99% used [0x00000000e0e00000,0x00000000e1c7e738,0x00000000e1c80000)
  to   space 17408K, 0% used [0x00000000e7000000,0x00000000e7000000,0x00000000e8100000)
 ParOldGen       total 101376K, used 30602K [0x0000000082200000, 0x0000000088500000, 0x00000000d6100000)
  object space 101376K, 30% used [0x0000000082200000,0x0000000083fe29f8,0x0000000088500000)
 Metaspace       used 46357K, capacity 47904K, committed 48256K, reserved 1091584K
  class space    used 6170K, capacity 6494K, committed 6528K, reserved 1048576K
}
Event: 45.887 GC heap before
{Heap before GC invocations=14 (full 2):
 PSYoungGen      total 192000K, used 191993K [0x00000000d6100000, 0x00000000e8100000, 0x0000000100000000)
  eden space 177152K, 100% used [0x00000000d6100000,0x00000000e0e00000,0x00000000e0e00000)
  from space 14848K, 99% used [0x00000000e0e00000,0x00000000e1c7e738,0x00000000e1c80000)
  to   space 17408K, 0% used [0x00000000e7000000,0x00000000e7000000,0x00000000e8100000)
 ParOldGen       total 101376K, used 30602K [0x0000000082200000, 0x0000000088500000, 0x00000000d6100000)
  object space 101376K, 30% used [0x0000000082200000,0x0000000083fe29f8,0x0000000088500000)
 Metaspace       used 47409K, capacity 49024K, committed 49152K, reserved 1091584K
  class space    used 6328K, capacity 6654K, committed 6656K, reserved 1048576K
Event: 45.898 GC heap after
Heap after GC invocations=14 (full 2):
 PSYoungGen      total 267264K, used 7091K [0x00000000d6100000, 0x00000000e7b80000, 0x0000000100000000)
  eden space 255488K, 0% used [0x00000000d6100000,0x00000000d6100000,0x00000000e5a80000)
  from space 11776K, 60% used [0x00000000e7000000,0x00000000e76ecea0,0x00000000e7b80000)
  to   space 16896K, 0% used [0x00000000e5a80000,0x00000000e5a80000,0x00000000e6b00000)
 ParOldGen       total 101376K, used 38420K [0x0000000082200000, 0x0000000088500000, 0x00000000d6100000)
  object space 101376K, 37% used [0x0000000082200000,0x00000000847851c8,0x0000000088500000)
 Metaspace       used 47409K, capacity 49024K, committed 49152K, reserved 1091584K
  class space    used 6328K, capacity 6654K, committed 6656K, reserved 1048576K
}

