# JRE version: Java(TM) SE Runtime Environment (8.0_241-b07) (build 1.8.0_241-b07)
# Java VM: Java HotSpot(TM) 64-Bit Server VM (25.241-b07 mixed mode windows-amd64 compressed oops)
Heap:
 PSYoungGen      total 301056K, used 47718K [0x00000000d6100000, 0x00000000ed700000, 0x0000000100000000)
  eden space 280064K, 15% used [0x00000000d6100000,0x00000000d8b9fd58,0x00000000e7280000)
  from space 20992K, 19% used [0x00000000e7280000,0x00000000e7679cf8,0x00000000e8700000)
  to   space 29696K, 0% used [0x00000000eba00000,0x00000000eba00000,0x00000000ed700000)
 ParOldGen       total 180736K, used 82418K [0x0000000082200000, 0x000000008d280000, 0x00000000d6100000)
  object space 180736K, 45% used [0x0000000082200000,0x000000008727c998,0x000000008d280000)
 Metaspace       used 53278K, capacity 55648K, committed 55808K, reserved 1097728K
  class space    used 7022K, capacity 7409K, committed 7424K, reserved 1048576K
GC Heap History (10 events):
Event: 37.458 GC heap before
{Heap before GC invocations=16 (full 2):
 PSYoungGen      total 177664K, used 177648K [0x00000000d6100000, 0x00000000e6980000, 0x0000000100000000)
  eden space 162816K, 100% used [0x00000000d6100000,0x00000000e0000000,0x00000000e0000000)
  from space 14848K, 99% used [0x00000000e0000000,0x00000000e0e7c070,0x00000000e0e80000)
  to   space 22016K, 0% used [0x00000000e5400000,0x00000000e5400000,0x00000000e6980000)
 ParOldGen       total 82432K, used 44410K [0x0000000082200000, 0x0000000087280000, 0x00000000d6100000)
  object space 82432K, 53% used [0x0000000082200000,0x0000000084d5e888,0x0000000087280000)
 Metaspace       used 47096K, capacity 48888K, committed 49152K, reserved 1091584K
  class space    used 6275K, capacity 6615K, committed 6656K, reserved 1048576K
Event: 37.471 GC heap after
Heap after GC invocations=16 (full 2):
 PSYoungGen      total 235520K, used 4802K [0x00000000d6100000, 0x00000000e6300000, 0x0000000100000000)
  eden space 220160K, 0% used [0x00000000d6100000,0x00000000d6100000,0x00000000e3800000)
  from space 15360K, 31% used [0x00000000e5400000,0x00000000e58b0920,0x00000000e6300000)
  to   space 22016K, 0% used [0x00000000e3800000,0x00000000e3800000,0x00000000e4d80000)
 ParOldGen       total 82432K, used 59243K [0x0000000082200000, 0x0000000087280000, 0x00000000d6100000)
  object space 82432K, 71% used [0x0000000082200000,0x0000000085bdad50,0x0000000087280000)
 Metaspace       used 47096K, capacity 48888K, committed 49152K, reserved 1091584K
  class space    used 6275K, capacity 6615K, committed 6656K, reserved 1048576K
}
Event: 40.897 GC heap before
{Heap before GC invocations=17 (full 2):
 PSYoungGen      total 235520K, used 224962K [0x00000000d6100000, 0x00000000e6300000, 0x0000000100000000)
  eden space 220160K, 100% used [0x00000000d6100000,0x00000000e3800000,0x00000000e3800000)
  from space 15360K, 31% used [0x00000000e5400000,0x00000000e58b0920,0x00000000e6300000)
  to   space 22016K, 0% used [0x00000000e3800000,0x00000000e3800000,0x00000000e4d80000)
 ParOldGen       total 82432K, used 59243K [0x0000000082200000, 0x0000000087280000, 0x00000000d6100000)
  object space 82432K, 71% used [0x0000000082200000,0x0000000085bdad50,0x0000000087280000)
 Metaspace       used 47217K, capacity 49112K, committed 49152K, reserved 1091584K
  class space    used 6279K, capacity 6647K, committed 6656K, reserved 1048576K
Event: 40.905 GC heap after
Heap after GC invocations=17 (full 2):
 PSYoungGen      total 242176K, used 6271K [0x00000000d6100000, 0x00000000ea580000, 0x0000000100000000)
  eden space 220160K, 0% used [0x00000000d6100000,0x00000000d6100000,0x00000000e3800000)
  from space 22016K, 28% used [0x00000000e3800000,0x00000000e3e1fcf0,0x00000000e4d80000)
  to   space 21504K, 0% used [0x00000000e9080000,0x00000000e9080000,0x00000000ea580000)
 ParOldGen       total 82432K, used 63594K [0x0000000082200000, 0x0000000087280000, 0x00000000d6100000)
  object space 82432K, 77% used [0x0000000082200000,0x000000008601a820,0x0000000087280000)
 Metaspace       used 47217K, capacity 49112K, committed 49152K, reserved 1091584K
  class space    used 6279K, capacity 6647K, committed 6656K, reserved 1048576K
}
Event: 62.441 GC heap before
{Heap before GC invocations=18 (full 2):
 PSYoungGen      total 242176K, used 226431K [0x00000000d6100000, 0x00000000ea580000, 0x0000000100000000)
  eden space 220160K, 100% used [0x00000000d6100000,0x00000000e3800000,0x00000000e3800000)
  from space 22016K, 28% used [0x00000000e3800000,0x00000000e3e1fcf0,0x00000000e4d80000)
  to   space 21504K, 0% used [0x00000000e9080000,0x00000000e9080000,0x00000000ea580000)
 ParOldGen       total 82432K, used 63594K [0x0000000082200000, 0x0000000087280000, 0x00000000d6100000)
  object space 82432K, 77% used [0x0000000082200000,0x000000008601a820,0x0000000087280000)
 Metaspace       used 48405K, capacity 50420K, committed 50688K, reserved 1093632K
  class space    used 6418K, capacity 6807K, committed 6912K, reserved 1048576K
Event: 62.446 GC heap after
Heap after GC invocations=18 (full 2):
 PSYoungGen      total 291328K, used 3986K [0x00000000d6100000, 0x00000000e9b80000, 0x0000000100000000)
  eden space 280064K, 0% used [0x00000000d6100000,0x00000000d6100000,0x00000000e7280000)
  from space 11264K, 35% used [0x00000000e9080000,0x00000000e9464920,0x00000000e9b80000)
  to   space 20992K, 0% used [0x00000000e7280000,0x00000000e7280000,0x00000000e8700000)
 ParOldGen       total 82432K, used 65006K [0x0000000082200000, 0x0000000087280000, 0x00000000d6100000)
  object space 82432K, 78% used [0x0000000082200000,0x000000008617bb28,0x0000000087280000)
 Metaspace       used 48405K, capacity 50420K, committed 50688K, reserved 1093632K
  class space    used 6418K, capacity 6807K, committed 6912K, reserved 1048576K
}
Event: 167.087 GC heap before
{Heap before GC invocations=19 (full 2):
 PSYoungGen      total 291328K, used 284050K [0x00000000d6100000, 0x00000000e9b80000, 0x0000000100000000)
  eden space 280064K, 100% used [0x00000000d6100000,0x00000000e7280000,0x00000000e7280000)
  from space 11264K, 35% used [0x00000000e9080000,0x00000000e9464920,0x00000000e9b80000)
  to   space 20992K, 0% used [0x00000000e7280000,0x00000000e7280000,0x00000000e8700000)
 ParOldGen       total 82432K, used 65006K [0x0000000082200000, 0x0000000087280000, 0x00000000d6100000)
  object space 82432K, 78% used [0x0000000082200000,0x000000008617bb28,0x0000000087280000)
 Metaspace       used 53135K, capacity 55514K, committed 55808K, reserved 1097728K
  class space    used 7019K, capacity 7408K, committed 7424K, reserved 1048576K
Event: 167.113 GC heap after
Heap after GC invocations=19 (full 2):
 PSYoungGen      total 301056K, used 20979K [0x00000000d6100000, 0x00000000ed700000, 0x0000000100000000)
  eden space 280064K, 0% used [0x00000000d6100000,0x00000000d6100000,0x00000000e7280000)
  from space 20992K, 99% used [0x00000000e7280000,0x00000000e86fcfa0,0x00000000e8700000)
  to   space 29696K, 0% used [0x00000000eba00000,0x00000000eba00000,0x00000000ed700000)
 ParOldGen       total 82432K, used 78986K [0x0000000082200000, 0x0000000087280000, 0x00000000d6100000)
  object space 82432K, 95% used [0x0000000082200000,0x0000000086f22ab0,0x0000000087280000)
 Metaspace       used 53135K, capacity 55514K, committed 55808K, reserved 1097728K
  class space    used 7019K, capacity 7408K, committed 7424K, reserved 1048576K
}
Event: 167.113 GC heap before
{Heap before GC invocations=20 (full 3):
 PSYoungGen      total 301056K, used 20979K [0x00000000d6100000, 0x00000000ed700000, 0x0000000100000000)
  eden space 280064K, 0% used [0x00000000d6100000,0x00000000d6100000,0x00000000e7280000)
  from space 20992K, 99% used [0x00000000e7280000,0x00000000e86fcfa0,0x00000000e8700000)
  to   space 29696K, 0% used [0x00000000eba00000,0x00000000eba00000,0x00000000ed700000)
 ParOldGen       total 82432K, used 78986K [0x0000000082200000, 0x0000000087280000, 0x00000000d6100000)
  object space 82432K, 95% used [0x0000000082200000,0x0000000086f22ab0,0x0000000087280000)
 Metaspace       used 53135K, capacity 55514K, committed 55808K, reserved 1097728K
  class space    used 7019K, capacity 7408K, committed 7424K, reserved 1048576K
Event: 167.378 GC heap after
Heap after GC invocations=20 (full 3):
 PSYoungGen      total 301056K, used 4071K [0x00000000d6100000, 0x00000000ed700000, 0x0000000100000000)
  eden space 280064K, 0% used [0x00000000d6100000,0x00000000d6100000,0x00000000e7280000)
  from space 20992K, 19% used [0x00000000e7280000,0x00000000e7679cf8,0x00000000e8700000)
  to   space 29696K, 0% used [0x00000000eba00000,0x00000000eba00000,0x00000000ed700000)
 ParOldGen       total 180736K, used 82418K [0x0000000082200000, 0x000000008d280000, 0x00000000d6100000)
  object space 180736K, 45% used [0x0000000082200000,0x000000008727c998,0x000000008d280000)
 Metaspace       used 53135K, capacity 55514K, committed 55808K, reserved 1097728K
  class space    used 7019K, capacity 7408K, committed 7424K, reserved 1048576K
}

