# JRE version: Java(TM) SE Runtime Environment (8.0_241-b07) (build 1.8.0_241-b07)
# Java VM: Java HotSpot(TM) 64-Bit Server VM (25.241-b07 mixed mode windows-amd64 compressed oops)
Heap:
 PSYoungGen      total 198144K, used 68375K [0x00000000d6100000, 0x00000000e4080000, 0x0000000100000000)
  eden space 172544K, 26% used [0x00000000d6100000,0x00000000d8e7b860,0x00000000e0980000)
  from space 25600K, 85% used [0x00000000e2680000,0x00000000e3bca550,0x00000000e3f80000)
  to   space 28160K, 0% used [0x00000000e0980000,0x00000000e0980000,0x00000000e2500000)
 ParOldGen       total 99328K, used 41374K [0x0000000082200000, 0x0000000088300000, 0x00000000d6100000)
  object space 99328K, 41% used [0x0000000082200000,0x0000000084a67a38,0x0000000088300000)
 Metaspace       used 51540K, capacity 53834K, committed 53976K, reserved 1095680K
  class space    used 6890K, capacity 7304K, committed 7424K, reserved 1048576K
GC Heap History (10 events):
Event: 36.797 GC heap before
{Heap before GC invocations=12 (full 2):
 PSYoungGen      total 83456K, used 83449K [0x00000000d6100000, 0x00000000dd080000, 0x0000000100000000)
  eden space 70656K, 100% used [0x00000000d6100000,0x00000000da600000,0x00000000da600000)
  from space 12800K, 99% used [0x00000000da600000,0x00000000db27e458,0x00000000db280000)
  to   space 14336K, 0% used [0x00000000dc280000,0x00000000dc280000,0x00000000dd080000)
 ParOldGen       total 99328K, used 17598K [0x0000000082200000, 0x0000000088300000, 0x00000000d6100000)
  object space 99328K, 17% used [0x0000000082200000,0x000000008332fa18,0x0000000088300000)
 Metaspace       used 43180K, capacity 44584K, committed 44760K, reserved 1087488K
  class space    used 5867K, capacity 6143K, committed 6144K, reserved 1048576K
Event: 36.805 GC heap after
Heap after GC invocations=12 (full 2):
 PSYoungGen      total 97792K, used 14211K [0x00000000d6100000, 0x00000000de400000, 0x0000000100000000)
  eden space 83456K, 0% used [0x00000000d6100000,0x00000000d6100000,0x00000000db280000)
  from space 14336K, 99% used [0x00000000dc280000,0x00000000dd060ff0,0x00000000dd080000)
  to   space 16384K, 0% used [0x00000000db280000,0x00000000db280000,0x00000000dc280000)
 ParOldGen       total 99328K, used 17606K [0x0000000082200000, 0x0000000088300000, 0x00000000d6100000)
  object space 99328K, 17% used [0x0000000082200000,0x0000000083331a18,0x0000000088300000)
 Metaspace       used 43180K, capacity 44584K, committed 44760K, reserved 1087488K
  class space    used 5867K, capacity 6143K, committed 6144K, reserved 1048576K
}
Event: 36.856 GC heap before
{Heap before GC invocations=13 (full 2):
 PSYoungGen      total 97792K, used 97667K [0x00000000d6100000, 0x00000000de400000, 0x0000000100000000)
  eden space 83456K, 100% used [0x00000000d6100000,0x00000000db280000,0x00000000db280000)
  from space 14336K, 99% used [0x00000000dc280000,0x00000000dd060ff0,0x00000000dd080000)
  to   space 16384K, 0% used [0x00000000db280000,0x00000000db280000,0x00000000dc280000)
 ParOldGen       total 99328K, used 17606K [0x0000000082200000, 0x0000000088300000, 0x00000000d6100000)
  object space 99328K, 17% used [0x0000000082200000,0x0000000083331a18,0x0000000088300000)
 Metaspace       used 43188K, capacity 44584K, committed 44760K, reserved 1087488K
  class space    used 5867K, capacity 6143K, committed 6144K, reserved 1048576K
Event: 36.864 GC heap after
Heap after GC invocations=13 (full 2):
 PSYoungGen      total 99840K, used 16355K [0x00000000d6100000, 0x00000000dff00000, 0x0000000100000000)
  eden space 83456K, 0% used [0x00000000d6100000,0x00000000d6100000,0x00000000db280000)
  from space 16384K, 99% used [0x00000000db280000,0x00000000dc278fb0,0x00000000dc280000)
  to   space 18432K, 0% used [0x00000000ded00000,0x00000000ded00000,0x00000000dff00000)
 ParOldGen       total 99328K, used 17934K [0x0000000082200000, 0x0000000088300000, 0x00000000d6100000)
  object space 99328K, 18% used [0x0000000082200000,0x0000000083383a18,0x0000000088300000)
 Metaspace       used 43188K, capacity 44584K, committed 44760K, reserved 1087488K
  class space    used 5867K, capacity 6143K, committed 6144K, reserved 1048576K
}
Event: 40.165 GC heap before
{Heap before GC invocations=14 (full 2):
 PSYoungGen      total 99840K, used 99811K [0x00000000d6100000, 0x00000000dff00000, 0x0000000100000000)
  eden space 83456K, 100% used [0x00000000d6100000,0x00000000db280000,0x00000000db280000)
  from space 16384K, 99% used [0x00000000db280000,0x00000000dc278fb0,0x00000000dc280000)
  to   space 18432K, 0% used [0x00000000ded00000,0x00000000ded00000,0x00000000dff00000)
 ParOldGen       total 99328K, used 17934K [0x0000000082200000, 0x0000000088300000, 0x00000000d6100000)
  object space 99328K, 18% used [0x0000000082200000,0x0000000083383a18,0x0000000088300000)
 Metaspace       used 45632K, capacity 47466K, committed 47576K, reserved 1089536K
  class space    used 6217K, capacity 6568K, committed 6656K, reserved 1048576K
Event: 40.181 GC heap after
Heap after GC invocations=14 (full 2):
 PSYoungGen      total 140288K, used 14814K [0x00000000d6100000, 0x00000000dfe80000, 0x0000000100000000)
  eden space 122368K, 0% used [0x00000000d6100000,0x00000000d6100000,0x00000000dd880000)
  from space 17920K, 82% used [0x00000000ded00000,0x00000000dfb77be0,0x00000000dfe80000)
  to   space 19456K, 0% used [0x00000000dd880000,0x00000000dd880000,0x00000000deb80000)
 ParOldGen       total 99328K, used 25420K [0x0000000082200000, 0x0000000088300000, 0x00000000d6100000)
  object space 99328K, 25% used [0x0000000082200000,0x0000000083ad3348,0x0000000088300000)
 Metaspace       used 45632K, capacity 47466K, committed 47576K, reserved 1089536K
  class space    used 6217K, capacity 6568K, committed 6656K, reserved 1048576K
}
Event: 42.241 GC heap before
{Heap before GC invocations=15 (full 2):
 PSYoungGen      total 140288K, used 137182K [0x00000000d6100000, 0x00000000dfe80000, 0x0000000100000000)
  eden space 122368K, 100% used [0x00000000d6100000,0x00000000dd880000,0x00000000dd880000)
  from space 17920K, 82% used [0x00000000ded00000,0x00000000dfb77be0,0x00000000dfe80000)
  to   space 19456K, 0% used [0x00000000dd880000,0x00000000dd880000,0x00000000deb80000)
 ParOldGen       total 99328K, used 25420K [0x0000000082200000, 0x0000000088300000, 0x00000000d6100000)
  object space 99328K, 25% used [0x0000000082200000,0x0000000083ad3348,0x0000000088300000)
 Metaspace       used 46418K, capacity 48262K, committed 48344K, reserved 1091584K
  class space    used 6257K, capacity 6614K, committed 6656K, reserved 1048576K
Event: 42.260 GC heap after
Heap after GC invocations=15 (full 2):
 PSYoungGen      total 141824K, used 19433K [0x00000000d6100000, 0x00000000e3f80000, 0x0000000100000000)
  eden space 122368K, 0% used [0x00000000d6100000,0x00000000d6100000,0x00000000dd880000)
  from space 19456K, 99% used [0x00000000dd880000,0x00000000deb7a490,0x00000000deb80000)
  to   space 25600K, 0% used [0x00000000e2680000,0x00000000e2680000,0x00000000e3f80000)
 ParOldGen       total 99328K, used 34859K [0x0000000082200000, 0x0000000088300000, 0x00000000d6100000)
  object space 99328K, 35% used [0x0000000082200000,0x000000008440af08,0x0000000088300000)
 Metaspace       used 46418K, capacity 48262K, committed 48344K, reserved 1091584K
  class space    used 6257K, capacity 6614K, committed 6656K, reserved 1048576K
}
Event: 356.037 GC heap before
{Heap before GC invocations=16 (full 2):
 PSYoungGen      total 141824K, used 141801K [0x00000000d6100000, 0x00000000e3f80000, 0x0000000100000000)
  eden space 122368K, 100% used [0x00000000d6100000,0x00000000dd880000,0x00000000dd880000)
  from space 19456K, 99% used [0x00000000dd880000,0x00000000deb7a490,0x00000000deb80000)
  to   space 25600K, 0% used [0x00000000e2680000,0x00000000e2680000,0x00000000e3f80000)
 ParOldGen       total 99328K, used 34859K [0x0000000082200000, 0x0000000088300000, 0x00000000d6100000)
  object space 99328K, 35% used [0x0000000082200000,0x000000008440af08,0x0000000088300000)
 Metaspace       used 49481K, capacity 51538K, committed 51800K, reserved 1093632K
  class space    used 6588K, capacity 6968K, committed 7040K, reserved 1048576K
Event: 356.054 GC heap after
Heap after GC invocations=16 (full 2):
 PSYoungGen      total 198144K, used 21801K [0x00000000d6100000, 0x00000000e4080000, 0x0000000100000000)
  eden space 172544K, 0% used [0x00000000d6100000,0x00000000d6100000,0x00000000e0980000)
  from space 25600K, 85% used [0x00000000e2680000,0x00000000e3bca550,0x00000000e3f80000)
  to   space 28160K, 0% used [0x00000000e0980000,0x00000000e0980000,0x00000000e2500000)
 ParOldGen       total 99328K, used 41374K [0x0000000082200000, 0x0000000088300000, 0x00000000d6100000)
  object space 99328K, 41% used [0x0000000082200000,0x0000000084a67a38,0x0000000088300000)
 Metaspace       used 49481K, capacity 51538K, committed 51800K, reserved 1093632K
  class space    used 6588K, capacity 6968K, committed 7040K, reserved 1048576K
}

